#
# There is insufficient memory for the Java Runtime Environment to continue.
# Native memory allocation (malloc) failed to allocate 94176 bytes for Chunk::new
# Possible reasons:
#   The system is out of physical RAM or swap space
#   The process is running with CompressedOops enabled, and the Java Heap may be blocking the growth of the native heap
# Possible solutions:
#   Reduce memory load on the system
#   Increase physical memory or swap space
#   Check if swap backing store is full
#   Decrease Java heap size (-Xmx/-Xms)
#   Decrease number of Java threads
#   Decrease Java thread stack sizes (-Xss)
#   Set larger code cache with -XX:ReservedCodeCacheSize=
#   JVM is running with Zero Based Compressed Oops mode in which the Java heap is
#     placed in the first 32GB address space. The Java Heap base address is the
#     maximum limit for the native heap growth. Please use -XX:HeapBaseMinAddress
#     to set the Java Heap base and to place the Java Heap above 32GB virtual address.
# This output file may be truncated or incomplete.
#
#  Out of Memory Error (arena.cpp:184), pid=19668, tid=23568
#
# JRE version: Java(TM) SE Runtime Environment (19.0.2+7) (build 19.0.2+7-44)
# Java VM: Java HotSpot(TM) 64-Bit Server VM (19.0.2+7-44, mixed mode, sharing, tiered, compressed oops, compressed class ptrs, g1 gc, windows-amd64)
# No core dump will be written. Minidumps are not enabled by default on client versions of Windows
#

---------------  S U M M A R Y ------------

Command Line: -Dfile.encoding=UTF-8 --module-path=C:\Users\Ajinkya\OneDrive\Documents\NetBeansProjects\bank management system\build\classes bank.management.system.Login

Host: Intel(R) Core(TM) i5-8265U CPU @ 1.60GHz, 8 cores, 11G,  Windows 11 , 64 bit Build 22621 (10.0.22621.1194)
Time: Mon Mar  6 12:54:15 2023 India Standard Time elapsed time: 2848.841156 seconds (0d 0h 47m 28s)

---------------  T H R E A D  ---------------

Current thread (0x0000029f362ba290):  JavaThread "C2 CompilerThread0" daemon [_thread_in_native, id=23568, stack(0x000000dd20800000,0x000000dd20900000)]


Current CompileTask:
C2:2848841 1315       4       java.util.HashMap$HashIterator::nextNode (100 bytes)

Stack: [0x000000dd20800000,0x000000dd20900000]
Native frames: (J=compiled Java code, j=interpreted, Vv=VM code, C=native code)
V  [jvm.dll+0x6ee21a]
V  [jvm.dll+0x85765e]
V  [jvm.dll+0x85904e]
V  [jvm.dll+0x859703]
V  [jvm.dll+0x28298f]
V  [jvm.dll+0xc9adf]
V  [jvm.dll+0xc9e65]
V  [jvm.dll+0x3bca4c]
V  [jvm.dll+0x3860e1]
V  [jvm.dll+0x38555a]
V  [jvm.dll+0x24c3d9]
V  [jvm.dll+0x24b781]
V  [jvm.dll+0x1d6ce1]
V  [jvm.dll+0x25b25a]
V  [jvm.dll+0x2596e8]
V  [jvm.dll+0x807588]
V  [jvm.dll+0x80125a]
V  [jvm.dll+0x6ecf0b]
C  [ucrtbase.dll+0x29363]
C  [KERNEL32.DLL+0x126bd]
C  [ntdll.dll+0x5dfb8]


---------------  P R O C E S S  ---------------

Threads class SMR info:
_java_thread_list=0x0000029f3b4cc0d0, length=17, elements={
0x0000029f362abd20, 0x0000029f362b0a00, 0x0000029f362b3340, 0x0000029f362b3c70,
0x0000029f362b6750, 0x0000029f362b7220, 0x0000029f362ba290, 0x0000029f362bb280,
0x0000029f362bcc00, 0x0000029f362843a0, 0x0000029f3a65b8e0, 0x0000029f3a7ceae0,
0x0000029f3a7d1ae0, 0x0000029f3a7d4ae0, 0x0000029f3a8b3680, 0x0000029f154f6c90,
0x0000029f3bb926c0
}

Java Threads: ( => current thread )
  0x0000029f362abd20 JavaThread "Reference Handler" daemon [_thread_blocked, id=22384, stack(0x000000dd20200000,0x000000dd20300000)]
  0x0000029f362b0a00 JavaThread "Finalizer" daemon [_thread_blocked, id=22880, stack(0x000000dd20300000,0x000000dd20400000)]
  0x0000029f362b3340 JavaThread "Signal Dispatcher" daemon [_thread_blocked, id=23236, stack(0x000000dd20400000,0x000000dd20500000)]
  0x0000029f362b3c70 JavaThread "Attach Listener" daemon [_thread_blocked, id=23556, stack(0x000000dd20500000,0x000000dd20600000)]
  0x0000029f362b6750 JavaThread "Service Thread" daemon [_thread_blocked, id=23560, stack(0x000000dd20600000,0x000000dd20700000)]
  0x0000029f362b7220 JavaThread "Monitor Deflation Thread" daemon [_thread_blocked, id=23564, stack(0x000000dd20700000,0x000000dd20800000)]
=>0x0000029f362ba290 JavaThread "C2 CompilerThread0" daemon [_thread_in_native, id=23568, stack(0x000000dd20800000,0x000000dd20900000)]
  0x0000029f362bb280 JavaThread "C1 CompilerThread0" daemon [_thread_blocked, id=23572, stack(0x000000dd20900000,0x000000dd20a00000)]
  0x0000029f362bcc00 JavaThread "Sweeper thread" daemon [_thread_blocked, id=23576, stack(0x000000dd20a00000,0x000000dd20b00000)]
  0x0000029f362843a0 JavaThread "Common-Cleaner" daemon [_thread_blocked, id=23604, stack(0x000000dd20b00000,0x000000dd20c00000)]
  0x0000029f3a65b8e0 JavaThread "Notification Thread" daemon [_thread_blocked, id=23616, stack(0x000000dd20c00000,0x000000dd20d00000)]
  0x0000029f3a7ceae0 JavaThread "Java2D Disposer" daemon [_thread_blocked, id=23664, stack(0x000000dd20e00000,0x000000dd20f00000)]
  0x0000029f3a7d1ae0 JavaThread "AWT-Shutdown" [_thread_blocked, id=23668, stack(0x000000dd20f00000,0x000000dd21000000)]
  0x0000029f3a7d4ae0 JavaThread "AWT-Windows" daemon [_thread_in_native, id=23672, stack(0x000000dd21000000,0x000000dd21100000)]
  0x0000029f3a8b3680 JavaThread "AWT-EventQueue-0" [_thread_blocked, id=23712, stack(0x000000dd21300000,0x000000dd21400000)]
  0x0000029f154f6c90 JavaThread "DestroyJavaVM" [_thread_blocked, id=21672, stack(0x000000dd1fb00000,0x000000dd1fc00000)]
  0x0000029f3bb926c0 JavaThread "TimerQueue" daemon [_thread_blocked, id=23808, stack(0x000000dd21700000,0x000000dd21800000)]

Other Threads:
  0x0000029f362988f0 VMThread "VM Thread" [stack: 0x000000dd20100000,0x000000dd20200000] [id=20296]
  0x0000029f3a65be20 WatcherThread "VM Periodic Task Thread" [stack: 0x000000dd20d00000,0x000000dd20e00000] [id=23620]
  0x0000029f155550e0 WorkerThread "GC Thread#0" [stack: 0x000000dd1fc00000,0x000000dd1fd00000] [id=23296]
  0x0000029f15561e50 ConcurrentGCThread "G1 Main Marker" [stack: 0x000000dd1fd00000,0x000000dd1fe00000] [id=23308]
  0x0000029f15562880 WorkerThread "G1 Conc#0" [stack: 0x000000dd1fe00000,0x000000dd1ff00000] [id=20208]
  0x0000029f155be960 ConcurrentGCThread "G1 Refine#0" [stack: 0x000000dd1ff00000,0x000000dd20000000] [id=15308]
  0x0000029f36154610 ConcurrentGCThread "G1 Service" [stack: 0x000000dd20000000,0x000000dd20100000] [id=5496]

Threads with active compile tasks:
C2 CompilerThread0  2848903 1315       4       java.util.HashMap$HashIterator::nextNode (100 bytes)

VM state: not at safepoint (normal execution)

VM Mutex/Monitor currently owned by a thread: None

Heap address: 0x0000000741e00000, size: 3042 MB, Compressed Oops mode: Zero based, Oop shift amount: 3

CDS archive(s) mapped at: [0x0000000800000000-0x0000000800c40000-0x0000000800c40000), size 12845056, SharedBaseAddress: 0x0000000800000000, ArchiveRelocationMode: 0.
Compressed class space mapped at: 0x0000000801000000-0x0000000841000000, reserved size: 1073741824
Narrow klass base: 0x0000000800000000, Narrow klass shift: 0, Narrow klass range: 0x100000000

GC Precious Log:
 CardTable entry size: 512
 Card Set container configuration: InlinePtr #cards 4 size 8 Array Of Cards #cards 16 size 48 Howl #buckets 8 coarsen threshold 3686 Howl Bitmap #cards 512 size 80 coarsen threshold 460 Card regions per heap region 1 cards per card region 4096
 CPUs: 8 total, 8 available
 Memory: 12166M
 Large Page Support: Disabled
 NUMA Support: Disabled
 Compressed Oops: Enabled (Zero based)
 Heap Region Size: 2M
 Heap Min Capacity: 8M
 Heap Initial Capacity: 192M
 Heap Max Capacity: 3042M
 Pre-touch: Disabled
 Parallel Workers: 8
 Concurrent Workers: 2
 Concurrent Refinement Workers: 8
 Periodic GC: Disabled

Heap:
 garbage-first heap   total 196608K, used 22528K [0x0000000741e00000, 0x0000000800000000)
  region size 2048K, 10 young (20480K), 0 survivors (0K)
 Metaspace       used 8339K, committed 8576K, reserved 1114112K
  class space    used 885K, committed 1024K, reserved 1048576K

Heap Regions: E=young(eden), S=young(survivor), O=old, HS=humongous(starts), HC=humongous(continues), CS=collection set, F=free, OA=open archive, CA=closed archive, TAMS=top-at-mark-start (previous, next)
|   0|0x0000000741e00000, 0x0000000742000000, 0x0000000742000000|100%|HS|  |TAMS 0x0000000741e00000, 0x0000000741e00000| Complete 
|   1|0x0000000742000000, 0x0000000742200000, 0x0000000742200000|100%|HC|  |TAMS 0x0000000742000000, 0x0000000742000000| Complete 
|   2|0x0000000742200000, 0x0000000742200000, 0x0000000742400000|  0%| F|  |TAMS 0x0000000742200000, 0x0000000742200000| Untracked 
|   3|0x0000000742400000, 0x0000000742400000, 0x0000000742600000|  0%| F|  |TAMS 0x0000000742400000, 0x0000000742400000| Untracked 
|   4|0x0000000742600000, 0x0000000742600000, 0x0000000742800000|  0%| F|  |TAMS 0x0000000742600000, 0x0000000742600000| Untracked 
|   5|0x0000000742800000, 0x0000000742800000, 0x0000000742a00000|  0%| F|  |TAMS 0x0000000742800000, 0x0000000742800000| Untracked 
|   6|0x0000000742a00000, 0x0000000742a00000, 0x0000000742c00000|  0%| F|  |TAMS 0x0000000742a00000, 0x0000000742a00000| Untracked 
|   7|0x0000000742c00000, 0x0000000742c00000, 0x0000000742e00000|  0%| F|  |TAMS 0x0000000742c00000, 0x0000000742c00000| Untracked 
|   8|0x0000000742e00000, 0x0000000742e00000, 0x0000000743000000|  0%| F|  |TAMS 0x0000000742e00000, 0x0000000742e00000| Untracked 
|   9|0x0000000743000000, 0x0000000743000000, 0x0000000743200000|  0%| F|  |TAMS 0x0000000743000000, 0x0000000743000000| Untracked 
|  10|0x0000000743200000, 0x0000000743200000, 0x0000000743400000|  0%| F|  |TAMS 0x0000000743200000, 0x0000000743200000| Untracked 
|  11|0x0000000743400000, 0x0000000743400000, 0x0000000743600000|  0%| F|  |TAMS 0x0000000743400000, 0x0000000743400000| Untracked 
|  12|0x0000000743600000, 0x0000000743600000, 0x0000000743800000|  0%| F|  |TAMS 0x0000000743600000, 0x0000000743600000| Untracked 
|  13|0x0000000743800000, 0x0000000743800000, 0x0000000743a00000|  0%| F|  |TAMS 0x0000000743800000, 0x0000000743800000| Untracked 
|  14|0x0000000743a00000, 0x0000000743a00000, 0x0000000743c00000|  0%| F|  |TAMS 0x0000000743a00000, 0x0000000743a00000| Untracked 
|  15|0x0000000743c00000, 0x0000000743c00000, 0x0000000743e00000|  0%| F|  |TAMS 0x0000000743c00000, 0x0000000743c00000| Untracked 
|  16|0x0000000743e00000, 0x0000000743e00000, 0x0000000744000000|  0%| F|  |TAMS 0x0000000743e00000, 0x0000000743e00000| Untracked 
|  17|0x0000000744000000, 0x0000000744000000, 0x0000000744200000|  0%| F|  |TAMS 0x0000000744000000, 0x0000000744000000| Untracked 
|  18|0x0000000744200000, 0x0000000744200000, 0x0000000744400000|  0%| F|  |TAMS 0x0000000744200000, 0x0000000744200000| Untracked 
|  19|0x0000000744400000, 0x0000000744400000, 0x0000000744600000|  0%| F|  |TAMS 0x0000000744400000, 0x0000000744400000| Untracked 
|  20|0x0000000744600000, 0x0000000744600000, 0x0000000744800000|  0%| F|  |TAMS 0x0000000744600000, 0x0000000744600000| Untracked 
|  21|0x0000000744800000, 0x0000000744800000, 0x0000000744a00000|  0%| F|  |TAMS 0x0000000744800000, 0x0000000744800000| Untracked 
|  22|0x0000000744a00000, 0x0000000744a00000, 0x0000000744c00000|  0%| F|  |TAMS 0x0000000744a00000, 0x0000000744a00000| Untracked 
|  23|0x0000000744c00000, 0x0000000744c00000, 0x0000000744e00000|  0%| F|  |TAMS 0x0000000744c00000, 0x0000000744c00000| Untracked 
|  24|0x0000000744e00000, 0x0000000744e00000, 0x0000000745000000|  0%| F|  |TAMS 0x0000000744e00000, 0x0000000744e00000| Untracked 
|  25|0x0000000745000000, 0x0000000745000000, 0x0000000745200000|  0%| F|  |TAMS 0x0000000745000000, 0x0000000745000000| Untracked 
|  26|0x0000000745200000, 0x0000000745200000, 0x0000000745400000|  0%| F|  |TAMS 0x0000000745200000, 0x0000000745200000| Untracked 
|  27|0x0000000745400000, 0x0000000745400000, 0x0000000745600000|  0%| F|  |TAMS 0x0000000745400000, 0x0000000745400000| Untracked 
|  28|0x0000000745600000, 0x0000000745600000, 0x0000000745800000|  0%| F|  |TAMS 0x0000000745600000, 0x0000000745600000| Untracked 
|  29|0x0000000745800000, 0x0000000745800000, 0x0000000745a00000|  0%| F|  |TAMS 0x0000000745800000, 0x0000000745800000| Untracked 
|  30|0x0000000745a00000, 0x0000000745a00000, 0x0000000745c00000|  0%| F|  |TAMS 0x0000000745a00000, 0x0000000745a00000| Untracked 
|  31|0x0000000745c00000, 0x0000000745c00000, 0x0000000745e00000|  0%| F|  |TAMS 0x0000000745c00000, 0x0000000745c00000| Untracked 
|  32|0x0000000745e00000, 0x0000000745e00000, 0x0000000746000000|  0%| F|  |TAMS 0x0000000745e00000, 0x0000000745e00000| Untracked 
|  33|0x0000000746000000, 0x0000000746000000, 0x0000000746200000|  0%| F|  |TAMS 0x0000000746000000, 0x0000000746000000| Untracked 
|  34|0x0000000746200000, 0x0000000746200000, 0x0000000746400000|  0%| F|  |TAMS 0x0000000746200000, 0x0000000746200000| Untracked 
|  35|0x0000000746400000, 0x0000000746400000, 0x0000000746600000|  0%| F|  |TAMS 0x0000000746400000, 0x0000000746400000| Untracked 
|  36|0x0000000746600000, 0x0000000746600000, 0x0000000746800000|  0%| F|  |TAMS 0x0000000746600000, 0x0000000746600000| Untracked 
|  37|0x0000000746800000, 0x0000000746800000, 0x0000000746a00000|  0%| F|  |TAMS 0x0000000746800000, 0x0000000746800000| Untracked 
|  38|0x0000000746a00000, 0x0000000746a00000, 0x0000000746c00000|  0%| F|  |TAMS 0x0000000746a00000, 0x0000000746a00000| Untracked 
|  39|0x0000000746c00000, 0x0000000746c00000, 0x0000000746e00000|  0%| F|  |TAMS 0x0000000746c00000, 0x0000000746c00000| Untracked 
|  40|0x0000000746e00000, 0x0000000746e00000, 0x0000000747000000|  0%| F|  |TAMS 0x0000000746e00000, 0x0000000746e00000| Untracked 
|  41|0x0000000747000000, 0x0000000747000000, 0x0000000747200000|  0%| F|  |TAMS 0x0000000747000000, 0x0000000747000000| Untracked 
|  42|0x0000000747200000, 0x0000000747200000, 0x0000000747400000|  0%| F|  |TAMS 0x0000000747200000, 0x0000000747200000| Untracked 
|  43|0x0000000747400000, 0x0000000747400000, 0x0000000747600000|  0%| F|  |TAMS 0x0000000747400000, 0x0000000747400000| Untracked 
|  44|0x0000000747600000, 0x0000000747600000, 0x0000000747800000|  0%| F|  |TAMS 0x0000000747600000, 0x0000000747600000| Untracked 
|  45|0x0000000747800000, 0x0000000747800000, 0x0000000747a00000|  0%| F|  |TAMS 0x0000000747800000, 0x0000000747800000| Untracked 
|  46|0x0000000747a00000, 0x0000000747a00000, 0x0000000747c00000|  0%| F|  |TAMS 0x0000000747a00000, 0x0000000747a00000| Untracked 
|  47|0x0000000747c00000, 0x0000000747c00000, 0x0000000747e00000|  0%| F|  |TAMS 0x0000000747c00000, 0x0000000747c00000| Untracked 
|  48|0x0000000747e00000, 0x0000000747e00000, 0x0000000748000000|  0%| F|  |TAMS 0x0000000747e00000, 0x0000000747e00000| Untracked 
|  49|0x0000000748000000, 0x0000000748000000, 0x0000000748200000|  0%| F|  |TAMS 0x0000000748000000, 0x0000000748000000| Untracked 
|  50|0x0000000748200000, 0x0000000748200000, 0x0000000748400000|  0%| F|  |TAMS 0x0000000748200000, 0x0000000748200000| Untracked 
|  51|0x0000000748400000, 0x0000000748400000, 0x0000000748600000|  0%| F|  |TAMS 0x0000000748400000, 0x0000000748400000| Untracked 
|  52|0x0000000748600000, 0x0000000748600000, 0x0000000748800000|  0%| F|  |TAMS 0x0000000748600000, 0x0000000748600000| Untracked 
|  53|0x0000000748800000, 0x0000000748800000, 0x0000000748a00000|  0%| F|  |TAMS 0x0000000748800000, 0x0000000748800000| Untracked 
|  54|0x0000000748a00000, 0x0000000748a00000, 0x0000000748c00000|  0%| F|  |TAMS 0x0000000748a00000, 0x0000000748a00000| Untracked 
|  55|0x0000000748c00000, 0x0000000748c00000, 0x0000000748e00000|  0%| F|  |TAMS 0x0000000748c00000, 0x0000000748c00000| Untracked 
|  56|0x0000000748e00000, 0x0000000748e00000, 0x0000000749000000|  0%| F|  |TAMS 0x0000000748e00000, 0x0000000748e00000| Untracked 
|  57|0x0000000749000000, 0x0000000749000000, 0x0000000749200000|  0%| F|  |TAMS 0x0000000749000000, 0x0000000749000000| Untracked 
|  58|0x0000000749200000, 0x0000000749200000, 0x0000000749400000|  0%| F|  |TAMS 0x0000000749200000, 0x0000000749200000| Untracked 
|  59|0x0000000749400000, 0x0000000749400000, 0x0000000749600000|  0%| F|  |TAMS 0x0000000749400000, 0x0000000749400000| Untracked 
|  60|0x0000000749600000, 0x0000000749600000, 0x0000000749800000|  0%| F|  |TAMS 0x0000000749600000, 0x0000000749600000| Untracked 
|  61|0x0000000749800000, 0x0000000749800000, 0x0000000749a00000|  0%| F|  |TAMS 0x0000000749800000, 0x0000000749800000| Untracked 
|  62|0x0000000749a00000, 0x0000000749a00000, 0x0000000749c00000|  0%| F|  |TAMS 0x0000000749a00000, 0x0000000749a00000| Untracked 
|  63|0x0000000749c00000, 0x0000000749c00000, 0x0000000749e00000|  0%| F|  |TAMS 0x0000000749c00000, 0x0000000749c00000| Untracked 
|  64|0x0000000749e00000, 0x0000000749e00000, 0x000000074a000000|  0%| F|  |TAMS 0x0000000749e00000, 0x0000000749e00000| Untracked 
|  65|0x000000074a000000, 0x000000074a000000, 0x000000074a200000|  0%| F|  |TAMS 0x000000074a000000, 0x000000074a000000| Untracked 
|  66|0x000000074a200000, 0x000000074a200000, 0x000000074a400000|  0%| F|  |TAMS 0x000000074a200000, 0x000000074a200000| Untracked 
|  67|0x000000074a400000, 0x000000074a400000, 0x000000074a600000|  0%| F|  |TAMS 0x000000074a400000, 0x000000074a400000| Untracked 
|  68|0x000000074a600000, 0x000000074a600000, 0x000000074a800000|  0%| F|  |TAMS 0x000000074a600000, 0x000000074a600000| Untracked 
|  69|0x000000074a800000, 0x000000074a800000, 0x000000074aa00000|  0%| F|  |TAMS 0x000000074a800000, 0x000000074a800000| Untracked 
|  70|0x000000074aa00000, 0x000000074aa00000, 0x000000074ac00000|  0%| F|  |TAMS 0x000000074aa00000, 0x000000074aa00000| Untracked 
|  71|0x000000074ac00000, 0x000000074ac00000, 0x000000074ae00000|  0%| F|  |TAMS 0x000000074ac00000, 0x000000074ac00000| Untracked 
|  72|0x000000074ae00000, 0x000000074ae00000, 0x000000074b000000|  0%| F|  |TAMS 0x000000074ae00000, 0x000000074ae00000| Untracked 
|  73|0x000000074b000000, 0x000000074b000000, 0x000000074b200000|  0%| F|  |TAMS 0x000000074b000000, 0x000000074b000000| Untracked 
|  74|0x000000074b200000, 0x000000074b200000, 0x000000074b400000|  0%| F|  |TAMS 0x000000074b200000, 0x000000074b200000| Untracked 
|  75|0x000000074b400000, 0x000000074b400000, 0x000000074b600000|  0%| F|  |TAMS 0x000000074b400000, 0x000000074b400000| Untracked 
|  76|0x000000074b600000, 0x000000074b600000, 0x000000074b800000|  0%| F|  |TAMS 0x000000074b600000, 0x000000074b600000| Untracked 
|  77|0x000000074b800000, 0x000000074b800000, 0x000000074ba00000|  0%| F|  |TAMS 0x000000074b800000, 0x000000074b800000| Untracked 
|  78|0x000000074ba00000, 0x000000074ba00000, 0x000000074bc00000|  0%| F|  |TAMS 0x000000074ba00000, 0x000000074ba00000| Untracked 
|  79|0x000000074bc00000, 0x000000074bc00000, 0x000000074be00000|  0%| F|  |TAMS 0x000000074bc00000, 0x000000074bc00000| Untracked 
|  80|0x000000074be00000, 0x000000074be00000, 0x000000074c000000|  0%| F|  |TAMS 0x000000074be00000, 0x000000074be00000| Untracked 
|  81|0x000000074c000000, 0x000000074c000000, 0x000000074c200000|  0%| F|  |TAMS 0x000000074c000000, 0x000000074c000000| Untracked 
|  82|0x000000074c200000, 0x000000074c200000, 0x000000074c400000|  0%| F|  |TAMS 0x000000074c200000, 0x000000074c200000| Untracked 
|  83|0x000000074c400000, 0x000000074c400000, 0x000000074c600000|  0%| F|  |TAMS 0x000000074c400000, 0x000000074c400000| Untracked 
|  84|0x000000074c600000, 0x000000074c600000, 0x000000074c800000|  0%| F|  |TAMS 0x000000074c600000, 0x000000074c600000| Untracked 
|  85|0x000000074c800000, 0x000000074c800000, 0x000000074ca00000|  0%| F|  |TAMS 0x000000074c800000, 0x000000074c800000| Untracked 
|  86|0x000000074ca00000, 0x000000074cbc3630, 0x000000074cc00000| 88%| E|  |TAMS 0x000000074ca00000, 0x000000074ca00000| Complete 
|  87|0x000000074cc00000, 0x000000074ce00000, 0x000000074ce00000|100%| E|CS|TAMS 0x000000074cc00000, 0x000000074cc00000| Complete 
|  88|0x000000074ce00000, 0x000000074d000000, 0x000000074d000000|100%| E|CS|TAMS 0x000000074ce00000, 0x000000074ce00000| Complete 
|  89|0x000000074d000000, 0x000000074d200000, 0x000000074d200000|100%| E|CS|TAMS 0x000000074d000000, 0x000000074d000000| Complete 
|  90|0x000000074d200000, 0x000000074d400000, 0x000000074d400000|100%| E|CS|TAMS 0x000000074d200000, 0x000000074d200000| Complete 
|  91|0x000000074d400000, 0x000000074d600000, 0x000000074d600000|100%| E|CS|TAMS 0x000000074d400000, 0x000000074d400000| Complete 
|  92|0x000000074d600000, 0x000000074d800000, 0x000000074d800000|100%| E|CS|TAMS 0x000000074d600000, 0x000000074d600000| Complete 
|  93|0x000000074d800000, 0x000000074da00000, 0x000000074da00000|100%| E|CS|TAMS 0x000000074d800000, 0x000000074d800000| Complete 
|  94|0x000000074da00000, 0x000000074dc00000, 0x000000074dc00000|100%| E|CS|TAMS 0x000000074da00000, 0x000000074da00000| Complete 
|  95|0x000000074dc00000, 0x000000074de00000, 0x000000074de00000|100%| E|CS|TAMS 0x000000074dc00000, 0x000000074dc00000| Complete 

Card table byte_map: [0x0000029f2cd90000,0x0000029f2d390000] _byte_map_base: 0x0000029f29381000

Marking Bits (Prev, Next): (CMBitMap*) 0x0000029f15555710, (CMBitMap*) 0x0000029f15555750
 Prev Bits: [0x0000029f2d990000, 0x0000029f30918000)
 Next Bits: [0x0000029f30920000, 0x0000029f338a8000)

Polling page: 0x0000029f14cc0000

Metaspace:

Usage:
  Non-class:      7.28 MB used.
      Class:    885.09 KB used.
       Both:      8.14 MB used.

Virtual space:
  Non-class space:       64.00 MB reserved,       7.38 MB ( 12%) committed,  1 nodes.
      Class space:        1.00 GB reserved,       1.00 MB ( <1%) committed,  1 nodes.
             Both:        1.06 GB reserved,       8.38 MB ( <1%) committed. 

Chunk freelists:
   Non-Class:  490.00 KB
       Class:  3.04 MB
        Both:  3.52 MB

MaxMetaspaceSize: unlimited
CompressedClassSpaceSize: 1.00 GB
Initial GC threshold: 21.00 MB
Current GC threshold: 21.00 MB
CDS: on
MetaspaceReclaimPolicy: balanced
 - commit_granule_bytes: 65536.
 - commit_granule_words: 8192.
 - virtual_space_node_default_size: 8388608.
 - enlarge_chunks_in_place: 1.
 - new_chunks_are_fully_committed: 0.
 - uncommit_free_chunks: 1.
 - use_allocation_guard: 0.


Internal statistics:

num_allocs_failed_limit: 0.
num_arena_births: 154.
num_arena_deaths: 0.
num_vsnodes_births: 2.
num_vsnodes_deaths: 0.
num_space_committed: 134.
num_space_uncommitted: 0.
num_chunks_returned_to_freelist: 0.
num_chunks_taken_from_freelist: 170.
num_chunk_merges: 0.
num_chunk_splits: 113.
num_chunks_enlarged: 74.
num_inconsistent_stats: 0.

CodeHeap 'non-profiled nmethods': size=120000Kb used=391Kb max_used=391Kb free=119608Kb
 bounds [0x0000029f24f30000, 0x0000029f251a0000, 0x0000029f2c460000]
CodeHeap 'profiled nmethods': size=120000Kb used=2229Kb max_used=2229Kb free=117770Kb
 bounds [0x0000029f1d460000, 0x0000029f1d6d0000, 0x0000029f24990000]
CodeHeap 'non-nmethods': size=5760Kb used=1373Kb max_used=1416Kb free=4387Kb
 bounds [0x0000029f24990000, 0x0000029f24c00000, 0x0000029f24f30000]
 total_blobs=1935 nmethods=1315 adapters=531
 compilation: enabled
              stopped_count=0, restarted_count=0
 full_count=0

Compilation events (20 events):
Event: 2846.669 Thread 0x0000029f362bb280 nmethod 1306 0x0000029f1d689210 code [0x0000029f1d6893c0, 0x0000029f1d689798]
Event: 2846.674 Thread 0x0000029f362bb280 1307       3       java.util.HashMap::tableSizeFor (32 bytes)
Event: 2846.674 Thread 0x0000029f362bb280 nmethod 1307 0x0000029f1d689890 code [0x0000029f1d689a40, 0x0000029f1d689c68]
Event: 2846.674 Thread 0x0000029f362bb280 1308       3       java.util.concurrent.locks.LockSupport::setCurrentBlocker (14 bytes)
Event: 2846.675 Thread 0x0000029f362bb280 nmethod 1308 0x0000029f1d689d10 code [0x0000029f1d689ec0, 0x0000029f1d68a0e8]
Event: 2847.366 Thread 0x0000029f362bb280 1309       3       java.lang.StringConcatHelper::initialCoder (14 bytes)
Event: 2847.366 Thread 0x0000029f362bb280 nmethod 1309 0x0000029f1d68a190 code [0x0000029f1d68a320, 0x0000029f1d68a438]
Event: 2847.367 Thread 0x0000029f362bb280 1310       3       java.lang.StringConcatHelper::simpleConcat (94 bytes)
Event: 2847.369 Thread 0x0000029f362bb280 nmethod 1310 0x0000029f1d68a490 code [0x0000029f1d68a7c0, 0x0000029f1d68ba38]
Event: 2847.388 Thread 0x0000029f362bb280 1311       3       java.lang.Integer::numberOfLeadingZeros (79 bytes)
Event: 2847.388 Thread 0x0000029f362ba290 1312       4       java.util.HashMap::keysToArray (81 bytes)
Event: 2847.394 Thread 0x0000029f362bb280 nmethod 1311 0x0000029f1d68c090 code [0x0000029f1d68c240, 0x0000029f1d68c518]
Event: 2847.402 Thread 0x0000029f362ba290 nmethod 1312 0x0000029f24f91610 code [0x0000029f24f917a0, 0x0000029f24f91b78]
Event: 2848.417 Thread 0x0000029f362bb280 1313       3       java.awt.Color::<init> (11 bytes)
Event: 2848.417 Thread 0x0000029f362bb280 nmethod 1313 0x0000029f1d68c590 code [0x0000029f1d68c740, 0x0000029f1d68c888]
Event: 2848.417 Thread 0x0000029f362bb280 1314       3       java.awt.Color::<init> (72 bytes)
Event: 2848.418 Thread 0x0000029f362bb280 nmethod 1314 0x0000029f1d68c910 code [0x0000029f1d68cac0, 0x0000029f1d68cd48]
Event: 2848.832 Thread 0x0000029f362ba290 1315       4       java.util.HashMap$HashIterator::nextNode (100 bytes)
Event: 2848.833 Thread 0x0000029f362bb280 1316       3       java.lang.Integer::equals (29 bytes)
Event: 2848.834 Thread 0x0000029f362bb280 nmethod 1316 0x0000029f1d68ce10 code [0x0000029f1d68cfc0, 0x0000029f1d68d3b8]

GC Heap History (0 events):
No events

Dll operation events (10 events):
Event: 0.019 Loaded shared library C:\Program Files\Java\jdk-19\bin\java.dll
Event: 0.058 Loaded shared library C:\Program Files\Java\jdk-19\bin\jsvml.dll
Event: 0.214 Loaded shared library C:\Program Files\Java\jdk-19\bin\net.dll
Event: 0.218 Loaded shared library C:\Program Files\Java\jdk-19\bin\nio.dll
Event: 0.298 Loaded shared library C:\Program Files\Java\jdk-19\bin\jimage.dll
Event: 0.332 Loaded shared library C:\Program Files\Java\jdk-19\bin\awt.dll
Event: 0.733 Loaded shared library C:\Program Files\Java\jdk-19\bin\zip.dll
Event: 0.805 Loaded shared library C:\Program Files\Java\jdk-19\bin\javajpeg.dll
Event: 0.921 Loaded shared library C:\Program Files\Java\jdk-19\bin\freetype.dll
Event: 0.923 Loaded shared library C:\Program Files\Java\jdk-19\bin\fontmanager.dll

Deoptimization events (20 events):
Event: 0.937 Thread 0x0000029f154f6c90 DEOPT PACKING pc=0x0000029f24f5d7e4 sp=0x000000dd1fbfda00
Event: 0.937 Thread 0x0000029f154f6c90 DEOPT UNPACKING pc=0x0000029f249f6da3 sp=0x000000dd1fbfd980 mode 2
Event: 1.143 Thread 0x0000029f3a8b3680 Uncommon trap: trap_request=0xffffff45 fr.pc=0x0000029f24f6f5ac relative=0x00000000000004ec
Event: 1.143 Thread 0x0000029f3a8b3680 Uncommon trap: reason=unstable_if action=reinterpret pc=0x0000029f24f6f5ac method=java.lang.StringLatin1.toLowerCase(Ljava/lang/String;[BLjava/util/Locale;)Ljava/lang/String; @ 43 c2
Event: 1.143 Thread 0x0000029f3a8b3680 DEOPT PACKING pc=0x0000029f24f6f5ac sp=0x000000dd213fd6e0
Event: 1.143 Thread 0x0000029f3a8b3680 DEOPT UNPACKING pc=0x0000029f249f6da3 sp=0x000000dd213fd650 mode 2
Event: 1.215 Thread 0x0000029f3a8b3680 DEOPT PACKING pc=0x0000029f1d46df67 sp=0x000000dd213fd2b0
Event: 1.215 Thread 0x0000029f3a8b3680 DEOPT UNPACKING pc=0x0000029f249f7543 sp=0x000000dd213fc6d0 mode 0
Event: 1.492 Thread 0x0000029f3a8b3680 Uncommon trap: trap_request=0xffffff45 fr.pc=0x0000029f24f3a8bc relative=0x000000000000009c
Event: 1.492 Thread 0x0000029f3a8b3680 Uncommon trap: reason=unstable_if action=reinterpret pc=0x0000029f24f3a8bc method=java.lang.String.isLatin1()Z @ 10 c2
Event: 1.492 Thread 0x0000029f3a8b3680 DEOPT PACKING pc=0x0000029f24f3a8bc sp=0x000000dd213fd4f0
Event: 1.492 Thread 0x0000029f3a8b3680 DEOPT UNPACKING pc=0x0000029f249f6da3 sp=0x000000dd213fd420 mode 2
Event: 1.529 Thread 0x0000029f3a8b3680 Uncommon trap: trap_request=0xffffff45 fr.pc=0x0000029f24f7ce40 relative=0x0000000000000400
Event: 1.529 Thread 0x0000029f3a8b3680 Uncommon trap: reason=unstable_if action=reinterpret pc=0x0000029f24f7ce40 method=java.lang.Character.isSurrogate(C)Z @ 3 c2
Event: 1.529 Thread 0x0000029f3a8b3680 DEOPT PACKING pc=0x0000029f24f7ce40 sp=0x000000dd213fd1c0
Event: 1.529 Thread 0x0000029f3a8b3680 DEOPT UNPACKING pc=0x0000029f249f6da3 sp=0x000000dd213fd0d8 mode 2
Event: 2848.832 Thread 0x0000029f3a7d4ae0 Uncommon trap: trap_request=0xffffffbe fr.pc=0x0000029f24f91ad4 relative=0x0000000000000334
Event: 2848.832 Thread 0x0000029f3a7d4ae0 Uncommon trap: reason=profile_predicate action=maybe_recompile pc=0x0000029f24f91ad4 method=java.util.HashMap.keysToArray([Ljava/lang/Object;)[Ljava/lang/Object; @ 36 c2
Event: 2848.832 Thread 0x0000029f3a7d4ae0 DEOPT PACKING pc=0x0000029f24f91ad4 sp=0x000000dd210fe8d0
Event: 2848.832 Thread 0x0000029f3a7d4ae0 DEOPT UNPACKING pc=0x0000029f249f6da3 sp=0x000000dd210fe880 mode 2

Classes loaded (20 events):
Event: 1.655 Loading class java/util/PriorityQueue
Event: 1.655 Loading class java/util/PriorityQueue done
Event: 1.656 Loading class javax/swing/TimerQueue$DelayedTimer
Event: 1.657 Loading class java/util/concurrent/Delayed
Event: 1.657 Loading class java/util/concurrent/Delayed done
Event: 1.657 Loading class javax/swing/TimerQueue$DelayedTimer done
Event: 1.657 Loading class java/util/concurrent/TimeUnit$1
Event: 1.657 Loading class java/util/concurrent/TimeUnit$1 done
Event: 2.164 Loading class javax/swing/Timer$1
Event: 2.165 Loading class javax/swing/Timer$1 done
Event: 3.173 Loading class java/awt/LightweightDispatcher$2
Event: 3.173 Loading class java/awt/LightweightDispatcher$2 done
Event: 4.388 Loading class java/awt/KeyboardFocusManager$2
Event: 4.388 Loading class java/awt/KeyboardFocusManager$2 done
Event: 4.389 Loading class sun/awt/SunToolkit$1
Event: 4.389 Loading class sun/awt/SunToolkit$1 done
Event: 1318.949 Loading class java/awt/desktop/SystemSleepListener
Event: 1318.949 Loading class java/awt/desktop/SystemEventListener
Event: 1318.949 Loading class java/awt/desktop/SystemEventListener done
Event: 1318.949 Loading class java/awt/desktop/SystemSleepListener done

Classes unloaded (0 events):
No events

Classes redefined (0 events):
No events

Internal exceptions (17 events):
Event: 0.222 Thread 0x0000029f154f6c90 Exception <a 'sun/nio/fs/WindowsException'{0x000000074da73630}> (0x000000074da73630) 
thrown [s\open\src\hotspot\share\prims\jni.cpp, line 517]
Event: 0.223 Thread 0x0000029f154f6c90 Exception <a 'sun/nio/fs/WindowsException'{0x000000074da73be8}> (0x000000074da73be8) 
thrown [s\open\src\hotspot\share\prims\jni.cpp, line 517]
Event: 0.229 Thread 0x0000029f154f6c90 Exception <a 'sun/nio/fs/WindowsException'{0x000000074da761a0}> (0x000000074da761a0) 
thrown [s\open\src\hotspot\share\prims\jni.cpp, line 517]
Event: 0.232 Thread 0x0000029f154f6c90 Exception <a 'sun/nio/fs/WindowsException'{0x000000074da76d20}> (0x000000074da76d20) 
thrown [s\open\src\hotspot\share\prims\jni.cpp, line 517]
Event: 0.312 Thread 0x0000029f154f6c90 Exception <a 'java/lang/ClassNotFoundException'{0x000000074db142e8}: sun/awt/resources/spi/awtProvider> (0x000000074db142e8) 
thrown [s\open\src\hotspot\share\classfile\systemDictionary.cpp, line 255]
Event: 0.362 Thread 0x0000029f154f6c90 Exception <a 'java/io/FileNotFoundException'{0x000000074db6bb88}> (0x000000074db6bb88) 
thrown [s\open\src\hotspot\share\prims\jni.cpp, line 517]
Event: 0.389 Thread 0x0000029f154f6c90 Exception <a 'java/io/FileNotFoundException'{0x000000074db980b8}> (0x000000074db980b8) 
thrown [s\open\src\hotspot\share\prims\jni.cpp, line 517]
Event: 0.481 Thread 0x0000029f154f6c90 Exception <a 'java/lang/NoSuchMethodError'{0x000000074dbdd0b8}: 'java.lang.Object java.lang.invoke.DirectMethodHandle$Holder.invokeStaticInit(java.lang.Object)'> (0x000000074dbdd0b8) 
thrown [s\open\src\hotspot\share\interpreter\linkResolver.cpp, line 774]
Event: 0.561 Thread 0x0000029f154f6c90 Exception <a 'java/lang/NoSuchMethodError'{0x000000074d913970}: 'void java.lang.invoke.DirectMethodHandle$Holder.invokeSpecial(java.lang.Object, java.lang.Object, java.lang.Object)'> (0x000000074d913970) 
thrown [s\open\src\hotspot\share\interpreter\linkResolver.cpp, line 774]
Event: 0.586 Thread 0x0000029f154f6c90 Exception <a 'java/lang/NoSuchMethodError'{0x000000074d93e518}: 'java.lang.Object java.lang.invoke.DirectMethodHandle$Holder.newInvokeSpecial(java.lang.Object, java.lang.Object, java.lang.Object, java.lang.Object, java.lang.Object)'> (0x000000074d93e518) 
thrown [s\open\src\hotspot\share\interpreter\linkResolver.cpp, line 774]
Event: 0.603 Thread 0x0000029f154f6c90 Exception <a 'java/lang/NoSuchMethodError'{0x000000074d96fe68}: 'java.lang.Object java.lang.invoke.DirectMethodHandle$Holder.invokeStatic(java.lang.Object, int, java.lang.Object)'> (0x000000074d96fe68) 
thrown [s\open\src\hotspot\share\interpreter\linkResolver.cpp, line 774]
Event: 0.667 Thread 0x0000029f154f6c90 Exception <a 'java/lang/ClassNotFoundException'{0x000000074d62ba58}: com/sun/swing/internal/plaf/metal/resources/spi/metalProvider> (0x000000074d62ba58) 
thrown [s\open\src\hotspot\share\classfile\systemDictionary.cpp, line 255]
Event: 0.669 Thread 0x0000029f154f6c90 Exception <a 'java/lang/ClassNotFoundException'{0x000000074d62f988}: com/sun/swing/internal/plaf/basic/resources/spi/basicProvider> (0x000000074d62f988) 
thrown [s\open\src\hotspot\share\classfile\systemDictionary.cpp, line 255]
Event: 0.686 Thread 0x0000029f154f6c90 Exception <a 'java/lang/NoSuchMethodError'{0x000000074d64f5f8}: 'int java.lang.invoke.Invokers$Holder.invokeExact_MT(java.lang.Object, java.lang.Object)'> (0x000000074d64f5f8) 
thrown [s\open\src\hotspot\share\interpreter\linkResolver.cpp, line 774]
Event: 0.808 Thread 0x0000029f3a85fc40 Exception <a 'java/lang/NoSuchMethodError'{0x000000074d408038}: 'java.lang.Object java.lang.invoke.DirectMethodHandle$Holder.newInvokeSpecial(java.lang.Object, java.lang.Object, java.lang.Object, int, int, int, int, int)'> (0x000000074d408038) 
thrown [s\open\src\hotspot\share\interpreter\linkResolver.cpp, line 774]
Event: 0.887 Thread 0x0000029f3a7d4ae0 Exception <a 'java/lang/NoSuchMethodError'{0x000000074d880f88}: 'void java.lang.invoke.DirectMethodHandle$Holder.invokeVirtual(java.lang.Object, java.lang.Object)'> (0x000000074d880f88) 
thrown [s\open\src\hotspot\share\interpreter\linkResolver.cpp, line 774]
Event: 0.913 Thread 0x0000029f154f6c90 Exception <a 'java/lang/NoSuchMethodError'{0x000000074d588408}: 'void java.lang.invoke.DirectMethodHandle$Holder.invokeStaticInit(java.lang.Object)'> (0x000000074d588408) 
thrown [s\open\src\hotspot\share\interpreter\linkResolver.cpp, line 774]

VM Operations (20 events):
Event: 0.866 Executing VM operation: HandshakeAllThreads
Event: 0.866 Executing VM operation: HandshakeAllThreads done
Event: 1.126 Executing VM operation: HandshakeAllThreads
Event: 1.127 Executing VM operation: HandshakeAllThreads done
Event: 1.127 Executing VM operation: Cleanup
Event: 1.127 Executing VM operation: Cleanup done
Event: 1.602 Executing VM operation: HandshakeAllThreads
Event: 1.602 Executing VM operation: HandshakeAllThreads done
Event: 1.602 Executing VM operation: HandshakeAllThreads
Event: 1.602 Executing VM operation: HandshakeAllThreads done
Event: 2.615 Executing VM operation: Cleanup
Event: 2.615 Executing VM operation: Cleanup done
Event: 3.623 Executing VM operation: Cleanup
Event: 3.623 Executing VM operation: Cleanup done
Event: 841.102 Executing VM operation: Cleanup
Event: 841.102 Executing VM operation: Cleanup done
Event: 997.561 Executing VM operation: Cleanup
Event: 997.561 Executing VM operation: Cleanup done
Event: 998.569 Executing VM operation: Cleanup
Event: 998.569 Executing VM operation: Cleanup done

Events (20 events):
Event: 0.093 Thread 0x0000029f362b6750 Thread added: 0x0000029f362b6750
Event: 0.093 Thread 0x0000029f362b7220 Thread added: 0x0000029f362b7220
Event: 0.093 Thread 0x0000029f362ba290 Thread added: 0x0000029f362ba290
Event: 0.096 Thread 0x0000029f362bb280 Thread added: 0x0000029f362bb280
Event: 0.096 Thread 0x0000029f362bcc00 Thread added: 0x0000029f362bcc00
Event: 0.176 Thread 0x0000029f362843a0 Thread added: 0x0000029f362843a0
Event: 0.263 Thread 0x0000029f3a65b8e0 Thread added: 0x0000029f3a65b8e0
Event: 0.483 Thread 0x0000029f3a7ceae0 Thread added: 0x0000029f3a7ceae0
Event: 0.484 Thread 0x0000029f3a7d1ae0 Thread added: 0x0000029f3a7d1ae0
Event: 0.488 Thread 0x0000029f3a7d4ae0 Thread added: 0x0000029f3a7d4ae0
Event: 0.698 Thread 0x0000029f3a85fc40 Thread added: 0x0000029f3a85fc40
Event: 0.761 Thread 0x0000029f3a86b1b0 Thread added: 0x0000029f3a86b1b0
Event: 0.885 Thread 0x0000029f3a8b3680 Thread added: 0x0000029f3a8b3680
Event: 1.066 Thread 0x0000029f154f6c90 Thread exited: 0x0000029f154f6c90
Event: 1.066 Thread 0x0000029f154f6c90 Thread added: 0x0000029f154f6c90
Event: 1.092 Thread 0x0000029f3a86b1b0 Thread exited: 0x0000029f3a86b1b0
Event: 1.603 Thread 0x0000029f3b7266c0 Thread added: 0x0000029f3b7266c0
Event: 1.656 Thread 0x0000029f3bb926c0 Thread added: 0x0000029f3bb926c0
Event: 2.043 Thread 0x0000029f3b7266c0 Thread exited: 0x0000029f3b7266c0
Event: 5.847 Thread 0x0000029f3a85fc40 Thread exited: 0x0000029f3a85fc40


Dynamic libraries:
0x00007ff787000000 - 0x00007ff787010000 	C:\Program Files\Java\jdk-19\bin\java.exe
0x00007ffd39a10000 - 0x00007ffd39c24000 	C:\WINDOWS\SYSTEM32\ntdll.dll
0x00007ffd37af0000 - 0x00007ffd37bb3000 	C:\WINDOWS\System32\KERNEL32.DLL
0x00007ffd37290000 - 0x00007ffd3762c000 	C:\WINDOWS\System32\KERNELBASE.dll
0x00007ffd36f40000 - 0x00007ffd37051000 	C:\WINDOWS\System32\ucrtbase.dll
0x00007ffd22a60000 - 0x00007ffd22a7b000 	C:\Program Files\Java\jdk-19\bin\VCRUNTIME140.dll
0x00007ffd248c0000 - 0x00007ffd248d8000 	C:\Program Files\Java\jdk-19\bin\jli.dll
0x00007ffd379e0000 - 0x00007ffd37a8e000 	C:\WINDOWS\System32\ADVAPI32.dll
0x00007ffd39070000 - 0x00007ffd39117000 	C:\WINDOWS\System32\msvcrt.dll
0x00007ffd38d00000 - 0x00007ffd38da4000 	C:\WINDOWS\System32\sechost.dll
0x00007ffd39640000 - 0x00007ffd39755000 	C:\WINDOWS\System32\RPCRT4.dll
0x00007ffd37f50000 - 0x00007ffd380fd000 	C:\WINDOWS\System32\USER32.dll
0x00007ffd36e50000 - 0x00007ffd36e76000 	C:\WINDOWS\System32\win32u.dll
0x00007ffd39860000 - 0x00007ffd39889000 	C:\WINDOWS\System32\GDI32.dll
0x00007ffd37170000 - 0x00007ffd37282000 	C:\WINDOWS\System32\gdi32full.dll
0x00007ffd370d0000 - 0x00007ffd3716a000 	C:\WINDOWS\System32\msvcp_win.dll
0x00007ffd1b7d0000 - 0x00007ffd1ba5e000 	C:\WINDOWS\WinSxS\amd64_microsoft.windows.common-controls_6595b64144ccf1df_6.0.22621.608_none_a9444ca7c10bb01d\COMCTL32.dll
0x00007ffd2f5c0000 - 0x00007ffd2f5ca000 	C:\WINDOWS\SYSTEM32\VERSION.dll
0x00007ffd398b0000 - 0x00007ffd398e2000 	C:\WINDOWS\System32\IMM32.DLL
0x00007ffd22270000 - 0x00007ffd2227c000 	C:\Program Files\Java\jdk-19\bin\vcruntime140_1.dll
0x00007ffd26570000 - 0x00007ffd265fe000 	C:\Program Files\Java\jdk-19\bin\msvcp140.dll
0x00007ffcd72a0000 - 0x00007ffcd7f60000 	C:\Program Files\Java\jdk-19\bin\server\jvm.dll
0x00007ffd22a50000 - 0x00007ffd22a59000 	C:\WINDOWS\SYSTEM32\WSOCK32.dll
0x00007ffd38ff0000 - 0x00007ffd39061000 	C:\WINDOWS\System32\WS2_32.dll
0x00007ffd30ac0000 - 0x00007ffd30af4000 	C:\WINDOWS\SYSTEM32\WINMM.dll
0x00007ffd35e60000 - 0x00007ffd35e78000 	C:\WINDOWS\SYSTEM32\kernel.appcore.dll
0x00007ffd205f0000 - 0x00007ffd205fa000 	C:\Program Files\Java\jdk-19\bin\jimage.dll
0x00007ffd34800000 - 0x00007ffd34a2e000 	C:\WINDOWS\SYSTEM32\DBGHELP.DLL
0x00007ffd37bc0000 - 0x00007ffd37f4a000 	C:\WINDOWS\System32\combase.dll
0x00007ffd398f0000 - 0x00007ffd399c7000 	C:\WINDOWS\System32\OLEAUT32.dll
0x00007ffd251e0000 - 0x00007ffd25212000 	C:\WINDOWS\SYSTEM32\dbgcore.DLL
0x00007ffd377a0000 - 0x00007ffd3781b000 	C:\WINDOWS\System32\bcryptPrimitives.dll
0x00007ffcfafe0000 - 0x00007ffcfb006000 	C:\Program Files\Java\jdk-19\bin\java.dll
0x00007ffcddb70000 - 0x00007ffcddc47000 	C:\Program Files\Java\jdk-19\bin\jsvml.dll
0x00007ffd381f0000 - 0x00007ffd389df000 	C:\WINDOWS\System32\SHELL32.dll
0x00007ffd34e20000 - 0x00007ffd356e8000 	C:\WINDOWS\SYSTEM32\windows.storage.dll
0x00007ffd34ce0000 - 0x00007ffd34e1e000 	C:\WINDOWS\SYSTEM32\wintypes.dll
0x00007ffd389e0000 - 0x00007ffd38ad1000 	C:\WINDOWS\System32\SHCORE.dll
0x00007ffd38ee0000 - 0x00007ffd38f3e000 	C:\WINDOWS\System32\shlwapi.dll
0x00007ffd36d80000 - 0x00007ffd36da1000 	C:\WINDOWS\SYSTEM32\profapi.dll
0x00007ffd0bbb0000 - 0x00007ffd0bbc3000 	C:\Program Files\Java\jdk-19\bin\net.dll
0x00007ffd30460000 - 0x00007ffd3058f000 	C:\WINDOWS\SYSTEM32\WINHTTP.dll
0x00007ffd362d0000 - 0x00007ffd36339000 	C:\WINDOWS\system32\mswsock.dll
0x00007ffd0b960000 - 0x00007ffd0b976000 	C:\Program Files\Java\jdk-19\bin\nio.dll
0x00007ffcd7100000 - 0x00007ffcd7291000 	C:\Program Files\Java\jdk-19\bin\awt.dll
0x00007ffd33e80000 - 0x00007ffd33f17000 	C:\WINDOWS\SYSTEM32\apphelp.dll
0x00007ffd343a0000 - 0x00007ffd343cb000 	C:\WINDOWS\system32\DWMAPI.DLL
0x00007ffd34060000 - 0x00007ffd3410b000 	C:\WINDOWS\system32\uxtheme.dll
0x00007ffd20e90000 - 0x00007ffd20f90000 	C:\WINDOWS\system32\opengl32.dll
0x00007ffd24380000 - 0x00007ffd243ad000 	C:\WINDOWS\SYSTEM32\GLU32.dll
0x00007ffd34160000 - 0x00007ffd34196000 	C:\WINDOWS\SYSTEM32\dxcore.dll
0x00007ffd38db0000 - 0x00007ffd38ece000 	C:\WINDOWS\System32\MSCTF.dll
0x00007ffd38b60000 - 0x00007ffd38cfc000 	C:\WINDOWS\System32\ole32.dll
0x00007ffd0a640000 - 0x00007ffd0a658000 	C:\Program Files\Java\jdk-19\bin\zip.dll
0x00007ffd2d9c0000 - 0x00007ffd2d9ee000 	C:\Program Files\Java\jdk-19\bin\javajpeg.dll
0x00007ffcdbc90000 - 0x00007ffcdbd16000 	C:\Program Files\Java\jdk-19\bin\freetype.dll
0x00007ffcd6f60000 - 0x00007ffcd7026000 	C:\Program Files\Java\jdk-19\bin\fontmanager.dll
0x00007ffd38f40000 - 0x00007ffd38ff0000 	C:\WINDOWS\System32\clbcatq.dll
0x00007ffd327d0000 - 0x00007ffd32980000 	C:\WINDOWS\SYSTEM32\WindowsCodecs.dll
0x00007ffd151c0000 - 0x00007ffd1521e000 	C:\WINDOWS\system32\dataexchange.dll
0x00007ffd30830000 - 0x00007ffd30a9a000 	C:\WINDOWS\system32\twinapi.appcore.dll
0x00007ffd25f40000 - 0x00007ffd2606d000 	C:\WINDOWS\SYSTEM32\textinputframework.dll
0x00007ffd33a90000 - 0x00007ffd33bc3000 	C:\WINDOWS\SYSTEM32\CoreMessaging.dll
0x00007ffd30b50000 - 0x00007ffd30ebc000 	C:\WINDOWS\SYSTEM32\CoreUIComponents.dll
0x00007ffd36560000 - 0x00007ffd3656c000 	C:\WINDOWS\SYSTEM32\CRYPTBASE.DLL

dbghelp: loaded successfully - version: 4.0.5 - missing functions: none
symbol engine: initialized successfully - sym options: 0x614 - pdb path: .;C:\Program Files\Java\jdk-19\bin;C:\WINDOWS\SYSTEM32;C:\WINDOWS\WinSxS\amd64_microsoft.windows.common-controls_6595b64144ccf1df_6.0.22621.608_none_a9444ca7c10bb01d;C:\Program Files\Java\jdk-19\bin\server

VM Arguments:
jvm_args: -Dfile.encoding=UTF-8 --module-path=C:\Users\Ajinkya\OneDrive\Documents\NetBeansProjects\bank management system\build\classes 
java_command: bank.management.system.Login
java_class_path (initial): C:\Users\Ajinkya\OneDrive\Documents\NetBeansProjects\bank management system\build\classes
Launcher Type: SUN_STANDARD

[Global flags]
     intx CICompilerCount                          = 4                                         {product} {ergonomic}
     uint ConcGCThreads                            = 2                                         {product} {ergonomic}
     uint G1ConcRefinementThreads                  = 8                                         {product} {ergonomic}
   size_t G1HeapRegionSize                         = 2097152                                   {product} {ergonomic}
    uintx GCDrainStackTargetSize                   = 64                                        {product} {ergonomic}
   size_t InitialHeapSize                          = 201326592                                 {product} {ergonomic}
   size_t MarkStackSize                            = 4194304                                   {product} {ergonomic}
   size_t MaxHeapSize                              = 3189768192                                {product} {ergonomic}
   size_t MaxNewSize                               = 1912602624                                {product} {ergonomic}
   size_t MinHeapDeltaBytes                        = 2097152                                   {product} {ergonomic}
   size_t MinHeapSize                              = 8388608                                   {product} {ergonomic}
    uintx NonNMethodCodeHeapSize                   = 5839372                                {pd product} {ergonomic}
    uintx NonProfiledCodeHeapSize                  = 122909434                              {pd product} {ergonomic}
    uintx ProfiledCodeHeapSize                     = 122909434                              {pd product} {ergonomic}
    uintx ReservedCodeCacheSize                    = 251658240                              {pd product} {ergonomic}
     bool SegmentedCodeCache                       = true                                      {product} {ergonomic}
   size_t SoftMaxHeapSize                          = 3189768192                             {manageable} {ergonomic}
     bool UseCompressedClassPointers               = true                           {product lp64_product} {ergonomic}
     bool UseCompressedOops                        = true                           {product lp64_product} {ergonomic}
     bool UseG1GC                                  = true                                      {product} {ergonomic}
     bool UseLargePagesIndividualAllocation        = false                                  {pd product} {ergonomic}

Logging:
Log output configuration:
 #0: stdout all=warning uptime,level,tags foldmultilines=false
 #1: stderr all=off uptime,level,tags foldmultilines=false

Environment Variables:
CLASSPATH=C:\Program Files\MySQL\JDBC JAR Files;.;
PATH=C:\Program Files\Common Files\Oracle\Java\javapath;C:\WINDOWS\system32;C:\WINDOWS;C:\WINDOWS\System32\Wbem;C:\WINDOWS\System32\WindowsPowerShell\v1.0\;C:\WINDOWS\System32\OpenSSH\;C:\MinGW\bin;C:\Program Files\nodejs\;C:\Program Files\nodejs;C:\Program Files\MySQL\MySQL Server 8.0\bin;C:\Program Files\Git\cmd;C:\Program Files\Java\jdk-19\bin;C:\Program Files\MySQL\MySQL Shell 8.0\bin\;C:\Users\Ajinkya\AppData\Local\Programs\Python\Python310\Scripts\;C:\Users\Ajinkya\AppData\Local\Programs\Python\Python310\;C:\Users\Ajinkya\AppData\Local\Microsoft\WindowsApps;C:\Program Files (x86)\mingw-w64\i686-8.1.0-posix-dwarf-rt_v6-rev0\mingw32\bin;C:\Users\Ajinkya\AppData\Local\Programs\Microsoft VS Code\bin;C:\Users\Ajinkya\AppData\Roaming\npm;
USERNAME=Ajinkya
OS=Windows_NT
PROCESSOR_IDENTIFIER=Intel64 Family 6 Model 142 Stepping 12, GenuineIntel
TMP=C:\Users\Ajinkya\AppData\Local\Temp
TEMP=C:\Users\Ajinkya\AppData\Local\Temp



---------------  S Y S T E M  ---------------

OS:
 Windows 11 , 64 bit Build 22621 (10.0.22621.1194)
OS uptime: 0 days 20:36 hours
Hyper-V role detected

CPU: total 8 (initial active 8) (4 cores per cpu, 2 threads per core) family 6 model 142 stepping 12 microcode 0xea, cx8, cmov, fxsr, ht, mmx, 3dnowpref, sse, sse2, sse3, ssse3, sse4.1, sse4.2, popcnt, lzcnt, tsc, tscinvbit, avx, avx2, aes, erms, clmul, bmi1, bmi2, adx, fma, vzeroupper, clflush, clflushopt, hv, rdtscp

Memory: 4k page, system-wide physical 12166M (1927M free)
TotalPageFile size 42573M (AvailPageFile size 0M)
current process WorkingSet (physical memory assigned to process): 76M, peak: 85M
current process commit charge ("private bytes"): 293M, peak: 303M

vm_info: Java HotSpot(TM) 64-Bit Server VM (19.0.2+7-44) for windows-amd64 JRE (19.0.2+7-44), built on 2022-11-30T18:02:09Z by "mach5one" with MS VC++ 17.1 (VS2022)

END.
