#
# A fatal error has been detected by the Java Runtime Environment:
#
#  EXCEPTION_ACCESS_VIOLATION (0xc0000005) at pc=0x00007ffd36f45888, pid=9928, tid=14264
#
# JRE version: Java(TM) SE Runtime Environment (19.0.2+7) (build 19.0.2+7-44)
# Java VM: Java HotSpot(TM) 64-Bit Server VM (19.0.2+7-44, mixed mode, sharing, tiered, compressed oops, compressed class ptrs, g1 gc, windows-amd64)
# Problematic frame:
# C  [ucrtbase.dll+0x5888]
#
# No core dump will be written. Minidumps are not enabled by default on client versions of Windows
#

#   
#

---------------  S U M M A R Y ------------

Command Line: -Dfile.encoding=UTF-8 --module-path=C:\Users\Ajinkya\OneDrive\Documents\NetBeansProjects\bank management system\build\classes bank.management.system.Login

Host: Intel(R) Core(TM) i5-8265U CPU @ 1.60GHz, 8 cores, 11G,  Windows 11 , 64 bit Build 22621 (10.0.22621.1194)
Time: Mon Mar  6 12:54:15 2023 India Standard Time elapsed time: 3668.968787 seconds (0d 1h 1m 8s)

---------------  T H R E A D  ---------------

Current thread (0x0000026b002a4ff0):  JavaThread "AWT-Windows" daemon [_thread_in_Java, id=14264, stack(0x00000081a0800000,0x00000081a0900000)]

Stack: [0x00000081a0800000,0x00000081a0900000],  sp=0x00000081a08fabe0,  free space=1002k
Native frames: (J=compiled Java code, j=interpreted, Vv=VM code, C=native code)
C  [ucrtbase.dll+0x5888]
C  [ucrtbase.dll+0x634c]
C  [ucrtbase.dll+0x504d]
C  [ucrtbase.dll+0x4ef4]
C  [ucrtbase.dll+0x3403]
C  [ucrtbase.dll+0x332b]
C  [ucrtbase.dll+0x32db]
C  [awt.dll+0x74ead]

Java frames: (J=compiled Java code, j=interpreted, Vv=VM code)
v  ~UncommonTrapBlob 0x0000026b6e906d2b
J 1291 c2 java.util.HashMap.keysToArray([Ljava/lang/Object;)[Ljava/lang/Object; java.base@19.0.2 (81 bytes) @ 0x0000026b6eea0450 [0x0000026b6eea0120+0x0000000000000330]
j  java.util.HashMap$KeySet.toArray([Ljava/lang/Object;)[Ljava/lang/Object;+12 java.base@19.0.2
j  sun.awt.windows.WDesktopProperties.getKeyNames()[Ljava/lang/String;+11 java.desktop@19.0.2
j  sun.awt.windows.WDesktopProperties.getProperties()Ljava/util/Map;+38 java.desktop@19.0.2
j  sun.awt.windows.WToolkit.getWProps()Ljava/util/Map;+11 java.desktop@19.0.2
j  sun.awt.windows.WToolkit.windowsSettingChange()V+1 java.desktop@19.0.2
v  ~StubRoutines::call_stub 0x0000026b6e8a100e
j  sun.awt.windows.WToolkit.eventLoop()V+0 java.desktop@19.0.2
j  sun.awt.windows.WToolkit.run()V+50 java.desktop@19.0.2
j  java.lang.Thread.run()V+13 java.base@19.0.2
v  ~StubRoutines::call_stub 0x0000026b6e8a100e

siginfo: EXCEPTION_ACCESS_VIOLATION (0xc0000005), writing address 0x0000000000000000


Registers:
RAX=0x0000026b5d261c6a, RBX=0x00007ffd3703f550, RCX=0x0000000000000000, RDX=0x0000026b5d261cc0
RSP=0x00000081a08fabe0, RBP=0x0000000000000000, RSI=0x00000081a08fb220, RDI=0x0000000000000000
R8 =0x00000081a08fb220, R9 =0x0000000000002282, R10=0x0000000000000002, R11=0x00007ffd37040990
R12=0x0000026b002ac3d0, R13=0x0000026b6ee9ff90, R14=0x00000081a08fb140, R15=0x00007ffd3701c530
RIP=0x00007ffd36f45888, EFLAGS=0x0000000000010246


Register to memory mapping:

RIP=0x00007ffd36f45888 ucrtbase.dll
RAX=0x0000026b5d261c6a points into unknown readable memory: 0a 0a 0a 00 00 00
RBX=0x00007ffd3703f550 ucrtbase.dll
RCX=0x0 is NULL
RDX=0x0000026b5d261cc0 points into unknown readable memory: 0xffffffffffffffff | ff ff ff ff ff ff ff ff
RSP=0x00000081a08fabe0 is pointing into the stack for thread: 0x0000026b002a4ff0
RBP=0x0 is NULL
RSI=0x00000081a08fb220 is pointing into the stack for thread: 0x0000026b002a4ff0
RDI=0x0 is NULL
R8 =0x00000081a08fb220 is pointing into the stack for thread: 0x0000026b002a4ff0
R9 =0x0000000000002282 is an unknown value
R10=0x0000000000000002 is an unknown value
R11=0x00007ffd37040990 ucrtbase.dll
R12=0x0000026b002ac3d0 points into unknown readable memory: 0x0000000a00000001 | 01 00 00 00 0a 00 00 00
R13=0x0000026b6ee9ff90 is at entry_point+-400 in (nmethod*)0x0000026b6ee9ff90
Compiled method (c2) 3669032 1291       4       java.util.HashMap::keysToArray (81 bytes)
 total in heap  [0x0000026b6ee9ff90,0x0000026b6eea06c8] = 1848
 relocation     [0x0000026b6eea00f0,0x0000026b6eea0118] = 40
 main code      [0x0000026b6eea0120,0x0000026b6eea04c0] = 928
 stub code      [0x0000026b6eea04c0,0x0000026b6eea04d8] = 24
 metadata       [0x0000026b6eea04d8,0x0000026b6eea04e8] = 16
 scopes data    [0x0000026b6eea04e8,0x0000026b6eea05f0] = 264
 scopes pcs     [0x0000026b6eea05f0,0x0000026b6eea06a0] = 176
 dependencies   [0x0000026b6eea06a0,0x0000026b6eea06a8] = 8
 nul chk table  [0x0000026b6eea06a8,0x0000026b6eea06c8] = 32
R14=0x00000081a08fb140 is pointing into the stack for thread: 0x0000026b002a4ff0
R15=0x00007ffd3701c530 ucrtbase.dll


Top of Stack: (sp=0x00000081a08fabe0)
0x00000081a08fabe0:   00000081a08fdd60 00000081a08fdd60
0x00000081a08fabf0:   00000081a08fdd18 00000081a08fdd1c
0x00000081a08fac00:   00000081a08fb220 00007ffd36f4634c
0x00000081a08fac10:   00000081a08fdd6a 00007ffd3703f550
0x00000081a08fac20:   0000000000000000 000000000000006a
0x00000081a08fac30:   00000081a08fb220 00007ffd36f4504d
0x00000081a08fac40:   00000081a08face0 00000000ffffffff
0x00000081a08fac50:   00000081a08fdce8 00000081a08fdcec
0x00000081a08fac60:   00000081a08fdce0 00007ffd36f44ef4
0x00000081a08fac70:   00000081a08fdcd8 00000081a08fdcdc
0x00000081a08fac80:   00000081a08fdcd0 00000081a08fdcd4
0x00000081a08fac90:   0000026b00617448 0000026b002a4ff0
0x00000081a08faca0:   00000081a08fb220 00007ffd3703f550
0x00000081a08facb0:   0000000000000000 00007ffd36f43403
0x00000081a08facc0:   00000081a08fb290 00000081a08fadc0
0x00000081a08facd0:   00000081a08fb200 0000026b00617448 

Instructions: (pc=0x00007ffd36f45888)
0x00007ffd36f45788:   89 03 89 7b 10 8b 43 14 90 a8 04 75 11 8b 43 14
0x00007ffd36f45798:   90 83 e0 41 3c 41 0f 84 02 76 05 00 eb 05 f0 83
0x00007ffd36f457a8:   63 14 fc 8b 4b 18 4c 8b ce 44 8b c5 49 8b d6 90
0x00007ffd36f457b8:   e8 37 1c 02 00 48 83 f8 ff 40 0f 95 c7 8d 47 ff
0x00007ffd36f457c8:   48 8b 5c 24 30 48 8b 6c 24 38 48 8b 74 24 40 48
0x00007ffd36f457d8:   8b 7c 24 48 48 83 c4 20 41 5e c3 41 c6 41 30 01
0x00007ffd36f457e8:   83 c8 ff 41 c7 41 2c 16 00 00 00 eb d3 cc cc cc
0x00007ffd36f457f8:   cc cc cc cc 48 8b c4 48 89 58 10 48 89 68 18 48
0x00007ffd36f45808:   89 70 20 88 48 08 57 48 83 ec 20 48 8b ca 49 8b
0x00007ffd36f45818:   f0 48 8b da e8 af 25 00 00 8b 4b 14 90 4c 63 d0
0x00007ffd36f45828:   f6 c1 c0 74 75 8b 3b 33 ed 48 8b 53 08 2b 7b 08
0x00007ffd36f45838:   48 8d 42 01 48 89 03 8b 43 20 ff c8 89 43 10 85
0x00007ffd36f45848:   ff 7f 72 41 8d 42 02 83 f8 01 76 7b 49 8b ca 48
0x00007ffd36f45858:   8d 15 32 b1 0f 00 49 8b c2 48 c1 f8 06 83 e1 3f
0x00007ffd36f45868:   48 8b 04 c2 48 8d 0c c9 48 8d 14 c8 f6 42 38 20
0x00007ffd36f45878:   0f 85 46 18 05 00 48 8b 4b 08 3b ef 8a 44 24 30
0x00007ffd36f45888:   88 01 0f 94 c0 48 8b 5c 24 38 48 8b 6c 24 40 48
0x00007ffd36f45898:   8b 74 24 48 48 83 c4 20 5f c3 4c 8b ce 48 8d 54
0x00007ffd36f458a8:   24 30 41 b8 01 00 00 00 41 8b ca e8 f0 05 00 00
0x00007ffd36f458b8:   83 f8 01 eb cd 4c 8b ce 44 8b c7 41 8b ca e8 dd
0x00007ffd36f458c8:   05 00 00 8b e8 eb af 48 8d 15 5a a3 0f 00 eb 9c
0x00007ffd36f458d8:   cc cc cc cc cc cc cc cc 48 89 5c 24 08 48 89 74
0x00007ffd36f458e8:   24 10 57 48 83 ec 20 48 8d 59 08 48 8b f9 48 8b
0x00007ffd36f458f8:   cb e8 52 02 00 00 8b d0 83 f8 ff 74 3c 0f b6 47
0x00007ffd36f45908:   38 3b d0 75 2c 0f b6 f2 e8 cb 27 00 00 45 33 c0
0x00007ffd36f45918:   66 44 39 04 70 0f 8c 9d 74 05 00 41 b0 01 41 8a
0x00007ffd36f45928:   c0 48 8b 5c 24 30 48 8b 74 24 38 48 83 c4 20 5f
0x00007ffd36f45938:   c3 48 8b cb e8 4f ea ff ff 32 c0 eb e4 cc cc cc
0x00007ffd36f45948:   cc cc cc cc 48 89 5c 24 08 48 89 6c 24 10 48 89
0x00007ffd36f45958:   74 24 18 57 41 54 41 55 41 56 41 57 48 83 ec 40
0x00007ffd36f45968:   4c 8b f9 45 0f b6 e9 48 8b ca 41 8b e8 48 8b f2
0x00007ffd36f45978:   e8 e7 e5 ff ff 33 ff 84 c0 0f 84 31 75 05 00 8d 


Stack slot to memory mapping:
stack at sp + 0 slots: 0x00000081a08fdd60 is pointing into the stack for thread: 0x0000026b002a4ff0
stack at sp + 1 slots: 0x00000081a08fdd60 is pointing into the stack for thread: 0x0000026b002a4ff0
stack at sp + 2 slots: 0x00000081a08fdd18 is pointing into the stack for thread: 0x0000026b002a4ff0
stack at sp + 3 slots: 0x00000081a08fdd1c is pointing into the stack for thread: 0x0000026b002a4ff0
stack at sp + 4 slots: 0x00000081a08fb220 is pointing into the stack for thread: 0x0000026b002a4ff0
stack at sp + 5 slots: 0x00007ffd36f4634c ucrtbase.dll
stack at sp + 6 slots: 0x00000081a08fdd6a is pointing into the stack for thread: 0x0000026b002a4ff0
stack at sp + 7 slots: 0x00007ffd3703f550 ucrtbase.dll

--------------------------------------------------------------------------------
Decoding CodeBlob, name: UncommonTrapBlob, at  [0x0000026b6e906d00, 0x0000026b6e906e08]  264 bytes
[MachCode]
  0x0000026b6e906d00: 4883 ec28 | 4889 6c24 | 208b d2c5 | f877 4989 | a7c0 0200 | 0049 8bcf | 41b8 0200 | 0000 49ba 
  0x0000026b6e906d20: 1040 53d7 | fc7f 0000 | 41ff d249 | c787 c002 | 0000 0000 | 0000 49c7 | 87c8 0200 | 0000 0000 
  0x0000026b6e906d40: 00c5 f877 | 488b f848 | 83c4 288b | 0f48 03e1 | 488b 6f30 | 488b 4f18 | 4883 c408 | 488b 7710 
  0x0000026b6e906d60: 8b57 084c | 8bc4 8b5f | 0448 2be3 | 488b 1e48 | 83eb 1048 | ff31 5548 | 8bec 482b | e34c 8945 
  0x0000026b6e906d80: f848 c745 | f000 0000 | 004c 8bc4 | 4883 c608 | 4883 c108 | ffca 75d4 | 48ff 3155 | 488b ec48 
  0x0000026b6e906da0: 83ec 20c5 | f877 4989 | afd0 0200 | 0049 baa3 | 6d90 6e6b | 0200 004d | 8997 c802 | 0000 4989 
  0x0000026b6e906dc0: a7c0 0200 | 0048 83e4 | f049 8bcf | ba02 0000 | 0049 baa0 | 5053 d7fc | 7f00 0041 | ffd2 49c7 
  0x0000026b6e906de0: 87c0 0200 | 0000 0000 | 0049 c787 | d002 0000 | 0000 0000 | 49c7 87c8 | 0200 0000 | 0000 00c5 
  0x0000026b6e906e00: f877 c9c3 | f4f4 f4f4 
[/MachCode]
--------------------------------------------------------------------------------


Compiled method (c2) 3669066 1291       4       java.util.HashMap::keysToArray (81 bytes)
 total in heap  [0x0000026b6ee9ff90,0x0000026b6eea06c8] = 1848
 relocation     [0x0000026b6eea00f0,0x0000026b6eea0118] = 40
 main code      [0x0000026b6eea0120,0x0000026b6eea04c0] = 928
 stub code      [0x0000026b6eea04c0,0x0000026b6eea04d8] = 24
 metadata       [0x0000026b6eea04d8,0x0000026b6eea04e8] = 16
 scopes data    [0x0000026b6eea04e8,0x0000026b6eea05f0] = 264
 scopes pcs     [0x0000026b6eea05f0,0x0000026b6eea06a0] = 176
 dependencies   [0x0000026b6eea06a0,0x0000026b6eea06a8] = 8
 nul chk table  [0x0000026b6eea06a8,0x0000026b6eea06c8] = 32

[Constant Pool (empty)]

[MachCode]
[Entry Point]
  # {method} {0x00000008000ac7a0} 'keysToArray' '([Ljava/lang/Object;)[Ljava/lang/Object;' in 'java/util/HashMap'
  # this:     rdx:rdx   = 'java/util/HashMap'
  # parm0:    r8:r8     = '[Ljava/lang/Object;'
  #           [sp+0x80]  (sp of caller)
  0x0000026b6eea0120: 448b 5208 | 49bb 0000 | 0000 0800 | 0000 4d03 | d349 3bc2 

  0x0000026b6eea0134: ;   {runtime_call ic_miss_stub}
  0x0000026b6eea0134: 0f85 4616 | a6ff 6690 | 0f1f 4000 
[Verified Entry Point]
  0x0000026b6eea0140: 8984 2400 | 90ff ff55 | 4883 ec70 | 4c8b d28b | 6a14 85ed | 0f8e f602 | 0000 8b6a | 2466 6690 
  0x0000026b6eea0160: ; implicit exception: dispatches to 0x0000026b6eea0494
  0x0000026b6eea0160: 458b 6cec | 0c45 85ed | 0f86 7b01 | 0000 458b | d541 ffca | 453b d50f | 83a8 0200 | 0049 8bf0 
  0x0000026b6eea0180: ; implicit exception: dispatches to 0x0000026b6eea043c
  0x0000026b6eea0180: 458b 5808 

  0x0000026b6eea0184: ;   {metadata('java/lang/Object'[])}
  0x0000026b6eea0184: 4181 fb28 | 1200 000f | 85ab 0200 | 0045 8b40 | 0c49 8d1c 

  0x0000026b6eea0198: ;   {metadata('java/lang/Object'[])}
  0x0000026b6eea0198: ec49 ba28 | 1200 0008 | 0000 0049 | 8b92 d000 | 0000 448b | 5a14 4489 | 5c24 3449 | 63fb 4533 
  0x0000026b6eea01b8: c945 33f6 | eb30 418b | ed45 8bee | 448b 4c24 | 3044 8b74 | 2420 448b | 4424 3848 | 8b7c 2440 
  0x0000026b6eea01d8: 4d8b 9f80 | 0300 0041 

  0x0000026b6eea01e0: ; ImmutableOopMap {rbx=Oop rsi=Oop rbp=NarrowOop }
                      ;*goto {reexecute=1 rethrow=0 return_oop=0}
                      ; - (reexecute) java.util.HashMap::keysToArray@76 (line 956)
                      ;   {poll}
  0x0000026b6eea01e0: ffc6 4185 | 0345 3bf5 | 0f8d fe00 | 0000 468b | 54b3 1045 | 85d2 74e0 | 4b8d 0cd4 | 0f1f 4000 
  0x0000026b6eea0200: 448b 5110 | 458b d941 | ffc3 453b | c80f 83c4 | 0100 0048 | 897c 2440 | 4489 4424 | 3866 6690 
  0x0000026b6eea0220: ; implicit exception: dispatches to 0x0000026b6eea0464
  0x0000026b6eea0220: 478b 44d4 | 0844 895c | 2430 4489 | 5424 2448 | 894c 2428 | 4489 7424 | 2045 8bf5 | 448b ed4c 
  0x0000026b6eea0240: 8bde 48be | 0000 0000 | 0800 0000 | 4903 f04c | 8b14 3e49 | 3bd2 0f85 | a600 0000 | 498b f34a 
  0x0000026b6eea0260: 8d7c 8e10 | 4180 7f40 | 000f 85dd | 0000 008b | 6c24 2489 | 2f4d 8d14 | ec4c 8bdf | 4d33 d349 
  0x0000026b6eea0280: c1ea 154d | 85d2 741e | 49c1 eb09 | 48b9 0010 | 2c73 6b02 | 0000 4903 | cb80 3904 | 0f1f 4000 
  0x0000026b6eea02a0: 0f85 e200 | 0000 4d8b | 8780 0300 | 004c 8b54 | 2428 458b 

  0x0000026b6eea02b4: ; ImmutableOopMap {r11=NarrowOop rbx=Oop rsi=Oop r13=NarrowOop }
                      ;*goto {reexecute=1 rethrow=0 return_oop=0}
                      ; - (reexecute) java.util.HashMap::keysToArray@70 (line 957)
                      ;   {poll}
  0x0000026b6eea02b4: 5a18 4185 | 0045 85db | 0f1f 4000 | 0f84 f8fe | ffff 4b8d | 0cdc 418b | ed45 8bee | 448b 4c24 
  0x0000026b6eea02d4: 3044 8b74 | 2420 448b | 4424 3848 | 8b7c 2440 | e917 ffff | ff49 8bf0 | 488b c648 | 83c4 705d 
  0x0000026b6eea02f4: ;   {poll_return}
  0x0000026b6eea02f4: 493b a778 | 0300 000f | 87a3 0100 | 00c3 8b6c | 2434 83fd | 2075 2c48 | 3bf2 0f84 | 48ff ffff 
  0x0000026b6eea0314: 488b c248 | 8b7e 288b | 0f48 83c7 | 0848 85c0 | f248 af0f | 8504 0000 | 0048 8946 | 200f 8425 
  0x0000026b6eea0334: ffff ffba | d6ff ffff | 498b eb44 | 894c 2420 

  0x0000026b6eea0344: ;   {runtime_call UncommonTrapBlob}
  0x0000026b6eea0344: 6666 90e8 

  0x0000026b6eea0348: ; ImmutableOopMap {rbp=Oop [36]=NarrowOop }
                      ;*aastore {reexecute=1 rethrow=0 return_oop=0}
                      ; - (reexecute) java.util.HashMap::keysToArray@62 (line 958)
  0x0000026b6eea0348: b469 a6ff | 448b 1f45 | 85db 0f84 | 17ff ffff | 488b ea4d | 8b57 2849 | 8bcb 48c1 | e103 4d85 
  0x0000026b6eea0368: d20f 849d | 0000 004d | 8b5f 384b | 894c 13f8 | 4983 c2f8 | 4d89 5728 | 488b d5e9 | e7fe ffff 
  0x0000026b6eea0388: 4d8b 5758 | 4d8b 5f48 | f083 4424 | c000 8039 | 000f 8407 | ffff ff44 | 8821 4d85 | db75 1e48 
  0x0000026b6eea03a8: 8bea 498b | d749 ba90 | 1e5c d7fc | 7f00 0041 | ffd2 488b | d566 6690 | e9e1 feff | ff4b 894c 
  0x0000026b6eea03c8: 1af8 4983 | c3f8 4d89 | 5f48 e9cf | feff ffba | e4ff ffff | 4889 7424 | 2844 895c | 2430 4489 
  0x0000026b6eea03e8: 6c24 3444 | 8974 2438 | 4889 4c24 | 4048 8974 | 2448 4489 | 4c24 3c44 | 8954 2450 

  0x0000026b6eea0404: ;   {runtime_call UncommonTrapBlob}
  0x0000026b6eea0404: 6666 90e8 

  0x0000026b6eea0408: ; ImmutableOopMap {rbp=NarrowOop [40]=Oop [64]=Oop [72]=Oop [80]=NarrowOop }
                      ;*aastore {reexecute=1 rethrow=0 return_oop=0}
                      ; - (reexecute) java.util.HashMap::keysToArray@62 (line 958)
  0x0000026b6eea0408: f468 a6ff | 498b d749 | bab0 1e5c | d7fc 7f00 | 0041 ffd2 | 0f1f 4000 | e95b ffff | ffba 76ff 
  0x0000026b6eea0428: ffff 4c89 | 4424 2844 | 896c 2434 

  0x0000026b6eea0434: ;   {runtime_call UncommonTrapBlob}
  0x0000026b6eea0434: 6666 90e8 

  0x0000026b6eea0438: ; ImmutableOopMap {rbp=NarrowOop [40]=Oop }
                      ;*if_icmpge {reexecute=1 rethrow=0 return_oop=0}
                      ; - (reexecute) java.util.HashMap::keysToArray@36 (line 956)
  0x0000026b6eea0438: c468 a6ff | babe ffff | ff4c 8944 | 2428 4489 

  0x0000026b6eea0448: ;   {runtime_call UncommonTrapBlob}
  0x0000026b6eea0448: 6c24 34e8 

  0x0000026b6eea044c: ; ImmutableOopMap {rbp=NarrowOop [40]=Oop }
                      ;*if_icmpge {reexecute=1 rethrow=0 return_oop=0}
                      ; - (reexecute) java.util.HashMap::keysToArray@36 (line 956)
  0x0000026b6eea044c: b068 a6ff | ba45 ffff | ff4c 8954 | 2420 4c89 

  0x0000026b6eea045c: ;   {runtime_call UncommonTrapBlob}
  0x0000026b6eea045c: 4424 30e8 

  0x0000026b6eea0460: ; ImmutableOopMap {[32]=Oop [48]=Oop }
                      ;*ifle {reexecute=1 rethrow=0 return_oop=0}
                      ; - (reexecute) java.util.HashMap::keysToArray@9 (line 955)
  0x0000026b6eea0460: 9c68 a6ff | baf4 ffff | ff48 8974 | 2428 4489 | 5c24 3044 | 896c 2434 | 4489 7424 | 3848 894c 
  0x0000026b6eea0480: 2440 4889 | 7424 4844 | 894c 243c 

  0x0000026b6eea048c: ;   {runtime_call UncommonTrapBlob}
  0x0000026b6eea048c: 6666 90e8 

  0x0000026b6eea0490: ; ImmutableOopMap {rbp=NarrowOop [40]=Oop [64]=Oop [72]=Oop }
                      ;*aastore {reexecute=1 rethrow=0 return_oop=0}
                      ; - (reexecute) java.util.HashMap::keysToArray@62 (line 958)
  0x0000026b6eea0490: 6c68 a6ff | ba45 ffff | ff4c 8944 

  0x0000026b6eea049c: ;   {runtime_call UncommonTrapBlob}
  0x0000026b6eea049c: 2428 90e8 

  0x0000026b6eea04a0: ; ImmutableOopMap {rbp=NarrowOop [40]=Oop }
                      ;*ifnull {reexecute=1 rethrow=0 return_oop=0}
                      ; - (reexecute) java.util.HashMap::keysToArray@18 (line 955)
  0x0000026b6eea04a0: 5c68 a6ff 

  0x0000026b6eea04a4: ;   {internal_word}
  0x0000026b6eea04a4: 49ba f402 | ea6e 6b02 | 0000 4d89 | 9790 0300 

  0x0000026b6eea04b4: ;   {runtime_call SafepointBlob}
  0x0000026b6eea04b4: 00e9 4679 | a6ff f4f4 | f4f4 f4f4 
[Exception Handler]
  0x0000026b6eea04c0: ;   {no_reloc}
  0x0000026b6eea04c0: e93b 80b0 | ffe8 0000 | 0000 4883 

  0x0000026b6eea04cc: ;   {runtime_call DeoptimizationBlob}
  0x0000026b6eea04cc: 2c24 05e9 | cc6b a6ff | f4f4 f4f4 
[/MachCode]


---------------  P R O C E S S  ---------------

Threads class SMR info:
_java_thread_list=0x0000026b04835980, length=16, elements={
0x0000026b0028ad50, 0x0000026b0028f890, 0x0000026b00295580, 0x0000026b002982c0,
0x0000026b00299390, 0x0000026b0029d960, 0x0000026b002a0d70, 0x0000026b002a1e80,
0x0000026b002a5a90, 0x0000026b002a8510, 0x0000026b002a6fd0, 0x0000026b002a5540,
0x0000026b002a5fe0, 0x0000026b002a4ff0, 0x0000026b002a7a70, 0x0000026b002a7fc0
}

Java Threads: ( => current thread )
  0x0000026b0028ad50 JavaThread "Reference Handler" daemon [_thread_blocked, id=16544, stack(0x000000819fa00000,0x000000819fb00000)]
  0x0000026b0028f890 JavaThread "Finalizer" daemon [_thread_blocked, id=12344, stack(0x000000819fb00000,0x000000819fc00000)]
  0x0000026b00295580 JavaThread "Signal Dispatcher" daemon [_thread_blocked, id=17680, stack(0x000000819fc00000,0x000000819fd00000)]
  0x0000026b002982c0 JavaThread "Attach Listener" daemon [_thread_blocked, id=6932, stack(0x000000819fd00000,0x000000819fe00000)]
  0x0000026b00299390 JavaThread "Service Thread" daemon [_thread_blocked, id=3356, stack(0x000000819fe00000,0x000000819ff00000)]
  0x0000026b0029d960 JavaThread "Monitor Deflation Thread" daemon [_thread_blocked, id=19112, stack(0x000000819ff00000,0x00000081a0000000)]
  0x0000026b002a0d70 JavaThread "C2 CompilerThread0" daemon [_thread_blocked, id=11688, stack(0x00000081a0000000,0x00000081a0100000)]
  0x0000026b002a1e80 JavaThread "C1 CompilerThread0" daemon [_thread_blocked, id=12732, stack(0x00000081a0100000,0x00000081a0200000)]
  0x0000026b002a5a90 JavaThread "Sweeper thread" daemon [_thread_blocked, id=14528, stack(0x00000081a0200000,0x00000081a0300000)]
  0x0000026b002a8510 JavaThread "Common-Cleaner" daemon [_thread_blocked, id=17252, stack(0x00000081a0300000,0x00000081a0400000)]
  0x0000026b002a6fd0 JavaThread "Notification Thread" daemon [_thread_blocked, id=12628, stack(0x00000081a0400000,0x00000081a0500000)]
  0x0000026b002a5540 JavaThread "Java2D Disposer" daemon [_thread_blocked, id=3876, stack(0x00000081a0600000,0x00000081a0700000)]
  0x0000026b002a5fe0 JavaThread "AWT-Shutdown" [_thread_blocked, id=16452, stack(0x00000081a0700000,0x00000081a0800000)]
=>0x0000026b002a4ff0 JavaThread "AWT-Windows" daemon [_thread_in_Java, id=14264, stack(0x00000081a0800000,0x00000081a0900000)]
  0x0000026b002a7a70 JavaThread "AWT-EventQueue-0" [_thread_blocked, id=18180, stack(0x00000081a0a00000,0x00000081a0b00000)]
  0x0000026b002a7fc0 JavaThread "DestroyJavaVM" [_thread_blocked, id=11044, stack(0x000000819f300000,0x000000819f400000)]

Other Threads:
  0x0000026b002774c0 VMThread "VM Thread" [stack: 0x000000819f900000,0x000000819fa00000] [id=5612]
  0x0000026b04664a60 WatcherThread "VM Periodic Task Thread" [stack: 0x00000081a0500000,0x00000081a0600000] [id=14732]
  0x0000026b5f4650e0 WorkerThread "GC Thread#0" [stack: 0x000000819f400000,0x000000819f500000] [id=16404]
  0x0000026b5f471e50 ConcurrentGCThread "G1 Main Marker" [stack: 0x000000819f500000,0x000000819f600000] [id=15540]
  0x0000026b5f472880 WorkerThread "G1 Conc#0" [stack: 0x000000819f600000,0x000000819f700000] [id=17788]
  0x0000026b001324b0 ConcurrentGCThread "G1 Refine#0" [stack: 0x000000819f700000,0x000000819f800000] [id=13840]
  0x0000026b5f4ccd90 ConcurrentGCThread "G1 Service" [stack: 0x000000819f800000,0x000000819f900000] [id=10768]

Threads with active compile tasks:

VM state: not at safepoint (normal execution)

VM Mutex/Monitor currently owned by a thread: None

Heap address: 0x0000000741e00000, size: 3042 MB, Compressed Oops mode: Zero based, Oop shift amount: 3

CDS archive(s) mapped at: [0x0000000800000000-0x0000000800c40000-0x0000000800c40000), size 12845056, SharedBaseAddress: 0x0000000800000000, ArchiveRelocationMode: 0.
Compressed class space mapped at: 0x0000000801000000-0x0000000841000000, reserved size: 1073741824
Narrow klass base: 0x0000000800000000, Narrow klass shift: 0, Narrow klass range: 0x100000000

GC Precious Log:
 CardTable entry size: 512
 Card Set container configuration: InlinePtr #cards 4 size 8 Array Of Cards #cards 16 size 48 Howl #buckets 8 coarsen threshold 3686 Howl Bitmap #cards 512 size 80 coarsen threshold 460 Card regions per heap region 1 cards per card region 4096
 CPUs: 8 total, 8 available
 Memory: 12166M
 Large Page Support: Disabled
 NUMA Support: Disabled
 Compressed Oops: Enabled (Zero based)
 Heap Region Size: 2M
 Heap Min Capacity: 8M
 Heap Initial Capacity: 192M
 Heap Max Capacity: 3042M
 Pre-touch: Disabled
 Parallel Workers: 8
 Concurrent Workers: 2
 Concurrent Refinement Workers: 8
 Periodic GC: Disabled

Heap:
 garbage-first heap   total 196608K, used 22528K [0x0000000741e00000, 0x0000000800000000)
  region size 2048K, 10 young (20480K), 0 survivors (0K)
 Metaspace       used 7136K, committed 7360K, reserved 1114112K
  class space    used 710K, committed 832K, reserved 1048576K

Heap Regions: E=young(eden), S=young(survivor), O=old, HS=humongous(starts), HC=humongous(continues), CS=collection set, F=free, OA=open archive, CA=closed archive, TAMS=top-at-mark-start (previous, next)
|   0|0x0000000741e00000, 0x0000000742000000, 0x0000000742000000|100%|HS|  |TAMS 0x0000000741e00000, 0x0000000741e00000| Complete 
|   1|0x0000000742000000, 0x0000000742200000, 0x0000000742200000|100%|HC|  |TAMS 0x0000000742000000, 0x0000000742000000| Complete 
|   2|0x0000000742200000, 0x0000000742200000, 0x0000000742400000|  0%| F|  |TAMS 0x0000000742200000, 0x0000000742200000| Untracked 
|   3|0x0000000742400000, 0x0000000742400000, 0x0000000742600000|  0%| F|  |TAMS 0x0000000742400000, 0x0000000742400000| Untracked 
|   4|0x0000000742600000, 0x0000000742600000, 0x0000000742800000|  0%| F|  |TAMS 0x0000000742600000, 0x0000000742600000| Untracked 
|   5|0x0000000742800000, 0x0000000742800000, 0x0000000742a00000|  0%| F|  |TAMS 0x0000000742800000, 0x0000000742800000| Untracked 
|   6|0x0000000742a00000, 0x0000000742a00000, 0x0000000742c00000|  0%| F|  |TAMS 0x0000000742a00000, 0x0000000742a00000| Untracked 
|   7|0x0000000742c00000, 0x0000000742c00000, 0x0000000742e00000|  0%| F|  |TAMS 0x0000000742c00000, 0x0000000742c00000| Untracked 
|   8|0x0000000742e00000, 0x0000000742e00000, 0x0000000743000000|  0%| F|  |TAMS 0x0000000742e00000, 0x0000000742e00000| Untracked 
|   9|0x0000000743000000, 0x0000000743000000, 0x0000000743200000|  0%| F|  |TAMS 0x0000000743000000, 0x0000000743000000| Untracked 
|  10|0x0000000743200000, 0x0000000743200000, 0x0000000743400000|  0%| F|  |TAMS 0x0000000743200000, 0x0000000743200000| Untracked 
|  11|0x0000000743400000, 0x0000000743400000, 0x0000000743600000|  0%| F|  |TAMS 0x0000000743400000, 0x0000000743400000| Untracked 
|  12|0x0000000743600000, 0x0000000743600000, 0x0000000743800000|  0%| F|  |TAMS 0x0000000743600000, 0x0000000743600000| Untracked 
|  13|0x0000000743800000, 0x0000000743800000, 0x0000000743a00000|  0%| F|  |TAMS 0x0000000743800000, 0x0000000743800000| Untracked 
|  14|0x0000000743a00000, 0x0000000743a00000, 0x0000000743c00000|  0%| F|  |TAMS 0x0000000743a00000, 0x0000000743a00000| Untracked 
|  15|0x0000000743c00000, 0x0000000743c00000, 0x0000000743e00000|  0%| F|  |TAMS 0x0000000743c00000, 0x0000000743c00000| Untracked 
|  16|0x0000000743e00000, 0x0000000743e00000, 0x0000000744000000|  0%| F|  |TAMS 0x0000000743e00000, 0x0000000743e00000| Untracked 
|  17|0x0000000744000000, 0x0000000744000000, 0x0000000744200000|  0%| F|  |TAMS 0x0000000744000000, 0x0000000744000000| Untracked 
|  18|0x0000000744200000, 0x0000000744200000, 0x0000000744400000|  0%| F|  |TAMS 0x0000000744200000, 0x0000000744200000| Untracked 
|  19|0x0000000744400000, 0x0000000744400000, 0x0000000744600000|  0%| F|  |TAMS 0x0000000744400000, 0x0000000744400000| Untracked 
|  20|0x0000000744600000, 0x0000000744600000, 0x0000000744800000|  0%| F|  |TAMS 0x0000000744600000, 0x0000000744600000| Untracked 
|  21|0x0000000744800000, 0x0000000744800000, 0x0000000744a00000|  0%| F|  |TAMS 0x0000000744800000, 0x0000000744800000| Untracked 
|  22|0x0000000744a00000, 0x0000000744a00000, 0x0000000744c00000|  0%| F|  |TAMS 0x0000000744a00000, 0x0000000744a00000| Untracked 
|  23|0x0000000744c00000, 0x0000000744c00000, 0x0000000744e00000|  0%| F|  |TAMS 0x0000000744c00000, 0x0000000744c00000| Untracked 
|  24|0x0000000744e00000, 0x0000000744e00000, 0x0000000745000000|  0%| F|  |TAMS 0x0000000744e00000, 0x0000000744e00000| Untracked 
|  25|0x0000000745000000, 0x0000000745000000, 0x0000000745200000|  0%| F|  |TAMS 0x0000000745000000, 0x0000000745000000| Untracked 
|  26|0x0000000745200000, 0x0000000745200000, 0x0000000745400000|  0%| F|  |TAMS 0x0000000745200000, 0x0000000745200000| Untracked 
|  27|0x0000000745400000, 0x0000000745400000, 0x0000000745600000|  0%| F|  |TAMS 0x0000000745400000, 0x0000000745400000| Untracked 
|  28|0x0000000745600000, 0x0000000745600000, 0x0000000745800000|  0%| F|  |TAMS 0x0000000745600000, 0x0000000745600000| Untracked 
|  29|0x0000000745800000, 0x0000000745800000, 0x0000000745a00000|  0%| F|  |TAMS 0x0000000745800000, 0x0000000745800000| Untracked 
|  30|0x0000000745a00000, 0x0000000745a00000, 0x0000000745c00000|  0%| F|  |TAMS 0x0000000745a00000, 0x0000000745a00000| Untracked 
|  31|0x0000000745c00000, 0x0000000745c00000, 0x0000000745e00000|  0%| F|  |TAMS 0x0000000745c00000, 0x0000000745c00000| Untracked 
|  32|0x0000000745e00000, 0x0000000745e00000, 0x0000000746000000|  0%| F|  |TAMS 0x0000000745e00000, 0x0000000745e00000| Untracked 
|  33|0x0000000746000000, 0x0000000746000000, 0x0000000746200000|  0%| F|  |TAMS 0x0000000746000000, 0x0000000746000000| Untracked 
|  34|0x0000000746200000, 0x0000000746200000, 0x0000000746400000|  0%| F|  |TAMS 0x0000000746200000, 0x0000000746200000| Untracked 
|  35|0x0000000746400000, 0x0000000746400000, 0x0000000746600000|  0%| F|  |TAMS 0x0000000746400000, 0x0000000746400000| Untracked 
|  36|0x0000000746600000, 0x0000000746600000, 0x0000000746800000|  0%| F|  |TAMS 0x0000000746600000, 0x0000000746600000| Untracked 
|  37|0x0000000746800000, 0x0000000746800000, 0x0000000746a00000|  0%| F|  |TAMS 0x0000000746800000, 0x0000000746800000| Untracked 
|  38|0x0000000746a00000, 0x0000000746a00000, 0x0000000746c00000|  0%| F|  |TAMS 0x0000000746a00000, 0x0000000746a00000| Untracked 
|  39|0x0000000746c00000, 0x0000000746c00000, 0x0000000746e00000|  0%| F|  |TAMS 0x0000000746c00000, 0x0000000746c00000| Untracked 
|  40|0x0000000746e00000, 0x0000000746e00000, 0x0000000747000000|  0%| F|  |TAMS 0x0000000746e00000, 0x0000000746e00000| Untracked 
|  41|0x0000000747000000, 0x0000000747000000, 0x0000000747200000|  0%| F|  |TAMS 0x0000000747000000, 0x0000000747000000| Untracked 
|  42|0x0000000747200000, 0x0000000747200000, 0x0000000747400000|  0%| F|  |TAMS 0x0000000747200000, 0x0000000747200000| Untracked 
|  43|0x0000000747400000, 0x0000000747400000, 0x0000000747600000|  0%| F|  |TAMS 0x0000000747400000, 0x0000000747400000| Untracked 
|  44|0x0000000747600000, 0x0000000747600000, 0x0000000747800000|  0%| F|  |TAMS 0x0000000747600000, 0x0000000747600000| Untracked 
|  45|0x0000000747800000, 0x0000000747800000, 0x0000000747a00000|  0%| F|  |TAMS 0x0000000747800000, 0x0000000747800000| Untracked 
|  46|0x0000000747a00000, 0x0000000747a00000, 0x0000000747c00000|  0%| F|  |TAMS 0x0000000747a00000, 0x0000000747a00000| Untracked 
|  47|0x0000000747c00000, 0x0000000747c00000, 0x0000000747e00000|  0%| F|  |TAMS 0x0000000747c00000, 0x0000000747c00000| Untracked 
|  48|0x0000000747e00000, 0x0000000747e00000, 0x0000000748000000|  0%| F|  |TAMS 0x0000000747e00000, 0x0000000747e00000| Untracked 
|  49|0x0000000748000000, 0x0000000748000000, 0x0000000748200000|  0%| F|  |TAMS 0x0000000748000000, 0x0000000748000000| Untracked 
|  50|0x0000000748200000, 0x0000000748200000, 0x0000000748400000|  0%| F|  |TAMS 0x0000000748200000, 0x0000000748200000| Untracked 
|  51|0x0000000748400000, 0x0000000748400000, 0x0000000748600000|  0%| F|  |TAMS 0x0000000748400000, 0x0000000748400000| Untracked 
|  52|0x0000000748600000, 0x0000000748600000, 0x0000000748800000|  0%| F|  |TAMS 0x0000000748600000, 0x0000000748600000| Untracked 
|  53|0x0000000748800000, 0x0000000748800000, 0x0000000748a00000|  0%| F|  |TAMS 0x0000000748800000, 0x0000000748800000| Untracked 
|  54|0x0000000748a00000, 0x0000000748a00000, 0x0000000748c00000|  0%| F|  |TAMS 0x0000000748a00000, 0x0000000748a00000| Untracked 
|  55|0x0000000748c00000, 0x0000000748c00000, 0x0000000748e00000|  0%| F|  |TAMS 0x0000000748c00000, 0x0000000748c00000| Untracked 
|  56|0x0000000748e00000, 0x0000000748e00000, 0x0000000749000000|  0%| F|  |TAMS 0x0000000748e00000, 0x0000000748e00000| Untracked 
|  57|0x0000000749000000, 0x0000000749000000, 0x0000000749200000|  0%| F|  |TAMS 0x0000000749000000, 0x0000000749000000| Untracked 
|  58|0x0000000749200000, 0x0000000749200000, 0x0000000749400000|  0%| F|  |TAMS 0x0000000749200000, 0x0000000749200000| Untracked 
|  59|0x0000000749400000, 0x0000000749400000, 0x0000000749600000|  0%| F|  |TAMS 0x0000000749400000, 0x0000000749400000| Untracked 
|  60|0x0000000749600000, 0x0000000749600000, 0x0000000749800000|  0%| F|  |TAMS 0x0000000749600000, 0x0000000749600000| Untracked 
|  61|0x0000000749800000, 0x0000000749800000, 0x0000000749a00000|  0%| F|  |TAMS 0x0000000749800000, 0x0000000749800000| Untracked 
|  62|0x0000000749a00000, 0x0000000749a00000, 0x0000000749c00000|  0%| F|  |TAMS 0x0000000749a00000, 0x0000000749a00000| Untracked 
|  63|0x0000000749c00000, 0x0000000749c00000, 0x0000000749e00000|  0%| F|  |TAMS 0x0000000749c00000, 0x0000000749c00000| Untracked 
|  64|0x0000000749e00000, 0x0000000749e00000, 0x000000074a000000|  0%| F|  |TAMS 0x0000000749e00000, 0x0000000749e00000| Untracked 
|  65|0x000000074a000000, 0x000000074a000000, 0x000000074a200000|  0%| F|  |TAMS 0x000000074a000000, 0x000000074a000000| Untracked 
|  66|0x000000074a200000, 0x000000074a200000, 0x000000074a400000|  0%| F|  |TAMS 0x000000074a200000, 0x000000074a200000| Untracked 
|  67|0x000000074a400000, 0x000000074a400000, 0x000000074a600000|  0%| F|  |TAMS 0x000000074a400000, 0x000000074a400000| Untracked 
|  68|0x000000074a600000, 0x000000074a600000, 0x000000074a800000|  0%| F|  |TAMS 0x000000074a600000, 0x000000074a600000| Untracked 
|  69|0x000000074a800000, 0x000000074a800000, 0x000000074aa00000|  0%| F|  |TAMS 0x000000074a800000, 0x000000074a800000| Untracked 
|  70|0x000000074aa00000, 0x000000074aa00000, 0x000000074ac00000|  0%| F|  |TAMS 0x000000074aa00000, 0x000000074aa00000| Untracked 
|  71|0x000000074ac00000, 0x000000074ac00000, 0x000000074ae00000|  0%| F|  |TAMS 0x000000074ac00000, 0x000000074ac00000| Untracked 
|  72|0x000000074ae00000, 0x000000074ae00000, 0x000000074b000000|  0%| F|  |TAMS 0x000000074ae00000, 0x000000074ae00000| Untracked 
|  73|0x000000074b000000, 0x000000074b000000, 0x000000074b200000|  0%| F|  |TAMS 0x000000074b000000, 0x000000074b000000| Untracked 
|  74|0x000000074b200000, 0x000000074b200000, 0x000000074b400000|  0%| F|  |TAMS 0x000000074b200000, 0x000000074b200000| Untracked 
|  75|0x000000074b400000, 0x000000074b400000, 0x000000074b600000|  0%| F|  |TAMS 0x000000074b400000, 0x000000074b400000| Untracked 
|  76|0x000000074b600000, 0x000000074b600000, 0x000000074b800000|  0%| F|  |TAMS 0x000000074b600000, 0x000000074b600000| Untracked 
|  77|0x000000074b800000, 0x000000074b800000, 0x000000074ba00000|  0%| F|  |TAMS 0x000000074b800000, 0x000000074b800000| Untracked 
|  78|0x000000074ba00000, 0x000000074ba00000, 0x000000074bc00000|  0%| F|  |TAMS 0x000000074ba00000, 0x000000074ba00000| Untracked 
|  79|0x000000074bc00000, 0x000000074bc00000, 0x000000074be00000|  0%| F|  |TAMS 0x000000074bc00000, 0x000000074bc00000| Untracked 
|  80|0x000000074be00000, 0x000000074be00000, 0x000000074c000000|  0%| F|  |TAMS 0x000000074be00000, 0x000000074be00000| Untracked 
|  81|0x000000074c000000, 0x000000074c000000, 0x000000074c200000|  0%| F|  |TAMS 0x000000074c000000, 0x000000074c000000| Untracked 
|  82|0x000000074c200000, 0x000000074c200000, 0x000000074c400000|  0%| F|  |TAMS 0x000000074c200000, 0x000000074c200000| Untracked 
|  83|0x000000074c400000, 0x000000074c400000, 0x000000074c600000|  0%| F|  |TAMS 0x000000074c400000, 0x000000074c400000| Untracked 
|  84|0x000000074c600000, 0x000000074c600000, 0x000000074c800000|  0%| F|  |TAMS 0x000000074c600000, 0x000000074c600000| Untracked 
|  85|0x000000074c800000, 0x000000074c800000, 0x000000074ca00000|  0%| F|  |TAMS 0x000000074c800000, 0x000000074c800000| Untracked 
|  86|0x000000074ca00000, 0x000000074cb54400, 0x000000074cc00000| 66%| E|  |TAMS 0x000000074ca00000, 0x000000074ca00000| Complete 
|  87|0x000000074cc00000, 0x000000074ce00000, 0x000000074ce00000|100%| E|CS|TAMS 0x000000074cc00000, 0x000000074cc00000| Complete 
|  88|0x000000074ce00000, 0x000000074d000000, 0x000000074d000000|100%| E|CS|TAMS 0x000000074ce00000, 0x000000074ce00000| Complete 
|  89|0x000000074d000000, 0x000000074d200000, 0x000000074d200000|100%| E|CS|TAMS 0x000000074d000000, 0x000000074d000000| Complete 
|  90|0x000000074d200000, 0x000000074d400000, 0x000000074d400000|100%| E|CS|TAMS 0x000000074d200000, 0x000000074d200000| Complete 
|  91|0x000000074d400000, 0x000000074d600000, 0x000000074d600000|100%| E|CS|TAMS 0x000000074d400000, 0x000000074d400000| Complete 
|  92|0x000000074d600000, 0x000000074d800000, 0x000000074d800000|100%| E|CS|TAMS 0x000000074d600000, 0x000000074d600000| Complete 
|  93|0x000000074d800000, 0x000000074da00000, 0x000000074da00000|100%| E|CS|TAMS 0x000000074d800000, 0x000000074d800000| Complete 
|  94|0x000000074da00000, 0x000000074dc00000, 0x000000074dc00000|100%| E|CS|TAMS 0x000000074da00000, 0x000000074da00000| Complete 
|  95|0x000000074dc00000, 0x000000074de00000, 0x000000074de00000|100%| E|CS|TAMS 0x000000074dc00000, 0x000000074dc00000| Complete 

Card table byte_map: [0x0000026b76cd0000,0x0000026b772d0000] _byte_map_base: 0x0000026b732c1000

Marking Bits (Prev, Next): (CMBitMap*) 0x0000026b5f465710, (CMBitMap*) 0x0000026b5f465750
 Prev Bits: [0x0000026b778d0000, 0x0000026b7a858000)
 Next Bits: [0x0000026b7a860000, 0x0000026b7d7e8000)

Polling page: 0x0000026b5ebd0000

Metaspace:

Usage:
  Non-class:      6.27 MB used.
      Class:    710.77 KB used.
       Both:      6.97 MB used.

Virtual space:
  Non-class space:       64.00 MB reserved,       6.38 MB ( 10%) committed,  1 nodes.
      Class space:        1.00 GB reserved,     832.00 KB ( <1%) committed,  1 nodes.
             Both:        1.06 GB reserved,       7.19 MB ( <1%) committed. 

Chunk freelists:
   Non-Class:  1.00 MB
       Class:  3.24 MB
        Both:  4.24 MB

MaxMetaspaceSize: unlimited
CompressedClassSpaceSize: 1.00 GB
Initial GC threshold: 21.00 MB
Current GC threshold: 21.00 MB
CDS: on
MetaspaceReclaimPolicy: balanced
 - commit_granule_bytes: 65536.
 - commit_granule_words: 8192.
 - virtual_space_node_default_size: 8388608.
 - enlarge_chunks_in_place: 1.
 - new_chunks_are_fully_committed: 0.
 - uncommit_free_chunks: 1.
 - use_allocation_guard: 0.


Internal statistics:

num_allocs_failed_limit: 0.
num_arena_births: 154.
num_arena_deaths: 0.
num_vsnodes_births: 2.
num_vsnodes_deaths: 0.
num_space_committed: 115.
num_space_uncommitted: 0.
num_chunks_returned_to_freelist: 0.
num_chunks_taken_from_freelist: 167.
num_chunk_merges: 0.
num_chunk_splits: 114.
num_chunks_enlarged: 74.
num_inconsistent_stats: 0.

CodeHeap 'non-profiled nmethods': size=120000Kb used=387Kb max_used=387Kb free=119612Kb
 bounds [0x0000026b6ee40000, 0x0000026b6f0b0000, 0x0000026b76370000]
CodeHeap 'profiled nmethods': size=120000Kb used=2150Kb max_used=2150Kb free=117849Kb
 bounds [0x0000026b67370000, 0x0000026b675e0000, 0x0000026b6e8a0000]
CodeHeap 'non-nmethods': size=5760Kb used=1356Kb max_used=1400Kb free=4403Kb
 bounds [0x0000026b6e8a0000, 0x0000026b6eb10000, 0x0000026b6ee40000]
 total_blobs=1895 nmethods=1298 adapters=508
 compilation: enabled
              stopped_count=0, restarted_count=0
 full_count=0

Compilation events (20 events):
Event: 3664.522 Thread 0x0000026b002a0d70 1289       4       java.util.HashMap$HashIterator::hasNext (13 bytes)
Event: 3664.523 Thread 0x0000026b002a0d70 nmethod 1289 0x0000026b6ee9fc90 code [0x0000026b6ee9fe00, 0x0000026b6ee9fe98]
Event: 3665.175 Thread 0x0000026b002a1e80 1290       3       java.lang.Float::isNaN (12 bytes)
Event: 3665.175 Thread 0x0000026b002a1e80 nmethod 1290 0x0000026b67586810 code [0x0000026b675869a0, 0x0000026b67586b18]
Event: 3667.414 Thread 0x0000026b002a0d70 1291       4       java.util.HashMap::keysToArray (81 bytes)
Event: 3667.425 Thread 0x0000026b002a0d70 nmethod 1291 0x0000026b6ee9ff90 code [0x0000026b6eea0120, 0x0000026b6eea04d8]
Event: 3668.246 Thread 0x0000026b002a1e80 1292       3       java.awt.Color::<init> (11 bytes)
Event: 3668.247 Thread 0x0000026b002a1e80 nmethod 1292 0x0000026b67586b90 code [0x0000026b67586d40, 0x0000026b67586e88]
Event: 3668.247 Thread 0x0000026b002a1e80 1293       3       java.awt.Color::<init> (72 bytes)
Event: 3668.249 Thread 0x0000026b002a1e80 nmethod 1293 0x0000026b67586f10 code [0x0000026b675870c0, 0x0000026b67587348]
Event: 3668.306 Thread 0x0000026b002a0d70 1294       4       java.util.HashMap$HashIterator::nextNode (100 bytes)
Event: 3668.306 Thread 0x0000026b002a1e80 1295       3       java.lang.Integer::equals (29 bytes)
Event: 3668.307 Thread 0x0000026b002a1e80 nmethod 1295 0x0000026b67587410 code [0x0000026b675875c0, 0x0000026b675879b8]
Event: 3668.307 Thread 0x0000026b002a1e80 1296       3       java.util.HashMap::tableSizeFor (32 bytes)
Event: 3668.307 Thread 0x0000026b002a1e80 nmethod 1296 0x0000026b67587a90 code [0x0000026b67587c40, 0x0000026b67587e68]
Event: 3668.317 Thread 0x0000026b002a0d70 nmethod 1294 0x0000026b6eea0710 code [0x0000026b6eea08a0, 0x0000026b6eea0cd8]
Event: 3668.649 Thread 0x0000026b002a1e80 1297  s    3       sun.awt.windows.WDesktopProperties::setColorProperty (94 bytes)
Event: 3668.661 Thread 0x0000026b002a1e80 nmethod 1297 0x0000026b67587f10 code [0x0000026b67588180, 0x0000026b67588fe8]
Event: 3668.869 Thread 0x0000026b002a1e80 1298       3       java.lang.Integer::numberOfLeadingZeros (79 bytes)
Event: 3668.870 Thread 0x0000026b002a1e80 nmethod 1298 0x0000026b67589410 code [0x0000026b675895c0, 0x0000026b67589898]

GC Heap History (0 events):
No events

Dll operation events (10 events):
Event: 0.019 Loaded shared library C:\Program Files\Java\jdk-19\bin\java.dll
Event: 0.039 Loaded shared library C:\Program Files\Java\jdk-19\bin\jsvml.dll
Event: 0.161 Loaded shared library C:\Program Files\Java\jdk-19\bin\net.dll
Event: 0.165 Loaded shared library C:\Program Files\Java\jdk-19\bin\nio.dll
Event: 0.227 Loaded shared library C:\Program Files\Java\jdk-19\bin\jimage.dll
Event: 0.254 Loaded shared library C:\Program Files\Java\jdk-19\bin\awt.dll
Event: 0.549 Loaded shared library C:\Program Files\Java\jdk-19\bin\zip.dll
Event: 0.612 Loaded shared library C:\Program Files\Java\jdk-19\bin\javajpeg.dll
Event: 0.681 Loaded shared library C:\Program Files\Java\jdk-19\bin\freetype.dll
Event: 0.682 Loaded shared library C:\Program Files\Java\jdk-19\bin\fontmanager.dll

Deoptimization events (20 events):
Event: 1.540 Thread 0x0000026b002a7a70 DEOPT UNPACKING pc=0x0000026b6e906da3 sp=0x00000081a0afd718 mode 2
Event: 1.555 Thread 0x0000026b002a7a70 Uncommon trap: trap_request=0xffffffde fr.pc=0x0000026b6ee866f0 relative=0x00000000000002b0
Event: 1.555 Thread 0x0000026b002a7a70 Uncommon trap: reason=class_check action=maybe_recompile pc=0x0000026b6ee866f0 method=java.util.HashMap.getNode(Ljava/lang/Object;)Ljava/util/HashMap$Node; @ 63 c2
Event: 1.555 Thread 0x0000026b002a7a70 DEOPT PACKING pc=0x0000026b6ee866f0 sp=0x00000081a0afd810
Event: 1.555 Thread 0x0000026b002a7a70 DEOPT UNPACKING pc=0x0000026b6e906da3 sp=0x00000081a0afd718 mode 2
Event: 1.567 Thread 0x0000026b002a7a70 Uncommon trap: trap_request=0xffffffde fr.pc=0x0000026b6ee866f0 relative=0x00000000000002b0
Event: 1.567 Thread 0x0000026b002a7a70 Uncommon trap: reason=class_check action=maybe_recompile pc=0x0000026b6ee866f0 method=java.util.HashMap.getNode(Ljava/lang/Object;)Ljava/util/HashMap$Node; @ 63 c2
Event: 1.567 Thread 0x0000026b002a7a70 DEOPT PACKING pc=0x0000026b6ee866f0 sp=0x00000081a0afd810
Event: 1.567 Thread 0x0000026b002a7a70 DEOPT UNPACKING pc=0x0000026b6e906da3 sp=0x00000081a0afd718 mode 2
Event: 3.920 Thread 0x0000026b002a4ff0 Uncommon trap: trap_request=0xffffff45 fr.pc=0x0000026b6ee9ae40 relative=0x00000000000001a0
Event: 3.920 Thread 0x0000026b002a4ff0 Uncommon trap: reason=unstable_if action=reinterpret pc=0x0000026b6ee9ae40 method=java.util.concurrent.locks.ReentrantLock$Sync.lock()V @ 4 c2
Event: 3.920 Thread 0x0000026b002a4ff0 DEOPT PACKING pc=0x0000026b6ee9ae40 sp=0x00000081a08fdfb0
Event: 3.920 Thread 0x0000026b002a4ff0 DEOPT UNPACKING pc=0x0000026b6e906da3 sp=0x00000081a08fdf00 mode 2
Event: 3668.305 Thread 0x0000026b002a4ff0 Uncommon trap: trap_request=0xffffffbe fr.pc=0x0000026b6eea0450 relative=0x0000000000000330
Event: 3668.305 Thread 0x0000026b002a4ff0 Uncommon trap: reason=profile_predicate action=maybe_recompile pc=0x0000026b6eea0450 method=java.util.HashMap.keysToArray([Ljava/lang/Object;)[Ljava/lang/Object; @ 36 c2
Event: 3668.305 Thread 0x0000026b002a4ff0 DEOPT PACKING pc=0x0000026b6eea0450 sp=0x00000081a08fe4e0
Event: 3668.305 Thread 0x0000026b002a4ff0 DEOPT UNPACKING pc=0x0000026b6e906da3 sp=0x00000081a08fe490 mode 2
Event: 3668.870 Thread 0x0000026b002a4ff0 Uncommon trap: trap_request=0xffffffbe fr.pc=0x0000026b6eea0450 relative=0x0000000000000330
Event: 3668.870 Thread 0x0000026b002a4ff0 Uncommon trap: reason=profile_predicate action=maybe_recompile pc=0x0000026b6eea0450 method=java.util.HashMap.keysToArray([Ljava/lang/Object;)[Ljava/lang/Object; @ 36 c2
Event: 3668.870 Thread 0x0000026b002a4ff0 DEOPT PACKING pc=0x0000026b6eea0450 sp=0x00000081a08fe4e0

Classes loaded (20 events):
Event: 1.597 Loading class java/awt/event/InputMethodListener done
Event: 1.597 Loading class sun/awt/im/CompositionAreaHandler done
Event: 1.597 Loading class java/text/AttributedString
Event: 1.597 Loading class java/text/AttributedString done
Event: 1.597 Loading class java/text/AttributedString$AttributedStringIterator
Event: 1.598 Loading class java/text/AttributedCharacterIterator
Event: 1.598 Loading class java/text/CharacterIterator
Event: 1.598 Loading class java/text/CharacterIterator done
Event: 1.598 Loading class java/text/AttributedCharacterIterator done
Event: 1.598 Loading class java/text/AttributedString$AttributedStringIterator done
Event: 3.197 Loading class java/util/concurrent/locks/AbstractQueuedSynchronizer$ExclusiveNode
Event: 3.198 Loading class java/util/concurrent/locks/AbstractQueuedSynchronizer$ExclusiveNode done
Event: 4.681 Loading class java/awt/KeyboardFocusManager$2
Event: 4.682 Loading class java/awt/KeyboardFocusManager$2 done
Event: 4.683 Loading class sun/awt/SunToolkit$1
Event: 4.683 Loading class sun/awt/SunToolkit$1 done
Event: 2138.811 Loading class java/awt/desktop/SystemSleepListener
Event: 2138.811 Loading class java/awt/desktop/SystemEventListener
Event: 2138.811 Loading class java/awt/desktop/SystemEventListener done
Event: 2138.811 Loading class java/awt/desktop/SystemSleepListener done

Classes unloaded (0 events):
No events

Classes redefined (0 events):
No events

Internal exceptions (17 events):
Event: 0.169 Thread 0x0000026b5f406c90 Exception <a 'sun/nio/fs/WindowsException'{0x000000074da73630}> (0x000000074da73630) 
thrown [s\open\src\hotspot\share\prims\jni.cpp, line 517]
Event: 0.169 Thread 0x0000026b5f406c90 Exception <a 'sun/nio/fs/WindowsException'{0x000000074da73be8}> (0x000000074da73be8) 
thrown [s\open\src\hotspot\share\prims\jni.cpp, line 517]
Event: 0.174 Thread 0x0000026b5f406c90 Exception <a 'sun/nio/fs/WindowsException'{0x000000074da761a0}> (0x000000074da761a0) 
thrown [s\open\src\hotspot\share\prims\jni.cpp, line 517]
Event: 0.175 Thread 0x0000026b5f406c90 Exception <a 'sun/nio/fs/WindowsException'{0x000000074da76d20}> (0x000000074da76d20) 
thrown [s\open\src\hotspot\share\prims\jni.cpp, line 517]
Event: 0.238 Thread 0x0000026b5f406c90 Exception <a 'java/lang/ClassNotFoundException'{0x000000074db13f28}: sun/awt/resources/spi/awtProvider> (0x000000074db13f28) 
thrown [s\open\src\hotspot\share\classfile\systemDictionary.cpp, line 255]
Event: 0.281 Thread 0x0000026b5f406c90 Exception <a 'java/io/FileNotFoundException'{0x000000074db6b808}> (0x000000074db6b808) 
thrown [s\open\src\hotspot\share\prims\jni.cpp, line 517]
Event: 0.292 Thread 0x0000026b5f406c90 Exception <a 'java/io/FileNotFoundException'{0x000000074db97d38}> (0x000000074db97d38) 
thrown [s\open\src\hotspot\share\prims\jni.cpp, line 517]
Event: 0.364 Thread 0x0000026b5f406c90 Exception <a 'java/lang/NoSuchMethodError'{0x000000074dbdcb10}: 'java.lang.Object java.lang.invoke.DirectMethodHandle$Holder.invokeStaticInit(java.lang.Object)'> (0x000000074dbdcb10) 
thrown [s\open\src\hotspot\share\interpreter\linkResolver.cpp, line 774]
Event: 0.428 Thread 0x0000026b5f406c90 Exception <a 'java/lang/NoSuchMethodError'{0x000000074d913520}: 'void java.lang.invoke.DirectMethodHandle$Holder.invokeSpecial(java.lang.Object, java.lang.Object, java.lang.Object)'> (0x000000074d913520) 
thrown [s\open\src\hotspot\share\interpreter\linkResolver.cpp, line 774]
Event: 0.442 Thread 0x0000026b5f406c90 Exception <a 'java/lang/NoSuchMethodError'{0x000000074d93e100}: 'java.lang.Object java.lang.invoke.DirectMethodHandle$Holder.newInvokeSpecial(java.lang.Object, java.lang.Object, java.lang.Object, java.lang.Object, java.lang.Object)'> (0x000000074d93e100) 
thrown [s\open\src\hotspot\share\interpreter\linkResolver.cpp, line 774]
Event: 0.454 Thread 0x0000026b5f406c90 Exception <a 'java/lang/NoSuchMethodError'{0x000000074d96fa40}: 'java.lang.Object java.lang.invoke.DirectMethodHandle$Holder.invokeStatic(java.lang.Object, int, java.lang.Object)'> (0x000000074d96fa40) 
thrown [s\open\src\hotspot\share\interpreter\linkResolver.cpp, line 774]
Event: 0.496 Thread 0x0000026b5f406c90 Exception <a 'java/lang/ClassNotFoundException'{0x000000074d62b8e8}: com/sun/swing/internal/plaf/metal/resources/spi/metalProvider> (0x000000074d62b8e8) 
thrown [s\open\src\hotspot\share\classfile\systemDictionary.cpp, line 255]
Event: 0.498 Thread 0x0000026b5f406c90 Exception <a 'java/lang/ClassNotFoundException'{0x000000074d62f818}: com/sun/swing/internal/plaf/basic/resources/spi/basicProvider> (0x000000074d62f818) 
thrown [s\open\src\hotspot\share\classfile\systemDictionary.cpp, line 255]
Event: 0.510 Thread 0x0000026b5f406c90 Exception <a 'java/lang/NoSuchMethodError'{0x000000074d64f488}: 'int java.lang.invoke.Invokers$Holder.invokeExact_MT(java.lang.Object, java.lang.Object)'> (0x000000074d64f488) 
thrown [s\open\src\hotspot\share\interpreter\linkResolver.cpp, line 774]
Event: 0.614 Thread 0x0000026b002a7520 Exception <a 'java/lang/NoSuchMethodError'{0x000000074d4081b0}: 'java.lang.Object java.lang.invoke.DirectMethodHandle$Holder.newInvokeSpecial(java.lang.Object, java.lang.Object, java.lang.Object, int, int, int, int, int)'> (0x000000074d4081b0) 
thrown [s\open\src\hotspot\share\interpreter\linkResolver.cpp, line 774]
Event: 0.649 Thread 0x0000026b002a4ff0 Exception <a 'java/lang/NoSuchMethodError'{0x000000074d880f88}: 'void java.lang.invoke.DirectMethodHandle$Holder.invokeVirtual(java.lang.Object, java.lang.Object)'> (0x000000074d880f88) 
thrown [s\open\src\hotspot\share\interpreter\linkResolver.cpp, line 774]
Event: 0.674 Thread 0x0000026b5f406c90 Exception <a 'java/lang/NoSuchMethodError'{0x000000074d5db900}: 'void java.lang.invoke.DirectMethodHandle$Holder.invokeStaticInit(java.lang.Object)'> (0x000000074d5db900) 
thrown [s\open\src\hotspot\share\interpreter\linkResolver.cpp, line 774]

VM Operations (20 events):
Event: 0.659 Executing VM operation: HandshakeAllThreads
Event: 0.659 Executing VM operation: HandshakeAllThreads done
Event: 0.845 Executing VM operation: HandshakeAllThreads
Event: 0.845 Executing VM operation: HandshakeAllThreads done
Event: 1.432 Executing VM operation: ICBufferFull
Event: 1.432 Executing VM operation: ICBufferFull done
Event: 1.527 Executing VM operation: HandshakeAllThreads
Event: 1.528 Executing VM operation: HandshakeAllThreads done
Event: 1.528 Executing VM operation: HandshakeAllThreads
Event: 1.528 Executing VM operation: HandshakeAllThreads done
Event: 2.540 Executing VM operation: Cleanup
Event: 2.540 Executing VM operation: Cleanup done
Event: 3.544 Executing VM operation: Cleanup
Event: 3.544 Executing VM operation: Cleanup done
Event: 4.558 Executing VM operation: Cleanup
Event: 4.558 Executing VM operation: Cleanup done
Event: 1817.789 Executing VM operation: Cleanup
Event: 1817.790 Executing VM operation: Cleanup done
Event: 3664.791 Executing VM operation: Cleanup
Event: 3664.791 Executing VM operation: Cleanup done

Events (20 events):
Event: 0.069 Thread 0x0000026b0028f890 Thread added: 0x0000026b0028f890
Event: 0.069 Thread 0x0000026b00295580 Thread added: 0x0000026b00295580
Event: 0.069 Thread 0x0000026b002982c0 Thread added: 0x0000026b002982c0
Event: 0.070 Thread 0x0000026b00299390 Thread added: 0x0000026b00299390
Event: 0.070 Thread 0x0000026b0029d960 Thread added: 0x0000026b0029d960
Event: 0.070 Thread 0x0000026b002a0d70 Thread added: 0x0000026b002a0d70
Event: 0.070 Thread 0x0000026b002a1e80 Thread added: 0x0000026b002a1e80
Event: 0.070 Thread 0x0000026b002a5a90 Thread added: 0x0000026b002a5a90
Event: 0.130 Thread 0x0000026b002a8510 Thread added: 0x0000026b002a8510
Event: 0.203 Thread 0x0000026b002a6fd0 Thread added: 0x0000026b002a6fd0
Event: 0.366 Thread 0x0000026b002a5540 Thread added: 0x0000026b002a5540
Event: 0.368 Thread 0x0000026b002a5fe0 Thread added: 0x0000026b002a5fe0
Event: 0.370 Thread 0x0000026b002a4ff0 Thread added: 0x0000026b002a4ff0
Event: 0.520 Thread 0x0000026b002a7520 Thread added: 0x0000026b002a7520
Event: 0.648 Thread 0x0000026b002a7a70 Thread added: 0x0000026b002a7a70
Event: 0.792 Thread 0x0000026b5f406c90 Thread exited: 0x0000026b5f406c90
Event: 0.793 Thread 0x0000026b002a7fc0 Thread added: 0x0000026b002a7fc0
Event: 1.530 Thread 0x0000026b056cfc30 Thread added: 0x0000026b056cfc30
Event: 3.207 Thread 0x0000026b056cfc30 Thread exited: 0x0000026b056cfc30
Event: 5.645 Thread 0x0000026b002a7520 Thread exited: 0x0000026b002a7520


Dynamic libraries:
0x00007ff787000000 - 0x00007ff787010000 	C:\Program Files\Java\jdk-19\bin\java.exe
0x00007ffd39a10000 - 0x00007ffd39c24000 	C:\WINDOWS\SYSTEM32\ntdll.dll
0x00007ffd37af0000 - 0x00007ffd37bb3000 	C:\WINDOWS\System32\KERNEL32.DLL
0x00007ffd37290000 - 0x00007ffd3762c000 	C:\WINDOWS\System32\KERNELBASE.dll
0x00007ffd36f40000 - 0x00007ffd37051000 	C:\WINDOWS\System32\ucrtbase.dll
0x00007ffd22a60000 - 0x00007ffd22a7b000 	C:\Program Files\Java\jdk-19\bin\VCRUNTIME140.dll
0x00007ffd248c0000 - 0x00007ffd248d8000 	C:\Program Files\Java\jdk-19\bin\jli.dll
0x00007ffd379e0000 - 0x00007ffd37a8e000 	C:\WINDOWS\System32\ADVAPI32.dll
0x00007ffd39070000 - 0x00007ffd39117000 	C:\WINDOWS\System32\msvcrt.dll
0x00007ffd38d00000 - 0x00007ffd38da4000 	C:\WINDOWS\System32\sechost.dll
0x00007ffd39640000 - 0x00007ffd39755000 	C:\WINDOWS\System32\RPCRT4.dll
0x00007ffd37f50000 - 0x00007ffd380fd000 	C:\WINDOWS\System32\USER32.dll
0x00007ffd36e50000 - 0x00007ffd36e76000 	C:\WINDOWS\System32\win32u.dll
0x00007ffd39860000 - 0x00007ffd39889000 	C:\WINDOWS\System32\GDI32.dll
0x00007ffd1b7d0000 - 0x00007ffd1ba5e000 	C:\WINDOWS\WinSxS\amd64_microsoft.windows.common-controls_6595b64144ccf1df_6.0.22621.608_none_a9444ca7c10bb01d\COMCTL32.dll
0x00007ffd37170000 - 0x00007ffd37282000 	C:\WINDOWS\System32\gdi32full.dll
0x00007ffd370d0000 - 0x00007ffd3716a000 	C:\WINDOWS\System32\msvcp_win.dll
0x00007ffd2f5c0000 - 0x00007ffd2f5ca000 	C:\WINDOWS\SYSTEM32\VERSION.dll
0x00007ffd398b0000 - 0x00007ffd398e2000 	C:\WINDOWS\System32\IMM32.DLL
0x00007ffd22270000 - 0x00007ffd2227c000 	C:\Program Files\Java\jdk-19\bin\vcruntime140_1.dll
0x00007ffd26570000 - 0x00007ffd265fe000 	C:\Program Files\Java\jdk-19\bin\msvcp140.dll
0x00007ffcd72a0000 - 0x00007ffcd7f60000 	C:\Program Files\Java\jdk-19\bin\server\jvm.dll
0x00007ffd22a50000 - 0x00007ffd22a59000 	C:\WINDOWS\SYSTEM32\WSOCK32.dll
0x00007ffd30ac0000 - 0x00007ffd30af4000 	C:\WINDOWS\SYSTEM32\WINMM.dll
0x00007ffd38ff0000 - 0x00007ffd39061000 	C:\WINDOWS\System32\WS2_32.dll
0x00007ffd35e60000 - 0x00007ffd35e78000 	C:\WINDOWS\SYSTEM32\kernel.appcore.dll
0x00007ffd205f0000 - 0x00007ffd205fa000 	C:\Program Files\Java\jdk-19\bin\jimage.dll
0x00007ffd34800000 - 0x00007ffd34a2e000 	C:\WINDOWS\SYSTEM32\DBGHELP.DLL
0x00007ffd37bc0000 - 0x00007ffd37f4a000 	C:\WINDOWS\System32\combase.dll
0x00007ffd398f0000 - 0x00007ffd399c7000 	C:\WINDOWS\System32\OLEAUT32.dll
0x00007ffd251e0000 - 0x00007ffd25212000 	C:\WINDOWS\SYSTEM32\dbgcore.DLL
0x00007ffd377a0000 - 0x00007ffd3781b000 	C:\WINDOWS\System32\bcryptPrimitives.dll
0x00007ffcfafe0000 - 0x00007ffcfb006000 	C:\Program Files\Java\jdk-19\bin\java.dll
0x00007ffcddb70000 - 0x00007ffcddc47000 	C:\Program Files\Java\jdk-19\bin\jsvml.dll
0x00007ffd381f0000 - 0x00007ffd389df000 	C:\WINDOWS\System32\SHELL32.dll
0x00007ffd34e20000 - 0x00007ffd356e8000 	C:\WINDOWS\SYSTEM32\windows.storage.dll
0x00007ffd34ce0000 - 0x00007ffd34e1e000 	C:\WINDOWS\SYSTEM32\wintypes.dll
0x00007ffd389e0000 - 0x00007ffd38ad1000 	C:\WINDOWS\System32\SHCORE.dll
0x00007ffd38ee0000 - 0x00007ffd38f3e000 	C:\WINDOWS\System32\shlwapi.dll
0x00007ffd36d80000 - 0x00007ffd36da1000 	C:\WINDOWS\SYSTEM32\profapi.dll
0x00007ffd0bbb0000 - 0x00007ffd0bbc3000 	C:\Program Files\Java\jdk-19\bin\net.dll
0x00007ffd30460000 - 0x00007ffd3058f000 	C:\WINDOWS\SYSTEM32\WINHTTP.dll
0x00007ffd362d0000 - 0x00007ffd36339000 	C:\WINDOWS\system32\mswsock.dll
0x00007ffd0b960000 - 0x00007ffd0b976000 	C:\Program Files\Java\jdk-19\bin\nio.dll
0x00007ffcd7100000 - 0x00007ffcd7291000 	C:\Program Files\Java\jdk-19\bin\awt.dll
0x00007ffd33e80000 - 0x00007ffd33f17000 	C:\WINDOWS\SYSTEM32\apphelp.dll
0x00007ffd343a0000 - 0x00007ffd343cb000 	C:\WINDOWS\system32\DWMAPI.DLL
0x00007ffd34060000 - 0x00007ffd3410b000 	C:\WINDOWS\system32\uxtheme.dll
0x00007ffd20e90000 - 0x00007ffd20f90000 	C:\WINDOWS\system32\opengl32.dll
0x00007ffd24380000 - 0x00007ffd243ad000 	C:\WINDOWS\SYSTEM32\GLU32.dll
0x00007ffd34160000 - 0x00007ffd34196000 	C:\WINDOWS\SYSTEM32\dxcore.dll
0x00007ffd38db0000 - 0x00007ffd38ece000 	C:\WINDOWS\System32\MSCTF.dll
0x00007ffd38b60000 - 0x00007ffd38cfc000 	C:\WINDOWS\System32\ole32.dll
0x00007ffd0a640000 - 0x00007ffd0a658000 	C:\Program Files\Java\jdk-19\bin\zip.dll
0x00007ffd2d9c0000 - 0x00007ffd2d9ee000 	C:\Program Files\Java\jdk-19\bin\javajpeg.dll
0x00007ffcdbc90000 - 0x00007ffcdbd16000 	C:\Program Files\Java\jdk-19\bin\freetype.dll
0x00007ffcd6f60000 - 0x00007ffcd7026000 	C:\Program Files\Java\jdk-19\bin\fontmanager.dll
0x00007ffd25f40000 - 0x00007ffd2606d000 	C:\WINDOWS\SYSTEM32\textinputframework.dll
0x00007ffd33a90000 - 0x00007ffd33bc3000 	C:\WINDOWS\SYSTEM32\CoreMessaging.dll
0x00007ffd30b50000 - 0x00007ffd30ebc000 	C:\WINDOWS\SYSTEM32\CoreUIComponents.dll
0x00007ffd36560000 - 0x00007ffd3656c000 	C:\WINDOWS\SYSTEM32\CRYPTBASE.DLL

dbghelp: loaded successfully - version: 4.0.5 - missing functions: none
symbol engine: initialized successfully - sym options: 0x614 - pdb path: .;C:\Program Files\Java\jdk-19\bin;C:\WINDOWS\SYSTEM32;C:\WINDOWS\WinSxS\amd64_microsoft.windows.common-controls_6595b64144ccf1df_6.0.22621.608_none_a9444ca7c10bb01d;C:\Program Files\Java\jdk-19\bin\server

VM Arguments:
jvm_args: -Dfile.encoding=UTF-8 --module-path=C:\Users\Ajinkya\OneDrive\Documents\NetBeansProjects\bank management system\build\classes 
java_command: bank.management.system.Login
java_class_path (initial): C:\Users\Ajinkya\OneDrive\Documents\NetBeansProjects\bank management system\build\classes
Launcher Type: SUN_STANDARD

[Global flags]
     intx CICompilerCount                          = 4                                         {product} {ergonomic}
     uint ConcGCThreads                            = 2                                         {product} {ergonomic}
     uint G1ConcRefinementThreads                  = 8                                         {product} {ergonomic}
   size_t G1HeapRegionSize                         = 2097152                                   {product} {ergonomic}
    uintx GCDrainStackTargetSize                   = 64                                        {product} {ergonomic}
   size_t InitialHeapSize                          = 201326592                                 {product} {ergonomic}
   size_t MarkStackSize                            = 4194304                                   {product} {ergonomic}
   size_t MaxHeapSize                              = 3189768192                                {product} {ergonomic}
   size_t MaxNewSize                               = 1912602624                                {product} {ergonomic}
   size_t MinHeapDeltaBytes                        = 2097152                                   {product} {ergonomic}
   size_t MinHeapSize                              = 8388608                                   {product} {ergonomic}
    uintx NonNMethodCodeHeapSize                   = 5839372                                {pd product} {ergonomic}
    uintx NonProfiledCodeHeapSize                  = 122909434                              {pd product} {ergonomic}
    uintx ProfiledCodeHeapSize                     = 122909434                              {pd product} {ergonomic}
    uintx ReservedCodeCacheSize                    = 251658240                              {pd product} {ergonomic}
     bool SegmentedCodeCache                       = true                                      {product} {ergonomic}
   size_t SoftMaxHeapSize                          = 3189768192                             {manageable} {ergonomic}
     bool UseCompressedClassPointers               = true                           {product lp64_product} {ergonomic}
     bool UseCompressedOops                        = true                           {product lp64_product} {ergonomic}
     bool UseG1GC                                  = true                                      {product} {ergonomic}
     bool UseLargePagesIndividualAllocation        = false                                  {pd product} {ergonomic}

Logging:
Log output configuration:
 #0: stdout all=warning uptime,level,tags foldmultilines=false
 #1: stderr all=off uptime,level,tags foldmultilines=false

Environment Variables:
CLASSPATH=C:\Program Files\MySQL\JDBC JAR Files;.;
PATH=C:\Program Files\Common Files\Oracle\Java\javapath;C:\WINDOWS\system32;C:\WINDOWS;C:\WINDOWS\System32\Wbem;C:\WINDOWS\System32\WindowsPowerShell\v1.0\;C:\WINDOWS\System32\OpenSSH\;C:\MinGW\bin;C:\Program Files\nodejs\;C:\Program Files\nodejs;C:\Program Files\MySQL\MySQL Server 8.0\bin;C:\Program Files\Git\cmd;C:\Program Files\Java\jdk-19\bin;C:\Program Files\MySQL\MySQL Shell 8.0\bin\;C:\Users\Ajinkya\AppData\Local\Programs\Python\Python310\Scripts\;C:\Users\Ajinkya\AppData\Local\Programs\Python\Python310\;C:\Users\Ajinkya\AppData\Local\Microsoft\WindowsApps;C:\Program Files (x86)\mingw-w64\i686-8.1.0-posix-dwarf-rt_v6-rev0\mingw32\bin;C:\Users\Ajinkya\AppData\Local\Programs\Microsoft VS Code\bin;C:\Users\Ajinkya\AppData\Roaming\npm;
USERNAME=Ajinkya
OS=Windows_NT
PROCESSOR_IDENTIFIER=Intel64 Family 6 Model 142 Stepping 12, GenuineIntel
TMP=C:\Users\Ajinkya\AppData\Local\Temp
TEMP=C:\Users\Ajinkya\AppData\Local\Temp



---------------  S Y S T E M  ---------------

OS:
 Windows 11 , 64 bit Build 22621 (10.0.22621.1194)
OS uptime: 0 days 20:36 hours
Hyper-V role detected

CPU: total 8 (initial active 8) (4 cores per cpu, 2 threads per core) family 6 model 142 stepping 12 microcode 0xea, cx8, cmov, fxsr, ht, mmx, 3dnowpref, sse, sse2, sse3, ssse3, sse4.1, sse4.2, popcnt, lzcnt, tsc, tscinvbit, avx, avx2, aes, erms, clmul, bmi1, bmi2, adx, fma, vzeroupper, clflush, clflushopt, hv, rdtscp

Memory: 4k page, system-wide physical 12166M (2150M free)
TotalPageFile size 42573M (AvailPageFile size 2046M)
current process WorkingSet (physical memory assigned to process): 47M, peak: 80M
current process commit charge ("private bytes"): 291M, peak: 299M

vm_info: Java HotSpot(TM) 64-Bit Server VM (19.0.2+7-44) for windows-amd64 JRE (19.0.2+7-44), built on 2022-11-30T18:02:09Z by "mach5one" with MS VC++ 17.1 (VS2022)

END.
