#
# There is insufficient memory for the Java Runtime Environment to continue.
# Native memory allocation (malloc) failed to allocate 94176 bytes for Chunk::new
# Possible reasons:
#   The system is out of physical RAM or swap space
#   The process is running with CompressedOops enabled, and the Java Heap may be blocking the growth of the native heap
# Possible solutions:
#   Reduce memory load on the system
#   Increase physical memory or swap space
#   Check if swap backing store is full
#   Decrease Java heap size (-Xmx/-Xms)
#   Decrease number of Java threads
#   Decrease Java thread stack sizes (-Xss)
#   Set larger code cache with -XX:ReservedCodeCacheSize=
#   JVM is running with Zero Based Compressed Oops mode in which the Java heap is
#     placed in the first 32GB address space. The Java Heap base address is the
#     maximum limit for the native heap growth. Please use -XX:HeapBaseMinAddress
#     to set the Java Heap base and to place the Java Heap above 32GB virtual address.
# This output file may be truncated or incomplete.
#
#  Out of Memory Error (arena.cpp:184), pid=24380, tid=22788
#
# JRE version: Java(TM) SE Runtime Environment (19.0.2+7) (build 19.0.2+7-44)
# Java VM: Java HotSpot(TM) 64-Bit Server VM (19.0.2+7-44, mixed mode, sharing, tiered, compressed oops, compressed class ptrs, g1 gc, windows-amd64)
# No core dump will be written. Minidumps are not enabled by default on client versions of Windows
#

---------------  S U M M A R Y ------------

Command Line: -Dfile.encoding=UTF-8 --module-path=C:\Users\Ajinkya\OneDrive\Documents\NetBeansProjects\bank management system\build\classes bank.management.system.Login

Host: Intel(R) Core(TM) i5-8265U CPU @ 1.60GHz, 8 cores, 11G,  Windows 11 , 64 bit Build 22621 (10.0.22621.1194)
Time: Mon Mar  6 12:54:15 2023 India Standard Time elapsed time: 2679.508408 seconds (0d 0h 44m 39s)

---------------  T H R E A D  ---------------

Current thread (0x000001d3ca55c560):  JavaThread "C2 CompilerThread0" daemon [_thread_in_native, id=22788, stack(0x0000003d65900000,0x0000003d65a00000)]


Current CompileTask:
C2:2679508 1465       4       java.util.HashMap$HashIterator::nextNode (100 bytes)

Stack: [0x0000003d65900000,0x0000003d65a00000]
Native frames: (J=compiled Java code, j=interpreted, Vv=VM code, C=native code)
V  [jvm.dll+0x6ee21a]
V  [jvm.dll+0x85765e]
V  [jvm.dll+0x85904e]
V  [jvm.dll+0x859703]
V  [jvm.dll+0x28298f]
V  [jvm.dll+0xc9adf]
V  [jvm.dll+0xc9e65]
V  [jvm.dll+0x3bca4c]
V  [jvm.dll+0x3860e1]
V  [jvm.dll+0x38555a]
V  [jvm.dll+0x24c3d9]
V  [jvm.dll+0x24b781]
V  [jvm.dll+0x1d6ce1]
V  [jvm.dll+0x25b25a]
V  [jvm.dll+0x2596e8]
V  [jvm.dll+0x807588]
V  [jvm.dll+0x80125a]
V  [jvm.dll+0x6ecf0b]
C  [ucrtbase.dll+0x29363]
C  [KERNEL32.DLL+0x126bd]
C  [ntdll.dll+0x5dfb8]


---------------  P R O C E S S  ---------------

Threads class SMR info:
_java_thread_list=0x000001d3cf68c8d0, length=17, elements={
0x000001d3ca54afe0, 0x000001d3ca551bd0, 0x000001d3ca5555f0, 0x000001d3ca555f20,
0x000001d3ca558d40, 0x000001d3ca5598f0, 0x000001d3ca55c560, 0x000001d3ca55d210,
0x000001d3ca55e4d0, 0x000001d3ca4e28b0, 0x000001d3ce9159d0, 0x000001d3cea2d9a0,
0x000001d3cea5e900, 0x000001d3cea5ee40, 0x000001d3ceb71960, 0x000001d3a77c6ee0,
0x000001d3cf966440
}

Java Threads: ( => current thread )
  0x000001d3ca54afe0 JavaThread "Reference Handler" daemon [_thread_blocked, id=13204, stack(0x0000003d65300000,0x0000003d65400000)]
  0x000001d3ca551bd0 JavaThread "Finalizer" daemon [_thread_blocked, id=18536, stack(0x0000003d65400000,0x0000003d65500000)]
  0x000001d3ca5555f0 JavaThread "Signal Dispatcher" daemon [_thread_blocked, id=21228, stack(0x0000003d65500000,0x0000003d65600000)]
  0x000001d3ca555f20 JavaThread "Attach Listener" daemon [_thread_blocked, id=23628, stack(0x0000003d65600000,0x0000003d65700000)]
  0x000001d3ca558d40 JavaThread "Service Thread" daemon [_thread_blocked, id=22544, stack(0x0000003d65700000,0x0000003d65800000)]
  0x000001d3ca5598f0 JavaThread "Monitor Deflation Thread" daemon [_thread_blocked, id=23068, stack(0x0000003d65800000,0x0000003d65900000)]
=>0x000001d3ca55c560 JavaThread "C2 CompilerThread0" daemon [_thread_in_native, id=22788, stack(0x0000003d65900000,0x0000003d65a00000)]
  0x000001d3ca55d210 JavaThread "C1 CompilerThread0" daemon [_thread_blocked, id=19244, stack(0x0000003d65a00000,0x0000003d65b00000)]
  0x000001d3ca55e4d0 JavaThread "Sweeper thread" daemon [_thread_blocked, id=23124, stack(0x0000003d65b00000,0x0000003d65c00000)]
  0x000001d3ca4e28b0 JavaThread "Common-Cleaner" daemon [_thread_blocked, id=22796, stack(0x0000003d65c00000,0x0000003d65d00000)]
  0x000001d3ce9159d0 JavaThread "Notification Thread" daemon [_thread_blocked, id=20756, stack(0x0000003d65d00000,0x0000003d65e00000)]
  0x000001d3cea2d9a0 JavaThread "Java2D Disposer" daemon [_thread_blocked, id=22940, stack(0x0000003d65f00000,0x0000003d66000000)]
  0x000001d3cea5e900 JavaThread "AWT-Shutdown" [_thread_blocked, id=20032, stack(0x0000003d66000000,0x0000003d66100000)]
  0x000001d3cea5ee40 JavaThread "AWT-Windows" daemon [_thread_in_native, id=19092, stack(0x0000003d66100000,0x0000003d66200000)]
  0x000001d3ceb71960 JavaThread "AWT-EventQueue-0" [_thread_blocked, id=21424, stack(0x0000003d66300000,0x0000003d66400000)]
  0x000001d3a77c6ee0 JavaThread "DestroyJavaVM" [_thread_blocked, id=23840, stack(0x0000003d64c00000,0x0000003d64d00000)]
  0x000001d3cf966440 JavaThread "TimerQueue" daemon [_thread_blocked, id=22976, stack(0x0000003d66700000,0x0000003d66800000)]

Other Threads:
  0x000001d3ca537410 VMThread "VM Thread" [stack: 0x0000003d65200000,0x0000003d65300000] [id=8968]
  0x000001d3ce8e3910 WatcherThread "VM Periodic Task Thread" [stack: 0x0000003d65e00000,0x0000003d65f00000] [id=23532]
  0x000001d3a7825010 WorkerThread "GC Thread#0" [stack: 0x0000003d64d00000,0x0000003d64e00000] [id=16024]
  0x000001d3a7831d80 ConcurrentGCThread "G1 Main Marker" [stack: 0x0000003d64e00000,0x0000003d64f00000] [id=21220]
  0x000001d3a78327b0 WorkerThread "G1 Conc#0" [stack: 0x0000003d64f00000,0x0000003d65000000] [id=15964]
  0x000001d3ca3b14b0 ConcurrentGCThread "G1 Refine#0" [stack: 0x0000003d65000000,0x0000003d65100000] [id=23096]
  0x000001d3ca3b1ca0 ConcurrentGCThread "G1 Service" [stack: 0x0000003d65100000,0x0000003d65200000] [id=23860]

Threads with active compile tasks:
C2 CompilerThread0  2679567 1465       4       java.util.HashMap$HashIterator::nextNode (100 bytes)

VM state: not at safepoint (normal execution)

VM Mutex/Monitor currently owned by a thread: None

Heap address: 0x0000000741e00000, size: 3042 MB, Compressed Oops mode: Zero based, Oop shift amount: 3

CDS archive(s) mapped at: [0x0000000800000000-0x0000000800c40000-0x0000000800c40000), size 12845056, SharedBaseAddress: 0x0000000800000000, ArchiveRelocationMode: 0.
Compressed class space mapped at: 0x0000000801000000-0x0000000841000000, reserved size: 1073741824
Narrow klass base: 0x0000000800000000, Narrow klass shift: 0, Narrow klass range: 0x100000000

GC Precious Log:
 CardTable entry size: 512
 Card Set container configuration: InlinePtr #cards 4 size 8 Array Of Cards #cards 16 size 48 Howl #buckets 8 coarsen threshold 3686 Howl Bitmap #cards 512 size 80 coarsen threshold 460 Card regions per heap region 1 cards per card region 4096
 CPUs: 8 total, 8 available
 Memory: 12166M
 Large Page Support: Disabled
 NUMA Support: Disabled
 Compressed Oops: Enabled (Zero based)
 Heap Region Size: 2M
 Heap Min Capacity: 8M
 Heap Initial Capacity: 192M
 Heap Max Capacity: 3042M
 Pre-touch: Disabled
 Parallel Workers: 8
 Concurrent Workers: 2
 Concurrent Refinement Workers: 8
 Periodic GC: Disabled

Heap:
 garbage-first heap   total 196608K, used 24576K [0x0000000741e00000, 0x0000000800000000)
  region size 2048K, 11 young (22528K), 0 survivors (0K)
 Metaspace       used 8517K, committed 8768K, reserved 1114112K
  class space    used 884K, committed 1024K, reserved 1048576K

Heap Regions: E=young(eden), S=young(survivor), O=old, HS=humongous(starts), HC=humongous(continues), CS=collection set, F=free, OA=open archive, CA=closed archive, TAMS=top-at-mark-start (previous, next)
|   0|0x0000000741e00000, 0x0000000742000000, 0x0000000742000000|100%|HS|  |TAMS 0x0000000741e00000, 0x0000000741e00000| Complete 
|   1|0x0000000742000000, 0x0000000742200000, 0x0000000742200000|100%|HC|  |TAMS 0x0000000742000000, 0x0000000742000000| Complete 
|   2|0x0000000742200000, 0x0000000742200000, 0x0000000742400000|  0%| F|  |TAMS 0x0000000742200000, 0x0000000742200000| Untracked 
|   3|0x0000000742400000, 0x0000000742400000, 0x0000000742600000|  0%| F|  |TAMS 0x0000000742400000, 0x0000000742400000| Untracked 
|   4|0x0000000742600000, 0x0000000742600000, 0x0000000742800000|  0%| F|  |TAMS 0x0000000742600000, 0x0000000742600000| Untracked 
|   5|0x0000000742800000, 0x0000000742800000, 0x0000000742a00000|  0%| F|  |TAMS 0x0000000742800000, 0x0000000742800000| Untracked 
|   6|0x0000000742a00000, 0x0000000742a00000, 0x0000000742c00000|  0%| F|  |TAMS 0x0000000742a00000, 0x0000000742a00000| Untracked 
|   7|0x0000000742c00000, 0x0000000742c00000, 0x0000000742e00000|  0%| F|  |TAMS 0x0000000742c00000, 0x0000000742c00000| Untracked 
|   8|0x0000000742e00000, 0x0000000742e00000, 0x0000000743000000|  0%| F|  |TAMS 0x0000000742e00000, 0x0000000742e00000| Untracked 
|   9|0x0000000743000000, 0x0000000743000000, 0x0000000743200000|  0%| F|  |TAMS 0x0000000743000000, 0x0000000743000000| Untracked 
|  10|0x0000000743200000, 0x0000000743200000, 0x0000000743400000|  0%| F|  |TAMS 0x0000000743200000, 0x0000000743200000| Untracked 
|  11|0x0000000743400000, 0x0000000743400000, 0x0000000743600000|  0%| F|  |TAMS 0x0000000743400000, 0x0000000743400000| Untracked 
|  12|0x0000000743600000, 0x0000000743600000, 0x0000000743800000|  0%| F|  |TAMS 0x0000000743600000, 0x0000000743600000| Untracked 
|  13|0x0000000743800000, 0x0000000743800000, 0x0000000743a00000|  0%| F|  |TAMS 0x0000000743800000, 0x0000000743800000| Untracked 
|  14|0x0000000743a00000, 0x0000000743a00000, 0x0000000743c00000|  0%| F|  |TAMS 0x0000000743a00000, 0x0000000743a00000| Untracked 
|  15|0x0000000743c00000, 0x0000000743c00000, 0x0000000743e00000|  0%| F|  |TAMS 0x0000000743c00000, 0x0000000743c00000| Untracked 
|  16|0x0000000743e00000, 0x0000000743e00000, 0x0000000744000000|  0%| F|  |TAMS 0x0000000743e00000, 0x0000000743e00000| Untracked 
|  17|0x0000000744000000, 0x0000000744000000, 0x0000000744200000|  0%| F|  |TAMS 0x0000000744000000, 0x0000000744000000| Untracked 
|  18|0x0000000744200000, 0x0000000744200000, 0x0000000744400000|  0%| F|  |TAMS 0x0000000744200000, 0x0000000744200000| Untracked 
|  19|0x0000000744400000, 0x0000000744400000, 0x0000000744600000|  0%| F|  |TAMS 0x0000000744400000, 0x0000000744400000| Untracked 
|  20|0x0000000744600000, 0x0000000744600000, 0x0000000744800000|  0%| F|  |TAMS 0x0000000744600000, 0x0000000744600000| Untracked 
|  21|0x0000000744800000, 0x0000000744800000, 0x0000000744a00000|  0%| F|  |TAMS 0x0000000744800000, 0x0000000744800000| Untracked 
|  22|0x0000000744a00000, 0x0000000744a00000, 0x0000000744c00000|  0%| F|  |TAMS 0x0000000744a00000, 0x0000000744a00000| Untracked 
|  23|0x0000000744c00000, 0x0000000744c00000, 0x0000000744e00000|  0%| F|  |TAMS 0x0000000744c00000, 0x0000000744c00000| Untracked 
|  24|0x0000000744e00000, 0x0000000744e00000, 0x0000000745000000|  0%| F|  |TAMS 0x0000000744e00000, 0x0000000744e00000| Untracked 
|  25|0x0000000745000000, 0x0000000745000000, 0x0000000745200000|  0%| F|  |TAMS 0x0000000745000000, 0x0000000745000000| Untracked 
|  26|0x0000000745200000, 0x0000000745200000, 0x0000000745400000|  0%| F|  |TAMS 0x0000000745200000, 0x0000000745200000| Untracked 
|  27|0x0000000745400000, 0x0000000745400000, 0x0000000745600000|  0%| F|  |TAMS 0x0000000745400000, 0x0000000745400000| Untracked 
|  28|0x0000000745600000, 0x0000000745600000, 0x0000000745800000|  0%| F|  |TAMS 0x0000000745600000, 0x0000000745600000| Untracked 
|  29|0x0000000745800000, 0x0000000745800000, 0x0000000745a00000|  0%| F|  |TAMS 0x0000000745800000, 0x0000000745800000| Untracked 
|  30|0x0000000745a00000, 0x0000000745a00000, 0x0000000745c00000|  0%| F|  |TAMS 0x0000000745a00000, 0x0000000745a00000| Untracked 
|  31|0x0000000745c00000, 0x0000000745c00000, 0x0000000745e00000|  0%| F|  |TAMS 0x0000000745c00000, 0x0000000745c00000| Untracked 
|  32|0x0000000745e00000, 0x0000000745e00000, 0x0000000746000000|  0%| F|  |TAMS 0x0000000745e00000, 0x0000000745e00000| Untracked 
|  33|0x0000000746000000, 0x0000000746000000, 0x0000000746200000|  0%| F|  |TAMS 0x0000000746000000, 0x0000000746000000| Untracked 
|  34|0x0000000746200000, 0x0000000746200000, 0x0000000746400000|  0%| F|  |TAMS 0x0000000746200000, 0x0000000746200000| Untracked 
|  35|0x0000000746400000, 0x0000000746400000, 0x0000000746600000|  0%| F|  |TAMS 0x0000000746400000, 0x0000000746400000| Untracked 
|  36|0x0000000746600000, 0x0000000746600000, 0x0000000746800000|  0%| F|  |TAMS 0x0000000746600000, 0x0000000746600000| Untracked 
|  37|0x0000000746800000, 0x0000000746800000, 0x0000000746a00000|  0%| F|  |TAMS 0x0000000746800000, 0x0000000746800000| Untracked 
|  38|0x0000000746a00000, 0x0000000746a00000, 0x0000000746c00000|  0%| F|  |TAMS 0x0000000746a00000, 0x0000000746a00000| Untracked 
|  39|0x0000000746c00000, 0x0000000746c00000, 0x0000000746e00000|  0%| F|  |TAMS 0x0000000746c00000, 0x0000000746c00000| Untracked 
|  40|0x0000000746e00000, 0x0000000746e00000, 0x0000000747000000|  0%| F|  |TAMS 0x0000000746e00000, 0x0000000746e00000| Untracked 
|  41|0x0000000747000000, 0x0000000747000000, 0x0000000747200000|  0%| F|  |TAMS 0x0000000747000000, 0x0000000747000000| Untracked 
|  42|0x0000000747200000, 0x0000000747200000, 0x0000000747400000|  0%| F|  |TAMS 0x0000000747200000, 0x0000000747200000| Untracked 
|  43|0x0000000747400000, 0x0000000747400000, 0x0000000747600000|  0%| F|  |TAMS 0x0000000747400000, 0x0000000747400000| Untracked 
|  44|0x0000000747600000, 0x0000000747600000, 0x0000000747800000|  0%| F|  |TAMS 0x0000000747600000, 0x0000000747600000| Untracked 
|  45|0x0000000747800000, 0x0000000747800000, 0x0000000747a00000|  0%| F|  |TAMS 0x0000000747800000, 0x0000000747800000| Untracked 
|  46|0x0000000747a00000, 0x0000000747a00000, 0x0000000747c00000|  0%| F|  |TAMS 0x0000000747a00000, 0x0000000747a00000| Untracked 
|  47|0x0000000747c00000, 0x0000000747c00000, 0x0000000747e00000|  0%| F|  |TAMS 0x0000000747c00000, 0x0000000747c00000| Untracked 
|  48|0x0000000747e00000, 0x0000000747e00000, 0x0000000748000000|  0%| F|  |TAMS 0x0000000747e00000, 0x0000000747e00000| Untracked 
|  49|0x0000000748000000, 0x0000000748000000, 0x0000000748200000|  0%| F|  |TAMS 0x0000000748000000, 0x0000000748000000| Untracked 
|  50|0x0000000748200000, 0x0000000748200000, 0x0000000748400000|  0%| F|  |TAMS 0x0000000748200000, 0x0000000748200000| Untracked 
|  51|0x0000000748400000, 0x0000000748400000, 0x0000000748600000|  0%| F|  |TAMS 0x0000000748400000, 0x0000000748400000| Untracked 
|  52|0x0000000748600000, 0x0000000748600000, 0x0000000748800000|  0%| F|  |TAMS 0x0000000748600000, 0x0000000748600000| Untracked 
|  53|0x0000000748800000, 0x0000000748800000, 0x0000000748a00000|  0%| F|  |TAMS 0x0000000748800000, 0x0000000748800000| Untracked 
|  54|0x0000000748a00000, 0x0000000748a00000, 0x0000000748c00000|  0%| F|  |TAMS 0x0000000748a00000, 0x0000000748a00000| Untracked 
|  55|0x0000000748c00000, 0x0000000748c00000, 0x0000000748e00000|  0%| F|  |TAMS 0x0000000748c00000, 0x0000000748c00000| Untracked 
|  56|0x0000000748e00000, 0x0000000748e00000, 0x0000000749000000|  0%| F|  |TAMS 0x0000000748e00000, 0x0000000748e00000| Untracked 
|  57|0x0000000749000000, 0x0000000749000000, 0x0000000749200000|  0%| F|  |TAMS 0x0000000749000000, 0x0000000749000000| Untracked 
|  58|0x0000000749200000, 0x0000000749200000, 0x0000000749400000|  0%| F|  |TAMS 0x0000000749200000, 0x0000000749200000| Untracked 
|  59|0x0000000749400000, 0x0000000749400000, 0x0000000749600000|  0%| F|  |TAMS 0x0000000749400000, 0x0000000749400000| Untracked 
|  60|0x0000000749600000, 0x0000000749600000, 0x0000000749800000|  0%| F|  |TAMS 0x0000000749600000, 0x0000000749600000| Untracked 
|  61|0x0000000749800000, 0x0000000749800000, 0x0000000749a00000|  0%| F|  |TAMS 0x0000000749800000, 0x0000000749800000| Untracked 
|  62|0x0000000749a00000, 0x0000000749a00000, 0x0000000749c00000|  0%| F|  |TAMS 0x0000000749a00000, 0x0000000749a00000| Untracked 
|  63|0x0000000749c00000, 0x0000000749c00000, 0x0000000749e00000|  0%| F|  |TAMS 0x0000000749c00000, 0x0000000749c00000| Untracked 
|  64|0x0000000749e00000, 0x0000000749e00000, 0x000000074a000000|  0%| F|  |TAMS 0x0000000749e00000, 0x0000000749e00000| Untracked 
|  65|0x000000074a000000, 0x000000074a000000, 0x000000074a200000|  0%| F|  |TAMS 0x000000074a000000, 0x000000074a000000| Untracked 
|  66|0x000000074a200000, 0x000000074a200000, 0x000000074a400000|  0%| F|  |TAMS 0x000000074a200000, 0x000000074a200000| Untracked 
|  67|0x000000074a400000, 0x000000074a400000, 0x000000074a600000|  0%| F|  |TAMS 0x000000074a400000, 0x000000074a400000| Untracked 
|  68|0x000000074a600000, 0x000000074a600000, 0x000000074a800000|  0%| F|  |TAMS 0x000000074a600000, 0x000000074a600000| Untracked 
|  69|0x000000074a800000, 0x000000074a800000, 0x000000074aa00000|  0%| F|  |TAMS 0x000000074a800000, 0x000000074a800000| Untracked 
|  70|0x000000074aa00000, 0x000000074aa00000, 0x000000074ac00000|  0%| F|  |TAMS 0x000000074aa00000, 0x000000074aa00000| Untracked 
|  71|0x000000074ac00000, 0x000000074ac00000, 0x000000074ae00000|  0%| F|  |TAMS 0x000000074ac00000, 0x000000074ac00000| Untracked 
|  72|0x000000074ae00000, 0x000000074ae00000, 0x000000074b000000|  0%| F|  |TAMS 0x000000074ae00000, 0x000000074ae00000| Untracked 
|  73|0x000000074b000000, 0x000000074b000000, 0x000000074b200000|  0%| F|  |TAMS 0x000000074b000000, 0x000000074b000000| Untracked 
|  74|0x000000074b200000, 0x000000074b200000, 0x000000074b400000|  0%| F|  |TAMS 0x000000074b200000, 0x000000074b200000| Untracked 
|  75|0x000000074b400000, 0x000000074b400000, 0x000000074b600000|  0%| F|  |TAMS 0x000000074b400000, 0x000000074b400000| Untracked 
|  76|0x000000074b600000, 0x000000074b600000, 0x000000074b800000|  0%| F|  |TAMS 0x000000074b600000, 0x000000074b600000| Untracked 
|  77|0x000000074b800000, 0x000000074b800000, 0x000000074ba00000|  0%| F|  |TAMS 0x000000074b800000, 0x000000074b800000| Untracked 
|  78|0x000000074ba00000, 0x000000074ba00000, 0x000000074bc00000|  0%| F|  |TAMS 0x000000074ba00000, 0x000000074ba00000| Untracked 
|  79|0x000000074bc00000, 0x000000074bc00000, 0x000000074be00000|  0%| F|  |TAMS 0x000000074bc00000, 0x000000074bc00000| Untracked 
|  80|0x000000074be00000, 0x000000074be00000, 0x000000074c000000|  0%| F|  |TAMS 0x000000074be00000, 0x000000074be00000| Untracked 
|  81|0x000000074c000000, 0x000000074c000000, 0x000000074c200000|  0%| F|  |TAMS 0x000000074c000000, 0x000000074c000000| Untracked 
|  82|0x000000074c200000, 0x000000074c200000, 0x000000074c400000|  0%| F|  |TAMS 0x000000074c200000, 0x000000074c200000| Untracked 
|  83|0x000000074c400000, 0x000000074c400000, 0x000000074c600000|  0%| F|  |TAMS 0x000000074c400000, 0x000000074c400000| Untracked 
|  84|0x000000074c600000, 0x000000074c600000, 0x000000074c800000|  0%| F|  |TAMS 0x000000074c600000, 0x000000074c600000| Untracked 
|  85|0x000000074c800000, 0x000000074c871258, 0x000000074ca00000| 22%| E|  |TAMS 0x000000074c800000, 0x000000074c800000| Complete 
|  86|0x000000074ca00000, 0x000000074cc00000, 0x000000074cc00000|100%| E|CS|TAMS 0x000000074ca00000, 0x000000074ca00000| Complete 
|  87|0x000000074cc00000, 0x000000074ce00000, 0x000000074ce00000|100%| E|CS|TAMS 0x000000074cc00000, 0x000000074cc00000| Complete 
|  88|0x000000074ce00000, 0x000000074d000000, 0x000000074d000000|100%| E|CS|TAMS 0x000000074ce00000, 0x000000074ce00000| Complete 
|  89|0x000000074d000000, 0x000000074d200000, 0x000000074d200000|100%| E|CS|TAMS 0x000000074d000000, 0x000000074d000000| Complete 
|  90|0x000000074d200000, 0x000000074d400000, 0x000000074d400000|100%| E|CS|TAMS 0x000000074d200000, 0x000000074d200000| Complete 
|  91|0x000000074d400000, 0x000000074d600000, 0x000000074d600000|100%| E|CS|TAMS 0x000000074d400000, 0x000000074d400000| Complete 
|  92|0x000000074d600000, 0x000000074d800000, 0x000000074d800000|100%| E|CS|TAMS 0x000000074d600000, 0x000000074d600000| Complete 
|  93|0x000000074d800000, 0x000000074da00000, 0x000000074da00000|100%| E|CS|TAMS 0x000000074d800000, 0x000000074d800000| Complete 
|  94|0x000000074da00000, 0x000000074dc00000, 0x000000074dc00000|100%| E|CS|TAMS 0x000000074da00000, 0x000000074da00000| Complete 
|  95|0x000000074dc00000, 0x000000074de00000, 0x000000074de00000|100%| E|CS|TAMS 0x000000074dc00000, 0x000000074dc00000| Complete 

Card table byte_map: [0x000001d3c0f80000,0x000001d3c1580000] _byte_map_base: 0x000001d3bd571000

Marking Bits (Prev, Next): (CMBitMap*) 0x000001d3a7825640, (CMBitMap*) 0x000001d3a7825680
 Prev Bits: [0x000001d3c1b80000, 0x000001d3c4b08000)
 Next Bits: [0x000001d3c4b10000, 0x000001d3c7a98000)

Polling page: 0x000001d3b0ee0000

Metaspace:

Usage:
  Non-class:      7.45 MB used.
      Class:    884.52 KB used.
       Both:      8.32 MB used.

Virtual space:
  Non-class space:       64.00 MB reserved,       7.56 MB ( 12%) committed,  1 nodes.
      Class space:        1.00 GB reserved,       1.00 MB ( <1%) committed,  1 nodes.
             Both:        1.06 GB reserved,       8.56 MB ( <1%) committed. 

Chunk freelists:
   Non-Class:  496.00 KB
       Class:  3.04 MB
        Both:  3.53 MB

MaxMetaspaceSize: unlimited
CompressedClassSpaceSize: 1.00 GB
Initial GC threshold: 21.00 MB
Current GC threshold: 21.00 MB
CDS: on
MetaspaceReclaimPolicy: balanced
 - commit_granule_bytes: 65536.
 - commit_granule_words: 8192.
 - virtual_space_node_default_size: 8388608.
 - enlarge_chunks_in_place: 1.
 - new_chunks_are_fully_committed: 0.
 - uncommit_free_chunks: 1.
 - use_allocation_guard: 0.


Internal statistics:

num_allocs_failed_limit: 0.
num_arena_births: 154.
num_arena_deaths: 0.
num_vsnodes_births: 2.
num_vsnodes_deaths: 0.
num_space_committed: 137.
num_space_uncommitted: 0.
num_chunks_returned_to_freelist: 0.
num_chunks_taken_from_freelist: 169.
num_chunk_merges: 0.
num_chunk_splits: 112.
num_chunks_enlarged: 74.
num_inconsistent_stats: 0.

CodeHeap 'non-profiled nmethods': size=120000Kb used=427Kb max_used=427Kb free=119572Kb
 bounds [0x000001d3b89d0000, 0x000001d3b8c40000, 0x000001d3bff00000]
CodeHeap 'profiled nmethods': size=120000Kb used=2676Kb max_used=2676Kb free=117323Kb
 bounds [0x000001d3b0f00000, 0x000001d3b11a0000, 0x000001d3b8430000]
CodeHeap 'non-nmethods': size=5760Kb used=1373Kb max_used=1417Kb free=4386Kb
 bounds [0x000001d3b8430000, 0x000001d3b86a0000, 0x000001d3b89d0000]
 total_blobs=2085 nmethods=1465 adapters=531
 compilation: enabled
              stopped_count=0, restarted_count=0
 full_count=0

Compilation events (20 events):
Event: 2675.904 Thread 0x000001d3ca55d210 1457       3       java.util.HashMap::tableSizeFor (32 bytes)
Event: 2675.904 Thread 0x000001d3ca55d210 nmethod 1457 0x000001d3b119a010 code [0x000001d3b119a1c0, 0x000001d3b119a3e8]
Event: 2675.911 Thread 0x000001d3ca55c560 nmethod 1455 0x000001d3b8a39a90 code [0x000001d3b8a39c20, 0x000001d3b8a39e18]
Event: 2675.911 Thread 0x000001d3ca55c560 1456       4       java.util.HashMap$HashIterator::hasNext (13 bytes)
Event: 2675.912 Thread 0x000001d3ca55c560 nmethod 1456 0x000001d3b8a39f10 code [0x000001d3b8a3a080, 0x000001d3b8a3a118]
Event: 2677.349 Thread 0x000001d3ca55d210 1459       3       java.lang.StringConcatHelper::initialCoder (14 bytes)
Event: 2677.349 Thread 0x000001d3ca55d210 nmethod 1459 0x000001d3b119a490 code [0x000001d3b119a620, 0x000001d3b119a738]
Event: 2677.351 Thread 0x000001d3ca55d210 1460       3       java.lang.StringConcatHelper::simpleConcat (94 bytes)
Event: 2677.353 Thread 0x000001d3ca55d210 nmethod 1460 0x000001d3b119a790 code [0x000001d3b119aac0, 0x000001d3b119bd38]
Event: 2677.934 Thread 0x000001d3ca55c560 1461       4       java.util.HashMap::keysToArray (81 bytes)
Event: 2677.945 Thread 0x000001d3ca55c560 nmethod 1461 0x000001d3b8a3a210 code [0x000001d3b8a3a3a0, 0x000001d3b8a3a778]
Event: 2677.945 Thread 0x000001d3ca55c560 1462       4       java.util.HashMap::hash (20 bytes)
Event: 2677.947 Thread 0x000001d3ca55c560 nmethod 1462 0x000001d3b8a3a990 code [0x000001d3b8a3ab20, 0x000001d3b8a3abf8]
Event: 2679.083 Thread 0x000001d3ca55d210 1463       3       java.awt.Color::<init> (11 bytes)
Event: 2679.084 Thread 0x000001d3ca55d210 nmethod 1463 0x000001d3b119c390 code [0x000001d3b119c540, 0x000001d3b119c688]
Event: 2679.084 Thread 0x000001d3ca55d210 1464       3       java.awt.Color::<init> (72 bytes)
Event: 2679.084 Thread 0x000001d3ca55d210 nmethod 1464 0x000001d3b119c710 code [0x000001d3b119c8c0, 0x000001d3b119cb48]
Event: 2679.499 Thread 0x000001d3ca55c560 1465       4       java.util.HashMap$HashIterator::nextNode (100 bytes)
Event: 2679.500 Thread 0x000001d3ca55d210 1466       3       java.lang.Integer::equals (29 bytes)
Event: 2679.500 Thread 0x000001d3ca55d210 nmethod 1466 0x000001d3b119cc10 code [0x000001d3b119cdc0, 0x000001d3b119d1b8]

GC Heap History (0 events):
No events

Dll operation events (10 events):
Event: 0.026 Loaded shared library C:\Program Files\Java\jdk-19\bin\java.dll
Event: 0.051 Loaded shared library C:\Program Files\Java\jdk-19\bin\jsvml.dll
Event: 0.197 Loaded shared library C:\Program Files\Java\jdk-19\bin\net.dll
Event: 0.202 Loaded shared library C:\Program Files\Java\jdk-19\bin\nio.dll
Event: 0.278 Loaded shared library C:\Program Files\Java\jdk-19\bin\jimage.dll
Event: 0.309 Loaded shared library C:\Program Files\Java\jdk-19\bin\awt.dll
Event: 0.640 Loaded shared library C:\Program Files\Java\jdk-19\bin\zip.dll
Event: 0.713 Loaded shared library C:\Program Files\Java\jdk-19\bin\javajpeg.dll
Event: 0.828 Loaded shared library C:\Program Files\Java\jdk-19\bin\freetype.dll
Event: 0.830 Loaded shared library C:\Program Files\Java\jdk-19\bin\fontmanager.dll

Deoptimization events (20 events):
Event: 3.267 Thread 0x000001d3cf966440 Uncommon trap: trap_request=0xffffff45 fr.pc=0x000001d3b8a2e374 relative=0x00000000000000d4
Event: 3.267 Thread 0x000001d3cf966440 Uncommon trap: reason=unstable_if action=reinterpret pc=0x000001d3b8a2e374 method=java.util.concurrent.locks.ReentrantLock$Sync.tryRelease(I)Z @ 26 c2
Event: 3.267 Thread 0x000001d3cf966440 DEOPT PACKING pc=0x000001d3b8a2e374 sp=0x0000003d667fef10
Event: 3.267 Thread 0x000001d3cf966440 DEOPT UNPACKING pc=0x000001d3b8496da3 sp=0x0000003d667feeb0 mode 2
Event: 5.467 Thread 0x000001d3cea5ee40 Uncommon trap: trap_request=0xffffff45 fr.pc=0x000001d3b8a32038 relative=0x0000000000000038
Event: 5.467 Thread 0x000001d3cea5ee40 Uncommon trap: reason=unstable_if action=reinterpret pc=0x000001d3b8a32038 method=java.util.concurrent.locks.AbstractQueuedSynchronizer.signalNext(Ljava/util/concurrent/locks/AbstractQueuedSynchronizer$Node;)V @ 10 c2
Event: 5.467 Thread 0x000001d3cea5ee40 DEOPT PACKING pc=0x000001d3b8a32038 sp=0x0000003d661fdda0
Event: 5.467 Thread 0x000001d3cea5ee40 DEOPT UNPACKING pc=0x000001d3b8496da3 sp=0x0000003d661fdd20 mode 2
Event: 5.833 Thread 0x000001d3cf966440 Uncommon trap: trap_request=0xffffff45 fr.pc=0x000001d3b8a3249c relative=0x000000000000017c
Event: 5.833 Thread 0x000001d3cf966440 Uncommon trap: reason=unstable_if action=reinterpret pc=0x000001d3b8a3249c method=java.util.concurrent.locks.AbstractQueuedSynchronizer.release(I)Z @ 5 c2
Event: 5.833 Thread 0x000001d3cf966440 DEOPT PACKING pc=0x000001d3b8a3249c sp=0x0000003d667fef50
Event: 5.833 Thread 0x000001d3cf966440 DEOPT UNPACKING pc=0x000001d3b8496da3 sp=0x0000003d667feeb8 mode 2
Event: 6.427 Thread 0x000001d3ceb71960 Uncommon trap: trap_request=0xffffff45 fr.pc=0x000001d3b8a30e54 relative=0x00000000000000b4
Event: 6.428 Thread 0x000001d3ceb71960 Uncommon trap: reason=unstable_if action=reinterpret pc=0x000001d3b8a30e54 method=java.awt.Component.inside(II)Z @ 1 c2
Event: 6.428 Thread 0x000001d3ceb71960 DEOPT PACKING pc=0x000001d3b8a30e54 sp=0x0000003d663fe950
Event: 6.428 Thread 0x000001d3ceb71960 DEOPT UNPACKING pc=0x000001d3b8496da3 sp=0x0000003d663fe7f0 mode 2
Event: 2679.499 Thread 0x000001d3cea5ee40 Uncommon trap: trap_request=0xffffffbe fr.pc=0x000001d3b8a3a6d4 relative=0x0000000000000334
Event: 2679.499 Thread 0x000001d3cea5ee40 Uncommon trap: reason=profile_predicate action=maybe_recompile pc=0x000001d3b8a3a6d4 method=java.util.HashMap.keysToArray([Ljava/lang/Object;)[Ljava/lang/Object; @ 36 c2
Event: 2679.499 Thread 0x000001d3cea5ee40 DEOPT PACKING pc=0x000001d3b8a3a6d4 sp=0x0000003d661fe3e0
Event: 2679.499 Thread 0x000001d3cea5ee40 DEOPT UNPACKING pc=0x000001d3b8496da3 sp=0x0000003d661fe390 mode 2

Classes loaded (20 events):
Event: 1.735 Loading class javax/swing/TimerQueue$DelayedTimer
Event: 1.735 Loading class java/util/concurrent/Delayed
Event: 1.735 Loading class java/util/concurrent/Delayed done
Event: 1.735 Loading class javax/swing/TimerQueue$DelayedTimer done
Event: 1.736 Loading class java/util/concurrent/TimeUnit$1
Event: 1.736 Loading class java/util/concurrent/TimeUnit$1 done
Event: 2.149 Loading class java/util/concurrent/locks/AbstractQueuedSynchronizer$ExclusiveNode
Event: 2.150 Loading class java/util/concurrent/locks/AbstractQueuedSynchronizer$ExclusiveNode done
Event: 2.242 Loading class javax/swing/Timer$1
Event: 2.242 Loading class javax/swing/Timer$1 done
Event: 7.311 Loading class java/awt/LightweightDispatcher$2
Event: 7.311 Loading class java/awt/LightweightDispatcher$2 done
Event: 8.464 Loading class java/awt/KeyboardFocusManager$2
Event: 8.464 Loading class java/awt/KeyboardFocusManager$2 done
Event: 8.464 Loading class sun/awt/SunToolkit$1
Event: 8.464 Loading class sun/awt/SunToolkit$1 done
Event: 1149.613 Loading class java/awt/desktop/SystemSleepListener
Event: 1149.613 Loading class java/awt/desktop/SystemEventListener
Event: 1149.613 Loading class java/awt/desktop/SystemEventListener done
Event: 1149.613 Loading class java/awt/desktop/SystemSleepListener done

Classes unloaded (0 events):
No events

Classes redefined (0 events):
No events

Internal exceptions (17 events):
Event: 0.206 Thread 0x000001d3a77c6ee0 Exception <a 'sun/nio/fs/WindowsException'{0x000000074da73630}> (0x000000074da73630) 
thrown [s\open\src\hotspot\share\prims\jni.cpp, line 517]
Event: 0.208 Thread 0x000001d3a77c6ee0 Exception <a 'sun/nio/fs/WindowsException'{0x000000074da73be8}> (0x000000074da73be8) 
thrown [s\open\src\hotspot\share\prims\jni.cpp, line 517]
Event: 0.212 Thread 0x000001d3a77c6ee0 Exception <a 'sun/nio/fs/WindowsException'{0x000000074da761a0}> (0x000000074da761a0) 
thrown [s\open\src\hotspot\share\prims\jni.cpp, line 517]
Event: 0.213 Thread 0x000001d3a77c6ee0 Exception <a 'sun/nio/fs/WindowsException'{0x000000074da76d20}> (0x000000074da76d20) 
thrown [s\open\src\hotspot\share\prims\jni.cpp, line 517]
Event: 0.291 Thread 0x000001d3a77c6ee0 Exception <a 'java/lang/ClassNotFoundException'{0x000000074db14330}: sun/awt/resources/spi/awtProvider> (0x000000074db14330) 
thrown [s\open\src\hotspot\share\classfile\systemDictionary.cpp, line 255]
Event: 0.339 Thread 0x000001d3a77c6ee0 Exception <a 'java/io/FileNotFoundException'{0x000000074db6c030}> (0x000000074db6c030) 
thrown [s\open\src\hotspot\share\prims\jni.cpp, line 517]
Event: 0.354 Thread 0x000001d3a77c6ee0 Exception <a 'java/io/FileNotFoundException'{0x000000074db98560}> (0x000000074db98560) 
thrown [s\open\src\hotspot\share\prims\jni.cpp, line 517]
Event: 0.439 Thread 0x000001d3a77c6ee0 Exception <a 'java/lang/NoSuchMethodError'{0x000000074dbdd510}: 'java.lang.Object java.lang.invoke.DirectMethodHandle$Holder.invokeStaticInit(java.lang.Object)'> (0x000000074dbdd510) 
thrown [s\open\src\hotspot\share\interpreter\linkResolver.cpp, line 774]
Event: 0.502 Thread 0x000001d3a77c6ee0 Exception <a 'java/lang/NoSuchMethodError'{0x000000074d913fb0}: 'void java.lang.invoke.DirectMethodHandle$Holder.invokeSpecial(java.lang.Object, java.lang.Object, java.lang.Object)'> (0x000000074d913fb0) 
thrown [s\open\src\hotspot\share\interpreter\linkResolver.cpp, line 774]
Event: 0.519 Thread 0x000001d3a77c6ee0 Exception <a 'java/lang/NoSuchMethodError'{0x000000074d93eb58}: 'java.lang.Object java.lang.invoke.DirectMethodHandle$Holder.newInvokeSpecial(java.lang.Object, java.lang.Object, java.lang.Object, java.lang.Object, java.lang.Object)'> (0x000000074d93eb58) 
thrown [s\open\src\hotspot\share\interpreter\linkResolver.cpp, line 774]
Event: 0.530 Thread 0x000001d3a77c6ee0 Exception <a 'java/lang/NoSuchMethodError'{0x000000074d970490}: 'java.lang.Object java.lang.invoke.DirectMethodHandle$Holder.invokeStatic(java.lang.Object, int, java.lang.Object)'> (0x000000074d970490) 
thrown [s\open\src\hotspot\share\interpreter\linkResolver.cpp, line 774]
Event: 0.578 Thread 0x000001d3a77c6ee0 Exception <a 'java/lang/ClassNotFoundException'{0x000000074d62c2e0}: com/sun/swing/internal/plaf/metal/resources/spi/metalProvider> (0x000000074d62c2e0) 
thrown [s\open\src\hotspot\share\classfile\systemDictionary.cpp, line 255]
Event: 0.580 Thread 0x000001d3a77c6ee0 Exception <a 'java/lang/ClassNotFoundException'{0x000000074d630210}: com/sun/swing/internal/plaf/basic/resources/spi/basicProvider> (0x000000074d630210) 
thrown [s\open\src\hotspot\share\classfile\systemDictionary.cpp, line 255]
Event: 0.594 Thread 0x000001d3a77c6ee0 Exception <a 'java/lang/NoSuchMethodError'{0x000000074d64fe80}: 'int java.lang.invoke.Invokers$Holder.invokeExact_MT(java.lang.Object, java.lang.Object)'> (0x000000074d64fe80) 
thrown [s\open\src\hotspot\share\interpreter\linkResolver.cpp, line 774]
Event: 0.716 Thread 0x000001d3ceba4b20 Exception <a 'java/lang/NoSuchMethodError'{0x000000074d4081b0}: 'java.lang.Object java.lang.invoke.DirectMethodHandle$Holder.newInvokeSpecial(java.lang.Object, java.lang.Object, java.lang.Object, int, int, int, int, int)'> (0x000000074d4081b0) 
thrown [s\open\src\hotspot\share\interpreter\linkResolver.cpp, line 774]
Event: 0.794 Thread 0x000001d3cea5ee40 Exception <a 'java/lang/NoSuchMethodError'{0x000000074d880f88}: 'void java.lang.invoke.DirectMethodHandle$Holder.invokeVirtual(java.lang.Object, java.lang.Object)'> (0x000000074d880f88) 
thrown [s\open\src\hotspot\share\interpreter\linkResolver.cpp, line 774]
Event: 0.821 Thread 0x000001d3a77c6ee0 Exception <a 'java/lang/NoSuchMethodError'{0x000000074d58acc0}: 'void java.lang.invoke.DirectMethodHandle$Holder.invokeStaticInit(java.lang.Object)'> (0x000000074d58acc0) 
thrown [s\open\src\hotspot\share\interpreter\linkResolver.cpp, line 774]

VM Operations (20 events):
Event: 0.771 Executing VM operation: HandshakeAllThreads
Event: 0.771 Executing VM operation: HandshakeAllThreads done
Event: 1.036 Executing VM operation: HandshakeAllThreads
Event: 1.036 Executing VM operation: HandshakeAllThreads done
Event: 1.601 Executing VM operation: ICBufferFull
Event: 1.601 Executing VM operation: ICBufferFull done
Event: 2.613 Executing VM operation: Cleanup
Event: 2.613 Executing VM operation: Cleanup done
Event: 3.624 Executing VM operation: Cleanup
Event: 3.624 Executing VM operation: Cleanup done
Event: 5.645 Executing VM operation: Cleanup
Event: 5.646 Executing VM operation: Cleanup done
Event: 6.651 Executing VM operation: Cleanup
Event: 6.651 Executing VM operation: Cleanup done
Event: 7.660 Executing VM operation: Cleanup
Event: 7.660 Executing VM operation: Cleanup done
Event: 8.664 Executing VM operation: Cleanup
Event: 8.664 Executing VM operation: Cleanup done
Event: 828.975 Executing VM operation: Cleanup
Event: 828.975 Executing VM operation: Cleanup done

Events (20 events):
Event: 0.082 Thread 0x000001d3ca54afe0 Thread added: 0x000001d3ca54afe0
Event: 0.082 Thread 0x000001d3ca551bd0 Thread added: 0x000001d3ca551bd0
Event: 0.083 Thread 0x000001d3ca5555f0 Thread added: 0x000001d3ca5555f0
Event: 0.083 Thread 0x000001d3ca555f20 Thread added: 0x000001d3ca555f20
Event: 0.083 Thread 0x000001d3ca558d40 Thread added: 0x000001d3ca558d40
Event: 0.084 Thread 0x000001d3ca5598f0 Thread added: 0x000001d3ca5598f0
Event: 0.084 Thread 0x000001d3ca55c560 Thread added: 0x000001d3ca55c560
Event: 0.084 Thread 0x000001d3ca55d210 Thread added: 0x000001d3ca55d210
Event: 0.084 Thread 0x000001d3ca55e4d0 Thread added: 0x000001d3ca55e4d0
Event: 0.162 Thread 0x000001d3ca4e28b0 Thread added: 0x000001d3ca4e28b0
Event: 0.244 Thread 0x000001d3ce9159d0 Thread added: 0x000001d3ce9159d0
Event: 0.441 Thread 0x000001d3cea2d9a0 Thread added: 0x000001d3cea2d9a0
Event: 0.442 Thread 0x000001d3cea5e900 Thread added: 0x000001d3cea5e900
Event: 0.445 Thread 0x000001d3cea5ee40 Thread added: 0x000001d3cea5ee40
Event: 0.606 Thread 0x000001d3ceba4b20 Thread added: 0x000001d3ceba4b20
Event: 0.793 Thread 0x000001d3ceb71960 Thread added: 0x000001d3ceb71960
Event: 1.008 Thread 0x000001d3a77c6ee0 Thread exited: 0x000001d3a77c6ee0
Event: 1.008 Thread 0x000001d3a77c6ee0 Thread added: 0x000001d3a77c6ee0
Event: 1.735 Thread 0x000001d3cf966440 Thread added: 0x000001d3cf966440
Event: 5.755 Thread 0x000001d3ceba4b20 Thread exited: 0x000001d3ceba4b20


Dynamic libraries:
0x00007ff787000000 - 0x00007ff787010000 	C:\Program Files\Java\jdk-19\bin\java.exe
0x00007ffd39a10000 - 0x00007ffd39c24000 	C:\WINDOWS\SYSTEM32\ntdll.dll
0x00007ffd37af0000 - 0x00007ffd37bb3000 	C:\WINDOWS\System32\KERNEL32.DLL
0x00007ffd37290000 - 0x00007ffd3762c000 	C:\WINDOWS\System32\KERNELBASE.dll
0x00007ffd36f40000 - 0x00007ffd37051000 	C:\WINDOWS\System32\ucrtbase.dll
0x00007ffd22a60000 - 0x00007ffd22a7b000 	C:\Program Files\Java\jdk-19\bin\VCRUNTIME140.dll
0x00007ffd248c0000 - 0x00007ffd248d8000 	C:\Program Files\Java\jdk-19\bin\jli.dll
0x00007ffd379e0000 - 0x00007ffd37a8e000 	C:\WINDOWS\System32\ADVAPI32.dll
0x00007ffd39070000 - 0x00007ffd39117000 	C:\WINDOWS\System32\msvcrt.dll
0x00007ffd38d00000 - 0x00007ffd38da4000 	C:\WINDOWS\System32\sechost.dll
0x00007ffd39640000 - 0x00007ffd39755000 	C:\WINDOWS\System32\RPCRT4.dll
0x00007ffd37f50000 - 0x00007ffd380fd000 	C:\WINDOWS\System32\USER32.dll
0x00007ffd36e50000 - 0x00007ffd36e76000 	C:\WINDOWS\System32\win32u.dll
0x00007ffd39860000 - 0x00007ffd39889000 	C:\WINDOWS\System32\GDI32.dll
0x00007ffd37170000 - 0x00007ffd37282000 	C:\WINDOWS\System32\gdi32full.dll
0x00007ffd370d0000 - 0x00007ffd3716a000 	C:\WINDOWS\System32\msvcp_win.dll
0x00007ffd1b7d0000 - 0x00007ffd1ba5e000 	C:\WINDOWS\WinSxS\amd64_microsoft.windows.common-controls_6595b64144ccf1df_6.0.22621.608_none_a9444ca7c10bb01d\COMCTL32.dll
0x00007ffd2f5c0000 - 0x00007ffd2f5ca000 	C:\WINDOWS\SYSTEM32\VERSION.dll
0x00007ffd398b0000 - 0x00007ffd398e2000 	C:\WINDOWS\System32\IMM32.DLL
0x00007ffd22270000 - 0x00007ffd2227c000 	C:\Program Files\Java\jdk-19\bin\vcruntime140_1.dll
0x00007ffd26570000 - 0x00007ffd265fe000 	C:\Program Files\Java\jdk-19\bin\msvcp140.dll
0x00007ffcd72a0000 - 0x00007ffcd7f60000 	C:\Program Files\Java\jdk-19\bin\server\jvm.dll
0x00007ffd22a50000 - 0x00007ffd22a59000 	C:\WINDOWS\SYSTEM32\WSOCK32.dll
0x00007ffd38ff0000 - 0x00007ffd39061000 	C:\WINDOWS\System32\WS2_32.dll
0x00007ffd30ac0000 - 0x00007ffd30af4000 	C:\WINDOWS\SYSTEM32\WINMM.dll
0x00007ffd35e60000 - 0x00007ffd35e78000 	C:\WINDOWS\SYSTEM32\kernel.appcore.dll
0x00007ffd205f0000 - 0x00007ffd205fa000 	C:\Program Files\Java\jdk-19\bin\jimage.dll
0x00007ffd34800000 - 0x00007ffd34a2e000 	C:\WINDOWS\SYSTEM32\DBGHELP.DLL
0x00007ffd37bc0000 - 0x00007ffd37f4a000 	C:\WINDOWS\System32\combase.dll
0x00007ffd398f0000 - 0x00007ffd399c7000 	C:\WINDOWS\System32\OLEAUT32.dll
0x00007ffd251e0000 - 0x00007ffd25212000 	C:\WINDOWS\SYSTEM32\dbgcore.DLL
0x00007ffd377a0000 - 0x00007ffd3781b000 	C:\WINDOWS\System32\bcryptPrimitives.dll
0x00007ffcfafe0000 - 0x00007ffcfb006000 	C:\Program Files\Java\jdk-19\bin\java.dll
0x00007ffcddb70000 - 0x00007ffcddc47000 	C:\Program Files\Java\jdk-19\bin\jsvml.dll
0x00007ffd381f0000 - 0x00007ffd389df000 	C:\WINDOWS\System32\SHELL32.dll
0x00007ffd34e20000 - 0x00007ffd356e8000 	C:\WINDOWS\SYSTEM32\windows.storage.dll
0x00007ffd34ce0000 - 0x00007ffd34e1e000 	C:\WINDOWS\SYSTEM32\wintypes.dll
0x00007ffd389e0000 - 0x00007ffd38ad1000 	C:\WINDOWS\System32\SHCORE.dll
0x00007ffd38ee0000 - 0x00007ffd38f3e000 	C:\WINDOWS\System32\shlwapi.dll
0x00007ffd36d80000 - 0x00007ffd36da1000 	C:\WINDOWS\SYSTEM32\profapi.dll
0x00007ffd0bbb0000 - 0x00007ffd0bbc3000 	C:\Program Files\Java\jdk-19\bin\net.dll
0x00007ffd30460000 - 0x00007ffd3058f000 	C:\WINDOWS\SYSTEM32\WINHTTP.dll
0x00007ffd362d0000 - 0x00007ffd36339000 	C:\WINDOWS\system32\mswsock.dll
0x00007ffd0b960000 - 0x00007ffd0b976000 	C:\Program Files\Java\jdk-19\bin\nio.dll
0x00007ffcd7100000 - 0x00007ffcd7291000 	C:\Program Files\Java\jdk-19\bin\awt.dll
0x00007ffd33e80000 - 0x00007ffd33f17000 	C:\WINDOWS\SYSTEM32\apphelp.dll
0x00007ffd343a0000 - 0x00007ffd343cb000 	C:\WINDOWS\system32\DWMAPI.DLL
0x00007ffd34060000 - 0x00007ffd3410b000 	C:\WINDOWS\system32\uxtheme.dll
0x00007ffd20e90000 - 0x00007ffd20f90000 	C:\WINDOWS\system32\opengl32.dll
0x00007ffd24380000 - 0x00007ffd243ad000 	C:\WINDOWS\SYSTEM32\GLU32.dll
0x00007ffd34160000 - 0x00007ffd34196000 	C:\WINDOWS\SYSTEM32\dxcore.dll
0x00007ffd38db0000 - 0x00007ffd38ece000 	C:\WINDOWS\System32\MSCTF.dll
0x00007ffd38b60000 - 0x00007ffd38cfc000 	C:\WINDOWS\System32\ole32.dll
0x00007ffd0a640000 - 0x00007ffd0a658000 	C:\Program Files\Java\jdk-19\bin\zip.dll
0x00007ffd2d9c0000 - 0x00007ffd2d9ee000 	C:\Program Files\Java\jdk-19\bin\javajpeg.dll
0x00007ffcdbc90000 - 0x00007ffcdbd16000 	C:\Program Files\Java\jdk-19\bin\freetype.dll
0x00007ffcd6f60000 - 0x00007ffcd7026000 	C:\Program Files\Java\jdk-19\bin\fontmanager.dll
0x00007ffd38f40000 - 0x00007ffd38ff0000 	C:\WINDOWS\System32\clbcatq.dll
0x00007ffd327d0000 - 0x00007ffd32980000 	C:\WINDOWS\SYSTEM32\WindowsCodecs.dll
0x00007ffd151c0000 - 0x00007ffd1521e000 	C:\WINDOWS\system32\dataexchange.dll
0x00007ffd30830000 - 0x00007ffd30a9a000 	C:\WINDOWS\system32\twinapi.appcore.dll
0x00007ffd25f40000 - 0x00007ffd2606d000 	C:\WINDOWS\SYSTEM32\textinputframework.dll
0x00007ffd33a90000 - 0x00007ffd33bc3000 	C:\WINDOWS\SYSTEM32\CoreMessaging.dll
0x00007ffd30b50000 - 0x00007ffd30ebc000 	C:\WINDOWS\SYSTEM32\CoreUIComponents.dll
0x00007ffd36560000 - 0x00007ffd3656c000 	C:\WINDOWS\SYSTEM32\CRYPTBASE.DLL

dbghelp: loaded successfully - version: 4.0.5 - missing functions: none
symbol engine: initialized successfully - sym options: 0x614 - pdb path: .;C:\Program Files\Java\jdk-19\bin;C:\WINDOWS\SYSTEM32;C:\WINDOWS\WinSxS\amd64_microsoft.windows.common-controls_6595b64144ccf1df_6.0.22621.608_none_a9444ca7c10bb01d;C:\Program Files\Java\jdk-19\bin\server

VM Arguments:
jvm_args: -Dfile.encoding=UTF-8 --module-path=C:\Users\Ajinkya\OneDrive\Documents\NetBeansProjects\bank management system\build\classes 
java_command: bank.management.system.Login
java_class_path (initial): C:\Users\Ajinkya\OneDrive\Documents\NetBeansProjects\bank management system\build\classes
Launcher Type: SUN_STANDARD

[Global flags]
     intx CICompilerCount                          = 4                                         {product} {ergonomic}
     uint ConcGCThreads                            = 2                                         {product} {ergonomic}
     uint G1ConcRefinementThreads                  = 8                                         {product} {ergonomic}
   size_t G1HeapRegionSize                         = 2097152                                   {product} {ergonomic}
    uintx GCDrainStackTargetSize                   = 64                                        {product} {ergonomic}
   size_t InitialHeapSize                          = 201326592                                 {product} {ergonomic}
   size_t MarkStackSize                            = 4194304                                   {product} {ergonomic}
   size_t MaxHeapSize                              = 3189768192                                {product} {ergonomic}
   size_t MaxNewSize                               = 1912602624                                {product} {ergonomic}
   size_t MinHeapDeltaBytes                        = 2097152                                   {product} {ergonomic}
   size_t MinHeapSize                              = 8388608                                   {product} {ergonomic}
    uintx NonNMethodCodeHeapSize                   = 5839372                                {pd product} {ergonomic}
    uintx NonProfiledCodeHeapSize                  = 122909434                              {pd product} {ergonomic}
    uintx ProfiledCodeHeapSize                     = 122909434                              {pd product} {ergonomic}
    uintx ReservedCodeCacheSize                    = 251658240                              {pd product} {ergonomic}
     bool SegmentedCodeCache                       = true                                      {product} {ergonomic}
   size_t SoftMaxHeapSize                          = 3189768192                             {manageable} {ergonomic}
     bool UseCompressedClassPointers               = true                           {product lp64_product} {ergonomic}
     bool UseCompressedOops                        = true                           {product lp64_product} {ergonomic}
     bool UseG1GC                                  = true                                      {product} {ergonomic}
     bool UseLargePagesIndividualAllocation        = false                                  {pd product} {ergonomic}

Logging:
Log output configuration:
 #0: stdout all=warning uptime,level,tags foldmultilines=false
 #1: stderr all=off uptime,level,tags foldmultilines=false

Environment Variables:
CLASSPATH=C:\Program Files\MySQL\JDBC JAR Files;.;
PATH=C:\Program Files\Common Files\Oracle\Java\javapath;C:\WINDOWS\system32;C:\WINDOWS;C:\WINDOWS\System32\Wbem;C:\WINDOWS\System32\WindowsPowerShell\v1.0\;C:\WINDOWS\System32\OpenSSH\;C:\MinGW\bin;C:\Program Files\nodejs\;C:\Program Files\nodejs;C:\Program Files\MySQL\MySQL Server 8.0\bin;C:\Program Files\Git\cmd;C:\Program Files\Java\jdk-19\bin;C:\Program Files\MySQL\MySQL Shell 8.0\bin\;C:\Users\Ajinkya\AppData\Local\Programs\Python\Python310\Scripts\;C:\Users\Ajinkya\AppData\Local\Programs\Python\Python310\;C:\Users\Ajinkya\AppData\Local\Microsoft\WindowsApps;C:\Program Files (x86)\mingw-w64\i686-8.1.0-posix-dwarf-rt_v6-rev0\mingw32\bin;C:\Users\Ajinkya\AppData\Local\Programs\Microsoft VS Code\bin;C:\Users\Ajinkya\AppData\Roaming\npm;
USERNAME=Ajinkya
OS=Windows_NT
PROCESSOR_IDENTIFIER=Intel64 Family 6 Model 142 Stepping 12, GenuineIntel
TMP=C:\Users\Ajinkya\AppData\Local\Temp
TEMP=C:\Users\Ajinkya\AppData\Local\Temp



---------------  S Y S T E M  ---------------

OS:
 Windows 11 , 64 bit Build 22621 (10.0.22621.1194)
OS uptime: 0 days 20:36 hours
Hyper-V role detected

CPU: total 8 (initial active 8) (4 cores per cpu, 2 threads per core) family 6 model 142 stepping 12 microcode 0xea, cx8, cmov, fxsr, ht, mmx, 3dnowpref, sse, sse2, sse3, ssse3, sse4.1, sse4.2, popcnt, lzcnt, tsc, tscinvbit, avx, avx2, aes, erms, clmul, bmi1, bmi2, adx, fma, vzeroupper, clflush, clflushopt, hv, rdtscp

Memory: 4k page, system-wide physical 12166M (1927M free)
TotalPageFile size 42573M (AvailPageFile size 0M)
current process WorkingSet (physical memory assigned to process): 78M, peak: 85M
current process commit charge ("private bytes"): 294M, peak: 303M

vm_info: Java HotSpot(TM) 64-Bit Server VM (19.0.2+7-44) for windows-amd64 JRE (19.0.2+7-44), built on 2022-11-30T18:02:09Z by "mach5one" with MS VC++ 17.1 (VS2022)

END.
