#
# There is insufficient memory for the Java Runtime Environment to continue.
# Native memory allocation (malloc) failed to allocate 41552 bytes for Chunk::new
# Possible reasons:
#   The system is out of physical RAM or swap space
#   The process is running with CompressedOops enabled, and the Java Heap may be blocking the growth of the native heap
# Possible solutions:
#   Reduce memory load on the system
#   Increase physical memory or swap space
#   Check if swap backing store is full
#   Decrease Java heap size (-Xmx/-Xms)
#   Decrease number of Java threads
#
#  
]
V  [jvm.dll+0x85765e]
V  [jvm.dll+0x85904e]
V  [jvm.dll+0x859703]
V  [jvm.dll+0x28298f]
V  [jvm.dll+0xc9adf]
V  [jvm.dll+0xc9e65]
V  [jvm.dll+0x3bca4c]
V  [jvm.dll+0x3860e1]
V  [jvm.dll+0x38555a]
V  [jvm.dll+0x24c3d9]
V  [jvm.dll+0x24b781]
V  [jvm.dll+0x1d6ce1]
V  [jvm.dll+0x25b25a]
V  [jvm.dll+0x2596e8]
V  [jvm.dll+0x807588]
V  [jvm.dll+0x80125a]
V  [jvm.dll+0x6ecf0b]
C  [ucrtbase.dll+0x29363]
C  [KERNEL32.DLL+0x126bd]
C  [ntdll.dll+0x5dfb8]


---------------  P R O C E S S  ---------------

Threads class SMR info:
_java_thread_list=0x000001ba3070f690, length=17, elements={
0x000001ba2b60de90, 0x000001ba2b60e9d0, 0x000001ba2b618be0, 0x000001ba2b619920,
0x000001ba2b61a250, 0x000001ba2b61cfa0, 0x000001ba2b62a900, 0x000001ba2b62c2b0,
0x000001ba2b62e070, 0x000001ba2b62eb10, 0x000001ba2b62e5c0, 0x000001ba2b630050,
0x000001ba2b6305a0, 0x000001ba2b62d080, 0x000001ba2b62d5d0, 0x000001ba2b62f5b0,
0x000001ba2b62f060
}

Java Threads: ( => current thread )
  0x000001ba2b60de90 JavaThread "Reference Handler" daemon [_thread_blocked, id=2032, stack(0x0000006d4ae00000,0x0000006d4af00000)]
  0x000001ba2b60e9d0 JavaThread "Finalizer" daemon [_thread_blocked, id=27292, stack(0x0000006d4af00000,0x0000006d4b000000)]
  0x000001ba2b618be0 JavaThread "Signal Dispatcher" daemon [_thread_blocked, id=5344, stack(0x0000006d4b000000,0x0000006d4b100000)]
  0x000001ba2b619920 JavaThread "Attach Listener" daemon [_thread_blocked, id=25352, stack(0x0000006d4b100000,0x0000006d4b200000)]
  0x000001ba2b61a250 JavaThread "Service Thread" daemon [_thread_blocked, id=23392, stack(0x0000006d4b200000,0x0000006d4b300000)]
  0x000001ba2b61cfa0 JavaThread "Monitor Deflation Thread" daemon [_thread_blocked, id=26920, stack(0x0000006d4b300000,0x0000006d4b400000)]
=>0x000001ba2b62a900 JavaThread "C2 CompilerThread0" daemon [_thread_in_native, id=18688, stack(0x0000006d4b400000,0x0000006d4b500000)]
  0x000001ba2b62c2b0 JavaThread "C1 CompilerThread0" daemon [_thread_blocked, id=27336, stack(0x0000006d4b500000,0x0000006d4b600000)]
  0x000001ba2b62e070 JavaThread "Sweeper thread" daemon [_thread_blocked, id=27012, stack(0x0000006d4b600000,0x0000006d4b700000)]
  0x000001ba2b62eb10 JavaThread "Common-Cleaner" daemon [_thread_blocked, id=26708, stack(0x0000006d4b700000,0x0000006d4b800000)]
  0x000001ba2b62e5c0 JavaThread "Notification Thread" daemon [_thread_blocked, id=26788, stack(0x0000006d4b800000,0x0000006d4b900000)]
  0x000001ba2b630050 JavaThread "Java2D Disposer" daemon [_thread_blocked, id=27104, stack(0x0000006d4ba00000,0x0000006d4bb00000)]
  0x000001ba2b6305a0 JavaThread "AWT-Shutdown" [_thread_blocked, id=26044, stack(0x0000006d4bb00000,0x0000006d4bc00000)]
  0x000001ba2b62d080 JavaThread "AWT-Windows" daemon [_thread_in_native, id=25796, stack(0x0000006d4bc00000,0x0000006d4bd00000)]
  0x000001ba2b62d5d0 JavaThread "AWT-EventQueue-0" [_thread_blocked, id=27332, stack(0x0000006d4be00000,0x0000006d4bf00000)]
  0x000001ba2b62f5b0 JavaThread "DestroyJavaVM" [_thread_blocked, id=24592, stack(0x0000006d4a700000,0x0000006d4a800000)]
  0x000001ba2b62f060 JavaThread "TimerQueue" daemon [_thread_blocked, id=18244, stack(0x0000006d4c200000,0x0000006d4c300000)]

Other Threads:
  0x000001ba2b5f8080 VMThread "VM Thread" [stack: 0x0000006d4ad00000,0x0000006d4ae00000] [id=24248]
  0x000001ba2f978910 WatcherThread "VM Periodic Task Thread" [stack: 0x0000006d4b900000,0x0000006d4ba00000] [id=24668]
  0x000001ba0a8a58a0 WorkerThread "GC Thread#0" [stack: 0x0000006d4a800000,0x0000006d4a900000] [id=20156]
  0x000001ba0a8b2f80 ConcurrentGCThread "G1 Main Marker" [stack: 0x0000006d4a900000,0x0000006d4aa00000] [id=25372]
  0x000001ba0a8b3b50 WorkerThread "G1 Conc#0" [stack: 0x0000006d4aa00000,0x0000006d4ab00000] [id=27468]
  0x000001ba2b4b70e0 ConcurrentGCThread "G1 Refine#0" [stack: 0x0000006d4ab00000,0x0000006d4ac00000] [id=3544]
  0x000001ba2b4b89e0 ConcurrentGCThread "G1 Service" [stack: 0x0000006d4ac00000,0x0000006d4ad00000] [id=20720]

Threads with active compile tasks:
C2 CompilerThread0  1949511 1331       4       java.util.concurrent.locks.ReentrantLock::lock (8 bytes)

VM state: not at safepoint (normal execution)

VM Mutex/Monitor currently owned by a thread: None

Heap address: 0x0000000741e00000, size: 3042 MB, Compressed Oops mode: Zero based, Oop shift amount: 3

CDS archive(s) mapped at: [0x0000000800000000-0x0000000800c40000-0x0000000800c40000), size 12845056, SharedBaseAddress: 0x0000000800000000, ArchiveRelocationMode: 0.
Compressed class space mapped at: 0x0000000801000000-0x0000000841000000, reserved size: 1073741824
Narrow klass base: 0x0000000800000000, Narrow klass shift: 0, Narrow klass range: 0x100000000

GC Precious Log:
 CardTable entry size: 512
 Card Set container configuration: InlinePtr #cards 4 size 8 Array Of Cards #cards 16 size 48 Howl #buckets 8 coarsen threshold 3686 Howl Bitmap #cards 512 size 80 coarsen threshold 460 Card regions per heap region 1 cards per card region 4096
 CPUs: 8 total, 8 available
 Memory: 12166M
 Large Page Support: Disabled
 NUMA Support: Disabled
 Compressed Oops: Enabled (Zero based)
 Heap Region Size: 2M
 Heap Min Capacity: 8M
 Heap Initial Capacity: 192M
 Heap Max Capacity: 3042M
 Pre-touch: Disabled
 Parallel Workers: 8
 Concurrent Workers: 2
 Concurrent Refinement Workers: 8
 Periodic GC: Disabled

Heap:
 garbage-first heap   total 196608K, used 22528K [0x0000000741e00000, 0x0000000800000000)
  region size 2048K, 10 young (20480K), 0 survivors (0K)
 Metaspace       used 8443K, committed 8704K, reserved 1114112K
  class space    used 900K, committed 1024K, reserved 1048576K

Heap Regions: E=young(eden), S=young(survivor), O=old, HS=humongous(starts), HC=humongous(continues), CS=collection set, F=free, OA=open archive, CA=closed archive, TAMS=top-at-mark-start (previous, next)
|   0|0x0000000741e00000, 0x0000000742000000, 0x0000000742000000|100%|HS|  |TAMS 0x0000000741e00000, 0x0000000741e00000| Complete 
|   1|0x0000000742000000, 0x0000000742200000, 0x0000000742200000|100%|HC|  |TAMS 0x0000000742000000, 0x0000000742000000| Complete 
|   2|0x0000000742200000, 0x0000000742200000, 0x0000000742400000|  0%| F|  |TAMS 0x0000000742200000, 0x0000000742200000| Untracked 
|   3|0x0000000742400000, 0x0000000742400000, 0x0000000742600000|  0%| F|  |TAMS 0x0000000742400000, 0x0000000742400000| Untracked 
|   4|0x0000000742600000, 0x0000000742600000, 0x0000000742800000|  0%| F|  |TAMS 0x0000000742600000, 0x0000000742600000| Untracked 
|   5|0x0000000742800000, 0x0000000742800000, 0x0000000742a00000|  0%| F|  |TAMS 0x0000000742800000, 0x0000000742800000| Untracked 
|   6|0x0000000742a00000, 0x0000000742a00000, 0x0000000742c00000|  0%| F|  |TAMS 0x0000000742a00000, 0x0000000742a00000| Untracked 
|   7|0x0000000742c00000, 0x0000000742c00000, 0x0000000742e00000|  0%| F|  |TAMS 0x0000000742c00000, 0x0000000742c00000| Untracked 
|   8|0x0000000742e00000, 0x0000000742e00000, 0x0000000743000000|  0%| F|  |TAMS 0x0000000742e00000, 0x0000000742e00000| Untracked 
|   9|0x0000000743000000, 0x0000000743000000, 0x0000000743200000|  0%| F|  |TAMS 0x0000000743000000, 0x0000000743000000| Untracked 
|  10|0x0000000743200000, 0x0000000743200000, 0x0000000743400000|  0%| F|  |TAMS 0x0000000743200000, 0x0000000743200000| Untracked 
|  11|0x0000000743400000, 0x0000000743400000, 0x0000000743600000|  0%| F|  |TAMS 0x0000000743400000, 0x0000000743400000| Untracked 
|  12|0x0000000743600000, 0x0000000743600000, 0x0000000743800000|  0%| F|  |TAMS 0x0000000743600000, 0x0000000743600000| Untracked 
|  13|0x0000000743800000, 0x0000000743800000, 0x0000000743a00000|  0%| F|  |TAMS 0x0000000743800000, 0x0000000743800000| Untracked 
|  14|0x0000000743a00000, 0x0000000743a00000, 0x0000000743c00000|  0%| F|  |TAMS 0x0000000743a00000, 0x0000000743a00000| Untracked 
|  15|0x0000000743c00000, 0x0000000743c00000, 0x0000000743e00000|  0%| F|  |TAMS 0x0000000743c00000, 0x0000000743c00000| Untracked 
|  16|0x0000000743e00000, 0x0000000743e00000, 0x0000000744000000|  0%| F|  |TAMS 0x0000000743e00000, 0x0000000743e00000| Untracked 
|  17|0x0000000744000000, 0x0000000744000000, 0x0000000744200000|  0%| F|  |TAMS 0x0000000744000000, 0x0000000744000000| Untracked 
|  18|0x0000000744200000, 0x0000000744200000, 0x0000000744400000|  0%| F|  |TAMS 0x0000000744200000, 0x0000000744200000| Untracked 
|  19|0x0000000744400000, 0x0000000744400000, 0x0000000744600000|  0%| F|  |TAMS 0x0000000744400000, 0x0000000744400000| Untracked 
|  20|0x0000000744600000, 0x0000000744600000, 0x0000000744800000|  0%| F|  |TAMS 0x0000000744600000, 0x0000000744600000| Untracked 
|  21|0x0000000744800000, 0x0000000744800000, 0x0000000744a00000|  0%| F|  |TAMS 0x0000000744800000, 0x0000000744800000| Untracked 
|  22|0x0000000744a00000, 0x0000000744a00000, 0x0000000744c00000|  0%| F|  |TAMS 0x0000000744a00000, 0x0000000744a00000| Untracked 
|  23|0x0000000744c00000, 0x0000000744c00000, 0x0000000744e00000|  0%| F|  |TAMS 0x0000000744c00000, 0x0000000744c00000| Untracked 
|  24|0x0000000744e00000, 0x0000000744e00000, 0x0000000745000000|  0%| F|  |TAMS 0x0000000744e00000, 0x0000000744e00000| Untracked 
|  25|0x0000000745000000, 0x0000000745000000, 0x0000000745200000|  0%| F|  |TAMS 0x0000000745000000, 0x0000000745000000| Untracked 
|  26|0x0000000745200000, 0x0000000745200000, 0x0000000745400000|  0%| F|  |TAMS 0x0000000745200000, 0x0000000745200000| Untracked 
|  27|0x0000000745400000, 0x0000000745400000, 0x0000000745600000|  0%| F|  |TAMS 0x0000000745400000, 0x0000000745400000| Untracked 
|  28|0x0000000745600000, 0x0000000745600000, 0x0000000745800000|  0%| F|  |TAMS 0x0000000745600000, 0x0000000745600000| Untracked 
|  29|0x0000000745800000, 0x0000000745800000, 0x0000000745a00000|  0%| F|  |TAMS 0x0000000745800000, 0x0000000745800000| Untracked 
|  30|0x0000000745a00000, 0x0000000745a00000, 0x0000000745c00000|  0%| F|  |TAMS 0x0000000745a00000, 0x0000000745a00000| Untracked 
|  31|0x0000000745c00000, 0x0000000745c00000, 0x0000000745e00000|  0%| F|  |TAMS 0x0000000745c00000, 0x0000000745c00000| Untracked 
|  32|0x0000000745e00000, 0x0000000745e00000, 0x0000000746000000|  0%| F|  |TAMS 0x0000000745e00000, 0x0000000745e00000| Untracked 
|  33|0x0000000746000000, 0x0000000746000000, 0x0000000746200000|  0%| F|  |TAMS 0x0000000746000000, 0x0000000746000000| Untracked 
|  34|0x0000000746200000, 0x0000000746200000, 0x0000000746400000|  0%| F|  |TAMS 0x0000000746200000, 0x0000000746200000| Untracked 
|  35|0x0000000746400000, 0x0000000746400000, 0x0000000746600000|  0%| F|  |TAMS 0x0000000746400000, 0x0000000746400000| Untracked 
|  36|0x0000000746600000, 0x0000000746600000, 0x0000000746800000|  0%| F|  |TAMS 0x0000000746600000, 0x0000000746600000| Untracked 
|  37|0x0000000746800000, 0x0000000746800000, 0x0000000746a00000|  0%| F|  |TAMS 0x0000000746800000, 0x0000000746800000| Untracked 
|  38|0x0000000746a00000, 0x0000000746a00000, 0x0000000746c00000|  0%| F|  |TAMS 0x0000000746a00000, 0x0000000746a00000| Untracked 
|  39|0x0000000746c00000, 0x0000000746c00000, 0x0000000746e00000|  0%| F|  |TAMS 0x0000000746c00000, 0x0000000746c00000| Untracked 
|  40|0x0000000746e00000, 0x0000000746e00000, 0x0000000747000000|  0%| F|  |TAMS 0x0000000746e00000, 0x0000000746e00000| Untracked 
|  41|0x0000000747000000, 0x0000000747000000, 0x0000000747200000|  0%| F|  |TAMS 0x0000000747000000, 0x0000000747000000| Untracked 
|  42|0x0000000747200000, 0x0000000747200000, 0x0000000747400000|  0%| F|  |TAMS 0x0000000747200000, 0x0000000747200000| Untracked 
|  43|0x0000000747400000, 0x0000000747400000, 0x0000000747600000|  0%| F|  |TAMS 0x0000000747400000, 0x0000000747400000| Untracked 
|  44|0x0000000747600000, 0x0000000747600000, 0x0000000747800000|  0%| F|  |TAMS 0x0000000747600000, 0x0000000747600000| Untracked 
|  45|0x0000000747800000, 0x0000000747800000, 0x0000000747a00000|  0%| F|  |TAMS 0x0000000747800000, 0x0000000747800000| Untracked 
|  46|0x0000000747a00000, 0x0000000747a00000, 0x0000000747c00000|  0%| F|  |TAMS 0x0000000747a00000, 0x0000000747a00000| Untracked 
|  47|0x0000000747c00000, 0x0000000747c00000, 0x0000000747e00000|  0%| F|  |TAMS 0x0000000747c00000, 0x0000000747c00000| Untracked 
|  48|0x0000000747e00000, 0x0000000747e00000, 0x0000000748000000|  0%| F|  |TAMS 0x0000000747e00000, 0x0000000747e00000| Untracked 
|  49|0x0000000748000000, 0x0000000748000000, 0x0000000748200000|  0%| F|  |TAMS 0x0000000748000000, 0x0000000748000000| Untracked 
|  50|0x0000000748200000, 0x0000000748200000, 0x0000000748400000|  0%| F|  |TAMS 0x0000000748200000, 0x0000000748200000| Untracked 
|  51|0x0000000748400000, 0x0000000748400000, 0x0000000748600000|  0%| F|  |TAMS 0x0000000748400000, 0x0000000748400000| Untracked 
|  52|0x0000000748600000, 0x0000000748600000, 0x0000000748800000|  0%| F|  |TAMS 0x0000000748600000, 0x0000000748600000| Untracked 
|  53|0x0000000748800000, 0x0000000748800000, 0x0000000748a00000|  0%| F|  |TAMS 0x0000000748800000, 0x0000000748800000| Untracked 
|  54|0x0000000748a00000, 0x0000000748a00000, 0x0000000748c00000|  0%| F|  |TAMS 0x0000000748a00000, 0x0000000748a00000| Untracked 
|  55|0x0000000748c00000, 0x0000000748c00000, 0x0000000748e00000|  0%| F|  |TAMS 0x0000000748c00000, 0x0000000748c00000| Untracked 
|  56|0x0000000748e00000, 0x0000000748e00000, 0x0000000749000000|  0%| F|  |TAMS 0x0000000748e00000, 0x0000000748e00000| Untracked 
|  57|0x0000000749000000, 0x0000000749000000, 0x0000000749200000|  0%| F|  |TAMS 0x0000000749000000, 0x0000000749000000| Untracked 
|  58|0x0000000749200000, 0x0000000749200000, 0x0000000749400000|  0%| F|  |TAMS 0x0000000749200000, 0x0000000749200000| Untracked 
|  59|0x0000000749400000, 0x0000000749400000, 0x0000000749600000|  0%| F|  |TAMS 0x0000000749400000, 0x0000000749400000| Untracked 
|  60|0x0000000749600000, 0x0000000749600000, 0x0000000749800000|  0%| F|  |TAMS 0x0000000749600000, 0x0000000749600000| Untracked 
|  61|0x0000000749800000, 0x0000000749800000, 0x0000000749a00000|  0%| F|  |TAMS 0x0000000749800000, 0x0000000749800000| Untracked 
|  62|0x0000000749a00000, 0x0000000749a00000, 0x0000000749c00000|  0%| F|  |TAMS 0x0000000749a00000, 0x0000000749a00000| Untracked 
|  63|0x0000000749c00000, 0x0000000749c00000, 0x0000000749e00000|  0%| F|  |TAMS 0x0000000749c00000, 0x0000000749c00000| Untracked 
|  64|0x0000000749e00000, 0x0000000749e00000, 0x000000074a000000|  0%| F|  |TAMS 0x0000000749e00000, 0x0000000749e00000| Untracked 
|  65|0x000000074a000000, 0x000000074a000000, 0x000000074a200000|  0%| F|  |TAMS 0x000000074a000000, 0x000000074a000000| Untracked 
|  66|0x000000074a200000, 0x000000074a200000, 0x000000074a400000|  0%| F|  |TAMS 0x000000074a200000, 0x000000074a200000| Untracked 
|  67|0x000000074a400000, 0x000000074a400000, 0x000000074a600000|  0%| F|  |TAMS 0x000000074a400000, 0x000000074a400000| Untracked 
|  68|0x000000074a600000, 0x000000074a600000, 0x000000074a800000|  0%| F|  |TAMS 0x000000074a600000, 0x000000074a600000| Untracked 
|  69|0x000000074a800000, 0x000000074a800000, 0x000000074aa00000|  0%| F|  |TAMS 0x000000074a800000, 0x000000074a800000| Untracked 
|  70|0x000000074aa00000, 0x000000074aa00000, 0x000000074ac00000|  0%| F|  |TAMS 0x000000074aa00000, 0x000000074aa00000| Untracked 
|  71|0x000000074ac00000, 0x000000074ac00000, 0x000000074ae00000|  0%| F|  |TAMS 0x000000074ac00000, 0x000000074ac00000| Untracked 
|  72|0x000000074ae00000, 0x000000074ae00000, 0x000000074b000000|  0%| F|  |TAMS 0x000000074ae00000, 0x000000074ae00000| Untracked 
|  73|0x000000074b000000, 0x000000074b000000, 0x000000074b200000|  0%| F|  |TAMS 0x000000074b000000, 0x000000074b000000| Untracked 
|  74|0x000000074b200000, 0x000000074b200000, 0x000000074b400000|  0%| F|  |TAMS 0x000000074b200000, 0x000000074b200000| Untracked 
|  75|0x000000074b400000, 0x000000074b400000, 0x000000074b600000|  0%| F|  |TAMS 0x000000074b400000, 0x000000074b400000| Untracked 
|  76|0x000000074b600000, 0x000000074b600000, 0x000000074b800000|  0%| F|  |TAMS 0x000000074b600000, 0x000000074b600000| Untracked 
|  77|0x000000074b800000, 0x000000074b800000, 0x000000074ba00000|  0%| F|  |TAMS 0x000000074b800000, 0x000000074b800000| Untracked 
|  78|0x000000074ba00000, 0x000000074ba00000, 0x000000074bc00000|  0%| F|  |TAMS 0x000000074ba00000, 0x000000074ba00000| Untracked 
|  79|0x000000074bc00000, 0x000000074bc00000, 0x000000074be00000|  0%| F|  |TAMS 0x000000074bc00000, 0x000000074bc00000| Untracked 
|  80|0x000000074be00000, 0x000000074be00000, 0x000000074c000000|  0%| F|  |TAMS 0x000000074be00000, 0x000000074be00000| Untracked 
|  81|0x000000074c000000, 0x000000074c000000, 0x000000074c200000|  0%| F|  |TAMS 0x000000074c000000, 0x000000074c000000| Untracked 
|  82|0x000000074c200000, 0x000000074c200000, 0x000000074c400000|  0%| F|  |TAMS 0x000000074c200000, 0x000000074c200000| Untracked 
|  83|0x000000074c400000, 0x000000074c400000, 0x000000074c600000|  0%| F|  |TAMS 0x000000074c400000, 0x000000074c400000| Untracked 
|  84|0x000000074c600000, 0x000000074c600000, 0x000000074c800000|  0%| F|  |TAMS 0x000000074c600000, 0x000000074c600000| Untracked 
|  85|0x000000074c800000, 0x000000074c800000, 0x000000074ca00000|  0%| F|  |TAMS 0x000000074c800000, 0x000000074c800000| Untracked 
|  86|0x000000074ca00000, 0x000000074cbc6528, 0x000000074cc00000| 88%| E|  |TAMS 0x000000074ca00000, 0x000000074ca00000| Complete 
|  87|0x000000074cc00000, 0x000000074ce00000, 0x000000074ce00000|100%| E|CS|TAMS 0x000000074cc00000, 0x000000074cc00000| Complete 
|  88|0x000000074ce00000, 0x000000074d000000, 0x000000074d000000|100%| E|CS|TAMS 0x000000074ce00000, 0x000000074ce00000| Complete 
|  89|0x000000074d000000, 0x000000074d200000, 0x000000074d200000|100%| E|CS|TAMS 0x000000074d000000, 0x000000074d000000| Complete 
|  90|0x000000074d200000, 0x000000074d400000, 0x000000074d400000|100%| E|CS|TAMS 0x000000074d200000, 0x000000074d200000| Complete 
|  91|0x000000074d400000, 0x000000074d600000, 0x000000074d600000|100%| E|CS|TAMS 0x000000074d400000, 0x000000074d400000| Complete 
|  92|0x000000074d600000, 0x000000074d800000, 0x000000074d800000|100%| E|CS|TAMS 0x000000074d600000, 0x000000074d600000| Complete 
|  93|0x000000074d800000, 0x000000074da00000, 0x000000074da00000|100%| E|CS|TAMS 0x000000074d800000, 0x000000074d800000| Complete 
|  94|0x000000074da00000, 0x000000074dc00000, 0x000000074dc00000|100%| E|CS|TAMS 0x000000074da00000, 0x000000074da00000| Complete 
|  95|0x000000074dc00000, 0x000000074de00000, 0x000000074de00000|100%| E|CS|TAMS 0x000000074dc00000, 0x000000074dc00000| Complete 

Card table byte_map: [0x000001ba220f0000,0x000001ba226f0000] _byte_map_base: 0x000001ba1e6e1000

Marking Bits (Prev, Next): (CMBitMap*) 0x000001ba0a8a5ed0, (CMBitMap*) 0x000001ba0a8a5f10
 Prev Bits: [0x000001ba22cf0000, 0x000001ba25c78000)
 Next Bits: [0x000001ba25c80000, 0x000001ba28c08000)

Polling page: 0x000001ba08630000

Metaspace:

Usage:
  Non-class:      7.37 MB used.
      Class:    900.95 KB used.
       Both:      8.25 MB used.

Virtual space:
  Non-class space:       64.00 MB reserved,       7.50 MB ( 12%) committed,  1 nodes.
      Class space:        1.00 GB reserved,       1.00 MB ( <1%) committed,  1 nodes.
             Both:        1.06 GB reserved,       8.50 MB ( <1%) committed. 

Chunk freelists:
   Non-Class:  490.00 KB
       Class:  3.04 MB
        Both:  3.52 MB

MaxMetaspaceSize: unlimited
CompressedClassSpaceSize: 1.00 GB
Initial GC threshold: 21.00 MB
Current GC threshold: 21.00 MB
CDS: on
MetaspaceReclaimPolicy: balanced
 - commit_granule_bytes: 65536.
 - commit_granule_words: 8192.
 - virtual_space_node_default_size: 8388608.
 - enlarge_chunks_in_place: 1.
 - new_chunks_are_fully_committed: 0.
 - uncommit_free_chunks: 1.
 - use_allocation_guard: 0.


Internal statistics:

num_allocs_failed_limit: 0.
num_arena_births: 154.
num_arena_deaths: 0.
num_vsnodes_births: 2.
num_vsnodes_deaths: 0.
num_space_committed: 136.
num_space_uncommitted: 0.
num_chunks_returned_to_freelist: 0.
num_chunks_taken_from_freelist: 170.
num_chunk_merges: 0.
num_chunk_splits: 113.
num_chunks_enlarged: 74.
num_inconsistent_stats: 0.

CodeHeap 'non-profiled nmethods': size=120000Kb used=390Kb max_used=390Kb free=119609Kb
 bounds [0x000001ba1a280000, 0x000001ba1a4f0000, 0x000001ba217b0000]
CodeHeap 'profiled nmethods': size=120000Kb used=2259Kb max_used=2259Kb free=117740Kb
 bounds [0x000001ba127b0000, 0x000001ba12a20000, 0x000001ba19ce0000]
CodeHeap 'non-nmethods': size=5760Kb used=1371Kb max_used=1415Kb free=4388Kb
 bounds [0x000001ba19ce0000, 0x000001ba19f50000, 0x000001ba1a280000]
 total_blobs=1949 nmethods=1329 adapters=531
 compilation: enabled
              stopped_count=0, restarted_count=0
 full_count=0

Compilation events (20 events):
Event: 1948.235 Thread 0x000001ba2b62a900 nmethod 1320 0x000001ba1a2e0110 code [0x000001ba1a2e02a0, 0x000001ba1a2e0658]
Event: 1948.235 Thread 0x000001ba2b62a900 1322       4       java.util.HashMap$HashIterator::nextNode (100 bytes)
Event: 1948.246 Thread 0x000001ba2b62a900 nmethod 1322 0x000001ba1a2e0890 code [0x000001ba1a2e0a20, 0x000001ba1a2e0e58]
Event: 1948.997 Thread 0x000001ba2b62c2b0 1323       3       java.awt.Color::<init> (11 bytes)
Event: 1948.997 Thread 0x000001ba2b62c2b0 nmethod 1323 0x000001ba129e1c10 code [0x000001ba129e1dc0, 0x000001ba129e1f08]
Event: 1948.997 Thread 0x000001ba2b62c2b0 1324       3       java.awt.Color::<init> (72 bytes)
Event: 1948.997 Thread 0x000001ba2b62c2b0 nmethod 1324 0x000001ba129e1f90 code [0x000001ba129e2140, 0x000001ba129e23c8]
Event: 1949.102 Thread 0x000001ba2b62c2b0 1326       3       java.lang.Integer::equals (29 bytes)
Event: 1949.102 Thread 0x000001ba2b62a900 1325       4       java.util.concurrent.locks.ReentrantLock$Sync::tryRelease (51 bytes)
Event: 1949.102 Thread 0x000001ba2b62c2b0 nmethod 1326 0x000001ba129e2490 code [0x000001ba129e2640, 0x000001ba129e2a38]
Event: 1949.102 Thread 0x000001ba2b62c2b0 1327       3       java.lang.Thread::interrupted (7 bytes)
Event: 1949.103 Thread 0x000001ba2b62c2b0 nmethod 1327 0x000001ba129e2b10 code [0x000001ba129e2cc0, 0x000001ba129e2f28]
Event: 1949.104 Thread 0x000001ba2b62a900 nmethod 1325 0x000001ba1a2e1010 code [0x000001ba1a2e11a0, 0x000001ba1a2e12f8]
Event: 1949.297 Thread 0x000001ba2b62c2b0 1328  s    3       sun.awt.windows.WDesktopProperties::setColorProperty (94 bytes)
Event: 1949.298 Thread 0x000001ba2b62c2b0 nmethod 1328 0x000001ba129e3010 code [0x000001ba129e3280, 0x000001ba129e40e8]
Event: 1949.442 Thread 0x000001ba2b62a900 1329       4       java.lang.String::compareTo (9 bytes)
Event: 1949.443 Thread 0x000001ba2b62c2b0 1330       3       java.awt.Color::equals (27 bytes)
Event: 1949.444 Thread 0x000001ba2b62c2b0 nmethod 1330 0x000001ba129e4510 code [0x000001ba129e46c0, 0x000001ba129e4b98]
Event: 1949.444 Thread 0x000001ba2b62a900 nmethod 1329 0x000001ba1a2e1410 code [0x000001ba1a2e15a0, 0x000001ba1a2e17d8]
Event: 1949.444 Thread 0x000001ba2b62a900 1331       4       java.util.concurrent.locks.ReentrantLock::lock (8 bytes)

GC Heap History (0 events):
No events

Dll operation events (10 events):
Event: 0.015 Loaded shared library C:\Program Files\Java\jdk-19\bin\java.dll
Event: 0.033 Loaded shared library C:\Program Files\Java\jdk-19\bin\jsvml.dll
Event: 0.139 Loaded shared library C:\Program Files\Java\jdk-19\bin\net.dll
Event: 0.143 Loaded shared library C:\Program Files\Java\jdk-19\bin\nio.dll
Event: 0.222 Loaded shared library C:\Program Files\Java\jdk-19\bin\jimage.dll
Event: 0.258 Loaded shared library C:\Program Files\Java\jdk-19\bin\awt.dll
Event: 0.674 Loaded shared library C:\Program Files\Java\jdk-19\bin\zip.dll
Event: 0.765 Loaded shared library C:\Program Files\Java\jdk-19\bin\javajpeg.dll
Event: 0.925 Loaded shared library C:\Program Files\Java\jdk-19\bin\freetype.dll
Event: 0.927 Loaded shared library C:\Program Files\Java\jdk-19\bin\fontmanager.dll

Deoptimization events (20 events):
Event: 1.215 Thread 0x000001ba2b62d5d0 Uncommon trap: trap_request=0xffffff45 fr.pc=0x000001ba1a2c112c relative=0x00000000000004ec
Event: 1.215 Thread 0x000001ba2b62d5d0 Uncommon trap: reason=unstable_if action=reinterpret pc=0x000001ba1a2c112c method=java.lang.StringLatin1.toLowerCase(Ljava/lang/String;[BLjava/util/Locale;)Ljava/lang/String; @ 43 c2
Event: 1.215 Thread 0x000001ba2b62d5d0 DEOPT PACKING pc=0x000001ba1a2c112c sp=0x0000006d4befd150
Event: 1.215 Thread 0x000001ba2b62d5d0 DEOPT UNPACKING pc=0x000001ba19d46da3 sp=0x0000006d4befd0c0 mode 2
Event: 1.714 Thread 0x000001ba2b62d5d0 Uncommon trap: trap_request=0xffffff45 fr.pc=0x000001ba1a28aebc relative=0x000000000000009c
Event: 1.714 Thread 0x000001ba2b62d5d0 Uncommon trap: reason=unstable_if action=reinterpret pc=0x000001ba1a28aebc method=java.lang.String.isLatin1()Z @ 10 c2
Event: 1.714 Thread 0x000001ba2b62d5d0 DEOPT PACKING pc=0x000001ba1a28aebc sp=0x0000006d4befd190
Event: 1.714 Thread 0x000001ba2b62d5d0 DEOPT UNPACKING pc=0x000001ba19d46da3 sp=0x0000006d4befd0c0 mode 2
Event: 1.777 Thread 0x000001ba2b62d5d0 Uncommon trap: trap_request=0xffffff45 fr.pc=0x000001ba1a2ce5d8 relative=0x0000000000000418
Event: 1.777 Thread 0x000001ba2b62d5d0 Uncommon trap: reason=unstable_if action=reinterpret pc=0x000001ba1a2ce5d8 method=java.lang.Character.isSurrogate(C)Z @ 3 c2
Event: 1.777 Thread 0x000001ba2b62d5d0 DEOPT PACKING pc=0x000001ba1a2ce5d8 sp=0x0000006d4befce50
Event: 1.777 Thread 0x000001ba2b62d5d0 DEOPT UNPACKING pc=0x000001ba19d46da3 sp=0x0000006d4befcd78 mode 2
Event: 1949.101 Thread 0x000001ba2b62d080 Uncommon trap: trap_request=0xffffffbe fr.pc=0x000001ba1a2e05d0 relative=0x0000000000000330
Event: 1949.101 Thread 0x000001ba2b62d080 Uncommon trap: reason=profile_predicate action=maybe_recompile pc=0x000001ba1a2e05d0 method=java.util.HashMap.keysToArray([Ljava/lang/Object;)[Ljava/lang/Object; @ 36 c2
Event: 1949.101 Thread 0x000001ba2b62d080 DEOPT PACKING pc=0x000001ba1a2e05d0 sp=0x0000006d4bcfe330
Event: 1949.101 Thread 0x000001ba2b62d080 DEOPT UNPACKING pc=0x000001ba19d46da3 sp=0x0000006d4bcfe2e0 mode 2
Event: 1949.442 Thread 0x000001ba2b62d080 Uncommon trap: trap_request=0xffffffbe fr.pc=0x000001ba1a2e05d0 relative=0x0000000000000330
Event: 1949.442 Thread 0x000001ba2b62d080 Uncommon trap: reason=profile_predicate action=maybe_recompile pc=0x000001ba1a2e05d0 method=java.util.HashMap.keysToArray([Ljava/lang/Object;)[Ljava/lang/Object; @ 36 c2
Event: 1949.442 Thread 0x000001ba2b62d080 DEOPT PACKING pc=0x000001ba1a2e05d0 sp=0x0000006d4bcfe330
Event: 1949.442 Thread 0x000001ba2b62d080 DEOPT UNPACKING pc=0x000001ba19d46da3 sp=0x0000006d4bcfe2e0 mode 2

Classes loaded (20 events):
Event: 1.947 Loading class javax/swing/TimerQueue$DelayedTimer
Event: 1.947 Loading class java/util/concurrent/Delayed
Event: 1.947 Loading class java/util/concurrent/Delayed done
Event: 1.947 Loading class javax/swing/TimerQueue$DelayedTimer done
Event: 1.948 Loading class java/util/concurrent/TimeUnit$1
Event: 1.948 Loading class java/util/concurrent/TimeUnit$1 done
Event: 2.146 Loading class java/util/concurrent/locks/AbstractQueuedSynchronizer$ExclusiveNode
Event: 2.146 Loading class java/util/concurrent/locks/AbstractQueuedSynchronizer$ExclusiveNode done
Event: 2.452 Loading class javax/swing/Timer$1
Event: 2.452 Loading class javax/swing/Timer$1 done
Event: 2.686 Loading class java/awt/LightweightDispatcher$2
Event: 2.686 Loading class java/awt/LightweightDispatcher$2 done
Event: 3.045 Loading class java/awt/KeyboardFocusManager$2
Event: 3.045 Loading class java/awt/KeyboardFocusManager$2 done
Event: 3.046 Loading class sun/awt/SunToolkit$1
Event: 3.046 Loading class sun/awt/SunToolkit$1 done
Event: 419.540 Loading class java/awt/desktop/SystemSleepListener
Event: 419.540 Loading class java/awt/desktop/SystemEventListener
Event: 419.540 Loading class java/awt/desktop/SystemEventListener done
Event: 419.540 Loading class java/awt/desktop/SystemSleepListener done

Classes unloaded (0 events):
No events

Classes redefined (0 events):
No events

Internal exceptions (17 events):
Event: 0.146 Thread 0x000001ba0a847470 Exception <a 'sun/nio/fs/WindowsException'{0x000000074da73630}> (0x000000074da73630) 
thrown [s\open\src\hotspot\share\prims\jni.cpp, line 517]
Event: 0.146 Thread 0x000001ba0a847470 Exception <a 'sun/nio/fs/WindowsException'{0x000000074da73be8}> (0x000000074da73be8) 
thrown [s\open\src\hotspot\share\prims\jni.cpp, line 517]
Event: 0.150 Thread 0x000001ba0a847470 Exception <a 'sun/nio/fs/WindowsException'{0x000000074da761a0}> (0x000000074da761a0) 
thrown [s\open\src\hotspot\share\prims\jni.cpp, line 517]
Event: 0.150 Thread 0x000001ba0a847470 Exception <a 'sun/nio/fs/WindowsException'{0x000000074da76d20}> (0x000000074da76d20) 
thrown [s\open\src\hotspot\share\prims\jni.cpp, line 517]
Event: 0.235 Thread 0x000001ba0a847470 Exception <a 'java/lang/ClassNotFoundException'{0x000000074db14bf0}: sun/awt/resources/spi/awtProvider> (0x000000074db14bf0) 
thrown [s\open\src\hotspot\share\classfile\systemDictionary.cpp, line 255]
Event: 0.288 Thread 0x000001ba0a847470 Exception <a 'java/io/FileNotFoundException'{0x000000074db6c3b8}> (0x000000074db6c3b8) 
thrown [s\open\src\hotspot\share\prims\jni.cpp, line 517]
Event: 0.300 Thread 0x000001ba0a847470 Exception <a 'java/io/FileNotFoundException'{0x000000074db988e8}> (0x000000074db988e8) 
thrown [s\open\src\hotspot\share\prims\jni.cpp, line 517]
Event: 0.389 Thread 0x000001ba0a847470 Exception <a 'java/lang/NoSuchMethodError'{0x000000074dbdd6d0}: 'java.lang.Object java.lang.invoke.DirectMethodHandle$Holder.invokeStaticInit(java.lang.Object)'> (0x000000074dbdd6d0) 
thrown [s\open\src\hotspot\share\interpreter\linkResolver.cpp, line 774]
Event: 0.479 Thread 0x000001ba0a847470 Exception <a 'java/lang/NoSuchMethodError'{0x000000074d913fb0}: 'void java.lang.invoke.DirectMethodHandle$Holder.invokeSpecial(java.lang.Object, java.lang.Object, java.lang.Object)'> (0x000000074d913fb0) 
thrown [s\open\src\hotspot\share\interpreter\linkResolver.cpp, line 774]
Event: 0.501 Thread 0x000001ba0a847470 Exception <a 'java/lang/NoSuchMethodError'{0x000000074d93eaf8}: 'java.lang.Object java.lang.invoke.DirectMethodHandle$Holder.newInvokeSpecial(java.lang.Object, java.lang.Object, java.lang.Object, java.lang.Object, java.lang.Object)'> (0x000000074d93eaf8) 
thrown [s\open\src\hotspot\share\interpreter\linkResolver.cpp, line 774]
Event: 0.518 Thread 0x000001ba0a847470 Exception <a 'java/lang/NoSuchMethodError'{0x000000074d970458}: 'java.lang.Object java.lang.invoke.DirectMethodHandle$Holder.invokeStatic(java.lang.Object, int, java.lang.Object)'> (0x000000074d970458) 
thrown [s\open\src\hotspot\share\interpreter\linkResolver.cpp, line 774]
Event: 0.586 Thread 0x000001ba0a847470 Exception <a 'java/lang/ClassNotFoundException'{0x000000074d62bde0}: com/sun/swing/internal/plaf/metal/resources/spi/metalProvider> (0x000000074d62bde0) 
thrown [s\open\src\hotspot\share\classfile\systemDictionary.cpp, line 255]
Event: 0.589 Thread 0x000001ba0a847470 Exception <a 'java/lang/ClassNotFoundException'{0x000000074d62fd10}: com/sun/swing/internal/plaf/basic/resources/spi/basicProvider> (0x000000074d62fd10) 
thrown [s\open\src\hotspot\share\classfile\systemDictionary.cpp, line 255]
Event: 0.614 Thread 0x000001ba0a847470 Exception <a 'java/lang/NoSuchMethodError'{0x000000074d64f980}: 'int java.lang.invoke.Invokers$Holder.invokeExact_MT(java.lang.Object, java.lang.Object)'> (0x000000074d64f980) 
thrown [s\open\src\hotspot\share\interpreter\linkResolver.cpp, line 774]
Event: 0.769 Thread 0x000001ba2b62db20 Exception <a 'java/lang/NoSuchMethodError'{0x000000074d407ff8}: 'java.lang.Object java.lang.invoke.DirectMethodHandle$Holder.newInvokeSpecial(java.lang.Object, java.lang.Object, java.lang.Object, int, int, int, int, int)'> (0x000000074d407ff8) 
thrown [s\open\src\hotspot\share\interpreter\linkResolver.cpp, line 774]
Event: 0.887 Thread 0x000001ba2b62d080 Exception <a 'java/lang/NoSuchMethodError'{0x000000074d880f88}: 'void java.lang.invoke.DirectMethodHandle$Holder.invokeVirtual(java.lang.Object, java.lang.Object)'> (0x000000074d880f88) 
thrown [s\open\src\hotspot\share\interpreter\linkResolver.cpp, line 774]
Event: 0.916 Thread 0x000001ba0a847470 Exception <a 'java/lang/NoSuchMethodError'{0x000000074d58e2e0}: 'void java.lang.invoke.DirectMethodHandle$Holder.invokeStaticInit(java.lang.Object)'> (0x000000074d58e2e0) 
thrown [s\open\src\hotspot\share\interpreter\linkResolver.cpp, line 774]

VM Operations (20 events):
Event: 0.315 Executing VM operation: HandshakeAllThreads
Event: 0.315 Executing VM operation: HandshakeAllThreads done
Event: 0.738 Executing VM operation: HandshakeAllThreads
Event: 0.738 Executing VM operation: HandshakeAllThreads done
Event: 0.850 Executing VM operation: HandshakeAllThreads
Event: 0.851 Executing VM operation: HandshakeAllThreads done
Event: 1.086 Executing VM operation: HandshakeAllThreads
Event: 1.087 Executing VM operation: HandshakeAllThreads done
Event: 1.087 Executing VM operation: Cleanup
Event: 1.087 Executing VM operation: Cleanup done
Event: 1.119 Executing VM operation: HandshakeAllThreads
Event: 1.119 Executing VM operation: HandshakeAllThreads done
Event: 2.123 Executing VM operation: Cleanup
Event: 2.124 Executing VM operation: Cleanup done
Event: 3.136 Executing VM operation: Cleanup
Event: 3.136 Executing VM operation: Cleanup done
Event: 98.029 Executing VM operation: Cleanup
Event: 98.029 Executing VM operation: Cleanup done
Event: 1945.285 Executing VM operation: Cleanup
Event: 1945.285 Executing VM operation: Cleanup done

Events (20 events):
Event: 0.057 Thread 0x000001ba2b60de90 Thread added: 0x000001ba2b60de90
Event: 0.058 Thread 0x000001ba2b60e9d0 Thread added: 0x000001ba2b60e9d0
Event: 0.058 Thread 0x000001ba2b618be0 Thread added: 0x000001ba2b618be0
Event: 0.059 Thread 0x000001ba2b619920 Thread added: 0x000001ba2b619920
Event: 0.059 Thread 0x000001ba2b61a250 Thread added: 0x000001ba2b61a250
Event: 0.059 Thread 0x000001ba2b61cfa0 Thread added: 0x000001ba2b61cfa0
Event: 0.059 Thread 0x000001ba2b62a900 Thread added: 0x000001ba2b62a900
Event: 0.059 Thread 0x000001ba2b62c2b0 Thread added: 0x000001ba2b62c2b0
Event: 0.059 Thread 0x000001ba2b62e070 Thread added: 0x000001ba2b62e070
Event: 0.110 Thread 0x000001ba2b62eb10 Thread added: 0x000001ba2b62eb10
Event: 0.188 Thread 0x000001ba2b62e5c0 Thread added: 0x000001ba2b62e5c0
Event: 0.391 Thread 0x000001ba2b630050 Thread added: 0x000001ba2b630050
Event: 0.393 Thread 0x000001ba2b6305a0 Thread added: 0x000001ba2b6305a0
Event: 0.398 Thread 0x000001ba2b62d080 Thread added: 0x000001ba2b62d080
Event: 0.631 Thread 0x000001ba2b62db20 Thread added: 0x000001ba2b62db20
Event: 0.885 Thread 0x000001ba2b62d5d0 Thread added: 0x000001ba2b62d5d0
Event: 1.085 Thread 0x000001ba0a847470 Thread exited: 0x000001ba0a847470
Event: 1.085 Thread 0x000001ba2b62f5b0 Thread added: 0x000001ba2b62f5b0
Event: 1.947 Thread 0x000001ba2b62f060 Thread added: 0x000001ba2b62f060
Event: 5.814 Thread 0x000001ba2b62db20 Thread exited: 0x000001ba2b62db20


Dynamic libraries:
0x00007ff787000000 - 0x00007ff787010000 	C:\Program Files\Java\jdk-19\bin\java.exe
0x00007ffd39a10000 - 0x00007ffd39c24000 	C:\WINDOWS\SYSTEM32\ntdll.dll
0x00007ffd37af0000 - 0x00007ffd37bb3000 	C:\WINDOWS\System32\KERNEL32.DLL
0x00007ffd37290000 - 0x00007ffd3762c000 	C:\WINDOWS\System32\KERNELBASE.dll
0x00007ffd36f40000 - 0x00007ffd37051000 	C:\WINDOWS\System32\ucrtbase.dll
0x00007ffd22a60000 - 0x00007ffd22a7b000 	C:\Program Files\Java\jdk-19\bin\VCRUNTIME140.dll
0x00007ffd248c0000 - 0x00007ffd248d8000 	C:\Program Files\Java\jdk-19\bin\jli.dll
0x00007ffd379e0000 - 0x00007ffd37a8e000 	C:\WINDOWS\System32\ADVAPI32.dll
0x00007ffd39070000 - 0x00007ffd39117000 	C:\WINDOWS\System32\msvcrt.dll
0x00007ffd38d00000 - 0x00007ffd38da4000 	C:\WINDOWS\System32\sechost.dll
0x00007ffd39640000 - 0x00007ffd39755000 	C:\WINDOWS\System32\RPCRT4.dll
0x00007ffd37f50000 - 0x00007ffd380fd000 	C:\WINDOWS\System32\USER32.dll
0x00007ffd36e50000 - 0x00007ffd36e76000 	C:\WINDOWS\System32\win32u.dll
0x00007ffd39860000 - 0x00007ffd39889000 	C:\WINDOWS\System32\GDI32.dll
0x00007ffd1b7d0000 - 0x00007ffd1ba5e000 	C:\WINDOWS\WinSxS\amd64_microsoft.windows.common-controls_6595b64144ccf1df_6.0.22621.608_none_a9444ca7c10bb01d\COMCTL32.dll
0x00007ffd37170000 - 0x00007ffd37282000 	C:\WINDOWS\System32\gdi32full.dll
0x00007ffd370d0000 - 0x00007ffd3716a000 	C:\WINDOWS\System32\msvcp_win.dll
0x00007ffd2f5c0000 - 0x00007ffd2f5ca000 	C:\WINDOWS\SYSTEM32\VERSION.dll
0x00007ffd398b0000 - 0x00007ffd398e2000 	C:\WINDOWS\System32\IMM32.DLL
0x00007ffd22270000 - 0x00007ffd2227c000 	C:\Program Files\Java\jdk-19\bin\vcruntime140_1.dll
0x00007ffd26570000 - 0x00007ffd265fe000 	C:\Program Files\Java\jdk-19\bin\msvcp140.dll
0x00007ffcd72a0000 - 0x00007ffcd7f60000 	C:\Program Files\Java\jdk-19\bin\server\jvm.dll
0x00007ffd22a50000 - 0x00007ffd22a59000 	C:\WINDOWS\SYSTEM32\WSOCK32.dll
0x00007ffd30ac0000 - 0x00007ffd30af4000 	C:\WINDOWS\SYSTEM32\WINMM.dll
0x00007ffd38ff0000 - 0x00007ffd39061000 	C:\WINDOWS\System32\WS2_32.dll
0x00007ffd35e60000 - 0x00007ffd35e78000 	C:\WINDOWS\SYSTEM32\kernel.appcore.dll
0x00007ffd205f0000 - 0x00007ffd205fa000 	C:\Program Files\Java\jdk-19\bin\jimage.dll
0x00007ffd34800000 - 0x00007ffd34a2e000 	C:\WINDOWS\SYSTEM32\DBGHELP.DLL
0x00007ffd37bc0000 - 0x00007ffd37f4a000 	C:\WINDOWS\System32\combase.dll
0x00007ffd398f0000 - 0x00007ffd399c7000 	C:\WINDOWS\System32\OLEAUT32.dll
0x00007ffd251e0000 - 0x00007ffd25212000 	C:\WINDOWS\SYSTEM32\dbgcore.DLL
0x00007ffd377a0000 - 0x00007ffd3781b000 	C:\WINDOWS\System32\bcryptPrimitives.dll
0x00007ffcfafe0000 - 0x00007ffcfb006000 	C:\Program Files\Java\jdk-19\bin\java.dll
0x00007ffcddb70000 - 0x00007ffcddc47000 	C:\Program Files\Java\jdk-19\bin\jsvml.dll
0x00007ffd381f0000 - 0x00007ffd389df000 	C:\WINDOWS\System32\SHELL32.dll
0x00007ffd34e20000 - 0x00007ffd356e8000 	C:\WINDOWS\SYSTEM32\windows.storage.dll
0x00007ffd34ce0000 - 0x00007ffd34e1e000 	C:\WINDOWS\SYSTEM32\wintypes.dll
0x00007ffd389e0000 - 0x00007ffd38ad1000 	C:\WINDOWS\System32\SHCORE.dll
0x00007ffd38ee0000 - 0x00007ffd38f3e000 	C:\WINDOWS\System32\shlwapi.dll
0x00007ffd36d80000 - 0x00007ffd36da1000 	C:\WINDOWS\SYSTEM32\profapi.dll
0x00007ffd0bbb0000 - 0x00007ffd0bbc3000 	C:\Program Files\Java\jdk-19\bin\net.dll
0x00007ffd30460000 - 0x00007ffd3058f000 	C:\WINDOWS\SYSTEM32\WINHTTP.dll
0x00007ffd362d0000 - 0x00007ffd36339000 	C:\WINDOWS\system32\mswsock.dll
0x00007ffd0b960000 - 0x00007ffd0b976000 	C:\Program Files\Java\jdk-19\bin\nio.dll
0x00007ffcd7100000 - 0x00007ffcd7291000 	C:\Program Files\Java\jdk-19\bin\awt.dll
0x00007ffd33e80000 - 0x00007ffd33f17000 	C:\WINDOWS\SYSTEM32\apphelp.dll
0x00007ffd343a0000 - 0x00007ffd343cb000 	C:\WINDOWS\system32\DWMAPI.DLL
0x00007ffd34060000 - 0x00007ffd3410b000 	C:\WINDOWS\system32\uxtheme.dll
0x00007ffd20e90000 - 0x00007ffd20f90000 	C:\WINDOWS\system32\opengl32.dll
0x00007ffd24380000 - 0x00007ffd243ad000 	C:\WINDOWS\SYSTEM32\GLU32.dll
0x00007ffd34160000 - 0x00007ffd34196000 	C:\WINDOWS\SYSTEM32\dxcore.dll
0x00007ffd38db0000 - 0x00007ffd38ece000 	C:\WINDOWS\System32\MSCTF.dll
0x00007ffd38b60000 - 0x00007ffd38cfc000 	C:\WINDOWS\System32\ole32.dll
0x00007ffd0a640000 - 0x00007ffd0a658000 	C:\Program Files\Java\jdk-19\bin\zip.dll
0x00007ffd2d9c0000 - 0x00007ffd2d9ee000 	C:\Program Files\Java\jdk-19\bin\javajpeg.dll
0x00007ffcdbc90000 - 0x00007ffcdbd16000 	C:\Program Files\Java\jdk-19\bin\freetype.dll
0x00007ffcd6f60000 - 0x00007ffcd7026000 	C:\Program Files\Java\jdk-19\bin\fontmanager.dll
0x00007ffd38f40000 - 0x00007ffd38ff0000 	C:\WINDOWS\System32\clbcatq.dll
0x00007ffd327d0000 - 0x00007ffd32980000 	C:\WINDOWS\SYSTEM32\WindowsCodecs.dll
0x00007ffd151c0000 - 0x00007ffd1521e000 	C:\WINDOWS\system32\dataexchange.dll
0x00007ffd30830000 - 0x00007ffd30a9a000 	C:\WINDOWS\system32\twinapi.appcore.dll
0x00007ffd25f40000 - 0x00007ffd2606d000 	C:\WINDOWS\SYSTEM32\textinputframework.dll
0x00007ffd33a90000 - 0x00007ffd33bc3000 	C:\WINDOWS\SYSTEM32\CoreMessaging.dll
0x00007ffd30b50000 - 0x00007ffd30ebc000 	C:\WINDOWS\SYSTEM32\CoreUIComponents.dll
0x00007ffd36560000 - 0x00007ffd3656c000 	C:\WINDOWS\SYSTEM32\CRYPTBASE.DLL

dbghelp: loaded successfully - version: 4.0.5 - missing functions: none
symbol engine: initialized successfully - sym options: 0x614 - pdb path: .;C:\Program Files\Java\jdk-19\bin;C:\WINDOWS\SYSTEM32;C:\WINDOWS\WinSxS\amd64_microsoft.windows.common-controls_6595b64144ccf1df_6.0.22621.608_none_a9444ca7c10bb01d;C:\Program Files\Java\jdk-19\bin\server

VM Arguments:
jvm_args: -Dfile.encoding=UTF-8 --module-path=C:\Users\Ajinkya\OneDrive\Documents\NetBeansProjects\bank management system\build\classes 
java_command: bank.management.system.Login
java_class_path (initial): C:\Users\Ajinkya\OneDrive\Documents\NetBeansProjects\bank management system\build\classes
Launcher Type: SUN_STANDARD

[Global flags]
     intx CICompilerCount                          = 4                                         {product} {ergonomic}
     uint ConcGCThreads                            = 2                                         {product} {ergonomic}
     uint G1ConcRefinementThreads                  = 8                                         {product} {ergonomic}
   size_t G1HeapRegionSize                         = 2097152                                   {product} {ergonomic}
    uintx GCDrainStackTargetSize                   = 64                                        {product} {ergonomic}
   size_t InitialHeapSize                          = 201326592                                 {product} {ergonomic}
   size_t MarkStackSize                            = 4194304                                   {product} {ergonomic}
   size_t MaxHeapSize                              = 3189768192                                {product} {ergonomic}
   size_t MaxNewSize                               = 1912602624                                {product} {ergonomic}
   size_t MinHeapDeltaBytes                        = 2097152                                   {product} {ergonomic}
   size_t MinHeapSize                              = 8388608                                   {product} {ergonomic}
    uintx NonNMethodCodeHeapSize                   = 5839372                                {pd product} {ergonomic}
    uintx NonProfiledCodeHeapSize                  = 122909434                              {pd product} {ergonomic}
    uintx ProfiledCodeHeapSize                     = 122909434                              {pd product} {ergonomic}
    uintx ReservedCodeCacheSize                    = 251658240                              {pd product} {ergonomic}
     bool SegmentedCodeCache                       = true                                      {product} {ergonomic}
   size_t SoftMaxHeapSize                          = 3189768192                             {manageable} {ergonomic}
     bool UseCompressedClassPointers               = true                           {product lp64_product} {ergonomic}
     bool UseCompressedOops                        = true                           {product lp64_product} {ergonomic}
     bool UseG1GC                                  = true                                      {product} {ergonomic}
     bool UseLargePagesIndividualAllocation        = false                                  {pd product} {ergonomic}

Logging:
Log output configuration:
 #0: stdout all=warning uptime,level,tags foldmultilines=false
 #1: stderr all=off uptime,level,tags foldmultilines=false

Environment Variables:
CLASSPATH=C:\Program Files\MySQL\JDBC JAR Files;.;
PATH=C:\Program Files\Common Files\Oracle\Java\javapath;C:\WINDOWS\system32;C:\WINDOWS;C:\WINDOWS\System32\Wbem;C:\WINDOWS\System32\WindowsPowerShell\v1.0\;C:\WINDOWS\System32\OpenSSH\;C:\MinGW\bin;C:\Program Files\nodejs\;C:\Program Files\nodejs;C:\Program Files\MySQL\MySQL Server 8.0\bin;C:\Program Files\Git\cmd;C:\Program Files\Java\jdk-19\bin;C:\Program Files\MySQL\MySQL Shell 8.0\bin\;C:\Users\Ajinkya\AppData\Local\Programs\Python\Python310\Scripts\;C:\Users\Ajinkya\AppData\Local\Programs\Python\Python310\;C:\Users\Ajinkya\AppData\Local\Microsoft\WindowsApps;C:\Program Files (x86)\mingw-w64\i686-8.1.0-posix-dwarf-rt_v6-rev0\mingw32\bin;C:\Users\Ajinkya\AppData\Local\Programs\Microsoft VS Code\bin;C:\Users\Ajinkya\AppData\Roaming\npm;
USERNAME=Ajinkya
OS=Windows_NT
PROCESSOR_IDENTIFIER=Intel64 Family 6 Model 142 Stepping 12, GenuineIntel
TMP=C:\Users\Ajinkya\AppData\Local\Temp
TEMP=C:\Users\Ajinkya\AppData\Local\Temp



---------------  S Y S T E M  ---------------

OS:
 Windows 11 , 64 bit Build 22621 (10.0.22621.1194)
OS uptime: 0 days 20:36 hours
Hyper-V role detected

CPU: total 8 (initial active 8) (4 cores per cpu, 2 threads per core) family 6 model 142 stepping 12 microcode 0xea, cx8, cmov, fxsr, ht, mmx, 3dnowpref, sse, sse2, sse3, ssse3, sse4.1, sse4.2, popcnt, lzcnt, tsc, tscinvbit, avx, avx2, aes, erms, clmul, bmi1, bmi2, adx, fma, vzeroupper, clflush, clflushopt, hv, rdtscp

Memory: 4k page, system-wide physical 12166M (1927M free)
TotalPageFile size 42573M (AvailPageFile size 0M)
current process WorkingSet (physical memory assigned to process): 77M, peak: 85M
current process commit charge ("private bytes"): 293M, peak: 303M

vm_info: Java HotSpot(TM) 64-Bit Server VM (19.0.2+7-44) for windows-amd64 JRE (19.0.2+7-44), built on 2022-11-30T18:02:09Z by "mach5one" with MS VC++ 17.1 (VS2022)

END.
